{"/Users/twin1/Documents/Glamora/glamora-app/src/components/AdvancedSearchModal.tsx": {"path":"/Users/twin1/Documents/Glamora/glamora-app/src/components/AdvancedSearchModal.tsx","statementMap":{"0":{"start":{"line":36,"column":38},"end":{"line":38,"column":3}},"1":{"start":{"line":39,"column":36},"end":{"line":39,"column":76}},"2":{"start":{"line":40,"column":40},"end":{"line":40,"column":83}},"3":{"start":{"line":41,"column":42},"end":{"line":43,"column":3}},"4":{"start":{"line":44,"column":30},"end":{"line":46,"column":3}},"5":{"start":{"line":47,"column":38},"end":{"line":47,"column":83}},"6":{"start":{"line":49,"column":22},"end":{"line":59,"column":3}},"7":{"start":{"line":50,"column":4},"end":{"line":57,"column":7}},"8":{"start":{"line":58,"column":4},"end":{"line":58,"column":14}},"9":{"start":{"line":61,"column":22},"end":{"line":68,"column":3}},"10":{"start":{"line":62,"column":4},"end":{"line":62,"column":28}},"11":{"start":{"line":63,"column":4},"end":{"line":63,"column":20}},"12":{"start":{"line":64,"column":4},"end":{"line":64,"column":23}},"13":{"start":{"line":65,"column":4},"end":{"line":65,"column":27}},"14":{"start":{"line":66,"column":4},"end":{"line":66,"column":24}},"15":{"start":{"line":67,"column":4},"end":{"line":67,"column":25}},"16":{"start":{"line":70,"column":24},"end":{"line":76,"column":3}},"17":{"start":{"line":78,"column":30},"end":{"line":83,"column":3}},"18":{"start":{"line":85,"column":22},"end":{"line":91,"column":3}},"19":{"start":{"line":93,"column":2},"end":{"line":264,"column":4}},"20":{"start":{"line":120,"column":44},"end":{"line":120,"column":81}},"21":{"start":{"line":131,"column":44},"end":{"line":131,"column":81}},"22":{"start":{"line":144,"column":18},"end":{"line":160,"column":37}},"23":{"start":{"line":150,"column":35},"end":{"line":150,"column":61}},"24":{"start":{"line":187,"column":18},"end":{"line":203,"column":37}},"25":{"start":{"line":193,"column":35},"end":{"line":193,"column":71}},"26":{"start":{"line":212,"column":16},"end":{"line":229,"column":35}},"27":{"start":{"line":218,"column":33},"end":{"line":218,"column":63}},"28":{"start":{"line":237,"column":31},"end":{"line":237,"column":57}},"29":{"start":{"line":267,"column":15},"end":{"line":460,"column":2}}},"fnMap":{"0":{"name":"AdvancedSearchModal","decl":{"start":{"line":30,"column":24},"end":{"line":30,"column":43}},"loc":{"start":{"line":35,"column":29},"end":{"line":265,"column":1}},"line":35},"1":{"name":"(anonymous_1)","decl":{"start":{"line":49,"column":22},"end":{"line":49,"column":23}},"loc":{"start":{"line":49,"column":28},"end":{"line":59,"column":3}},"line":49},"2":{"name":"(anonymous_2)","decl":{"start":{"line":61,"column":22},"end":{"line":61,"column":23}},"loc":{"start":{"line":61,"column":28},"end":{"line":68,"column":3}},"line":61},"3":{"name":"(anonymous_3)","decl":{"start":{"line":120,"column":33},"end":{"line":120,"column":34}},"loc":{"start":{"line":120,"column":44},"end":{"line":120,"column":81}},"line":120},"4":{"name":"(anonymous_4)","decl":{"start":{"line":131,"column":33},"end":{"line":131,"column":34}},"loc":{"start":{"line":131,"column":44},"end":{"line":131,"column":81}},"line":131},"5":{"name":"(anonymous_5)","decl":{"start":{"line":143,"column":35},"end":{"line":143,"column":36}},"loc":{"start":{"line":144,"column":18},"end":{"line":160,"column":37}},"line":144},"6":{"name":"(anonymous_6)","decl":{"start":{"line":150,"column":29},"end":{"line":150,"column":30}},"loc":{"start":{"line":150,"column":35},"end":{"line":150,"column":61}},"line":150},"7":{"name":"(anonymous_7)","decl":{"start":{"line":186,"column":41},"end":{"line":186,"column":42}},"loc":{"start":{"line":187,"column":18},"end":{"line":203,"column":37}},"line":187},"8":{"name":"(anonymous_8)","decl":{"start":{"line":193,"column":29},"end":{"line":193,"column":30}},"loc":{"start":{"line":193,"column":35},"end":{"line":193,"column":71}},"line":193},"9":{"name":"(anonymous_9)","decl":{"start":{"line":211,"column":31},"end":{"line":211,"column":32}},"loc":{"start":{"line":212,"column":16},"end":{"line":229,"column":35}},"line":212},"10":{"name":"(anonymous_10)","decl":{"start":{"line":218,"column":27},"end":{"line":218,"column":28}},"loc":{"start":{"line":218,"column":33},"end":{"line":218,"column":63}},"line":218},"11":{"name":"(anonymous_11)","decl":{"start":{"line":237,"column":25},"end":{"line":237,"column":26}},"loc":{"start":{"line":237,"column":31},"end":{"line":237,"column":57}},"line":237}},"branchMap":{"0":{"loc":{"start":{"line":37,"column":4},"end":{"line":37,"column":42}},"type":"binary-expr","locations":[{"start":{"line":37,"column":4},"end":{"line":37,"column":30}},{"start":{"line":37,"column":34},"end":{"line":37,"column":42}}],"line":37},"1":{"loc":{"start":{"line":39,"column":45},"end":{"line":39,"column":75}},"type":"binary-expr","locations":[{"start":{"line":39,"column":45},"end":{"line":39,"column":70}},{"start":{"line":39,"column":74},"end":{"line":39,"column":75}}],"line":39},"2":{"loc":{"start":{"line":40,"column":49},"end":{"line":40,"column":82}},"type":"binary-expr","locations":[{"start":{"line":40,"column":49},"end":{"line":40,"column":76}},{"start":{"line":40,"column":80},"end":{"line":40,"column":82}}],"line":40},"3":{"loc":{"start":{"line":42,"column":4},"end":{"line":42,"column":41}},"type":"binary-expr","locations":[{"start":{"line":42,"column":4},"end":{"line":42,"column":32}},{"start":{"line":42,"column":36},"end":{"line":42,"column":41}}],"line":42},"4":{"loc":{"start":{"line":45,"column":4},"end":{"line":45,"column":38}},"type":"binary-expr","locations":[{"start":{"line":45,"column":4},"end":{"line":45,"column":26}},{"start":{"line":45,"column":30},"end":{"line":45,"column":38}}],"line":45},"5":{"loc":{"start":{"line":47,"column":47},"end":{"line":47,"column":82}},"type":"binary-expr","locations":[{"start":{"line":47,"column":47},"end":{"line":47,"column":73}},{"start":{"line":47,"column":77},"end":{"line":47,"column":82}}],"line":47},"6":{"loc":{"start":{"line":148,"column":22},"end":{"line":148,"column":79}},"type":"binary-expr","locations":[{"start":{"line":148,"column":22},"end":{"line":148,"column":48}},{"start":{"line":148,"column":52},"end":{"line":148,"column":79}}],"line":148},"7":{"loc":{"start":{"line":155,"column":24},"end":{"line":155,"column":79}},"type":"binary-expr","locations":[{"start":{"line":155,"column":24},"end":{"line":155,"column":50}},{"start":{"line":155,"column":54},"end":{"line":155,"column":79}}],"line":155},"8":{"loc":{"start":{"line":191,"column":22},"end":{"line":191,"column":82}},"type":"binary-expr","locations":[{"start":{"line":191,"column":22},"end":{"line":191,"column":51}},{"start":{"line":191,"column":55},"end":{"line":191,"column":82}}],"line":191},"9":{"loc":{"start":{"line":198,"column":24},"end":{"line":198,"column":82}},"type":"binary-expr","locations":[{"start":{"line":198,"column":24},"end":{"line":198,"column":53}},{"start":{"line":198,"column":57},"end":{"line":198,"column":82}}],"line":198},"10":{"loc":{"start":{"line":216,"column":20},"end":{"line":216,"column":72}},"type":"binary-expr","locations":[{"start":{"line":216,"column":20},"end":{"line":216,"column":43}},{"start":{"line":216,"column":47},"end":{"line":216,"column":72}}],"line":216},"11":{"loc":{"start":{"line":223,"column":22},"end":{"line":223,"column":78}},"type":"binary-expr","locations":[{"start":{"line":223,"column":22},"end":{"line":223,"column":45}},{"start":{"line":223,"column":49},"end":{"line":223,"column":78}}],"line":223},"12":{"loc":{"start":{"line":228,"column":19},"end":{"line":228,"column":85}},"type":"binary-expr","locations":[{"start":{"line":228,"column":19},"end":{"line":228,"column":42}},{"start":{"line":228,"column":46},"end":{"line":228,"column":85}}],"line":228},"13":{"loc":{"start":{"line":245,"column":45},"end":{"line":245,"column":78}},"type":"binary-expr","locations":[{"start":{"line":245,"column":45},"end":{"line":245,"column":55}},{"start":{"line":245,"column":59},"end":{"line":245,"column":78}}],"line":245},"14":{"loc":{"start":{"line":246,"column":52},"end":{"line":246,"column":90}},"type":"binary-expr","locations":[{"start":{"line":246,"column":52},"end":{"line":246,"column":62}},{"start":{"line":246,"column":66},"end":{"line":246,"column":90}}],"line":246}},"s":{"0":0,"1":0,"2":0,"3":0,"4":0,"5":0,"6":0,"7":0,"8":0,"9":0,"10":0,"11":0,"12":0,"13":0,"14":0,"15":0,"16":0,"17":0,"18":0,"19":0,"20":0,"21":0,"22":0,"23":0,"24":0,"25":0,"26":0,"27":0,"28":0,"29":0},"f":{"0":0,"1":0,"2":0,"3":0,"4":0,"5":0,"6":0,"7":0,"8":0,"9":0,"10":0,"11":0},"b":{"0":[0,0],"1":[0,0],"2":[0,0],"3":[0,0],"4":[0,0],"5":[0,0],"6":[0,0],"7":[0,0],"8":[0,0],"9":[0,0],"10":[0,0],"11":[0,0],"12":[0,0],"13":[0,0],"14":[0,0]}}
,"/Users/twin1/Documents/Glamora/glamora-app/src/components/BookingModal.tsx": {"path":"/Users/twin1/Documents/Glamora/glamora-app/src/components/BookingModal.tsx","statementMap":{"0":{"start":{"line":64,"column":19},"end":{"line":64,"column":28}},"1":{"start":{"line":65,"column":29},"end":{"line":65,"column":40}},"2":{"start":{"line":67,"column":26},"end":{"line":67,"column":83}},"3":{"start":{"line":68,"column":26},"end":{"line":68,"column":38}},"4":{"start":{"line":69,"column":26},"end":{"line":69,"column":38}},"5":{"start":{"line":70,"column":32},"end":{"line":70,"column":44}},"6":{"start":{"line":71,"column":26},"end":{"line":71,"column":38}},"7":{"start":{"line":72,"column":28},"end":{"line":72,"column":40}},"8":{"start":{"line":73,"column":32},"end":{"line":73,"column":44}},"9":{"start":{"line":74,"column":28},"end":{"line":74,"column":40}},"10":{"start":{"line":75,"column":42},"end":{"line":75,"column":57}},"11":{"start":{"line":76,"column":48},"end":{"line":76,"column":63}},"12":{"start":{"line":77,"column":46},"end":{"line":77,"column":70}},"13":{"start":{"line":78,"column":42},"end":{"line":78,"column":57}},"14":{"start":{"line":79,"column":42},"end":{"line":79,"column":64}},"15":{"start":{"line":80,"column":44},"end":{"line":80,"column":59}},"16":{"start":{"line":83,"column":40},"end":{"line":83,"column":55}},"17":{"start":{"line":84,"column":54},"end":{"line":84,"column":92}},"18":{"start":{"line":85,"column":50},"end":{"line":85,"column":97}},"19":{"start":{"line":86,"column":50},"end":{"line":86,"column":62}},"20":{"start":{"line":87,"column":58},"end":{"line":87,"column":71}},"21":{"start":{"line":90,"column":2},"end":{"line":94,"column":29}},"22":{"start":{"line":91,"column":4},"end":{"line":93,"column":5}},"23":{"start":{"line":92,"column":6},"end":{"line":92,"column":25}},"24":{"start":{"line":97,"column":2},"end":{"line":101,"column":26}},"25":{"start":{"line":98,"column":4},"end":{"line":100,"column":5}},"26":{"start":{"line":99,"column":6},"end":{"line":99,"column":31}},"27":{"start":{"line":103,"column":27},"end":{"line":127,"column":3}},"28":{"start":{"line":104,"column":4},"end":{"line":126,"column":5}},"29":{"start":{"line":106,"column":36},"end":{"line":109,"column":39}},"30":{"start":{"line":111,"column":6},"end":{"line":123,"column":7}},"31":{"start":{"line":112,"column":34},"end":{"line":112,"column":36}},"32":{"start":{"line":113,"column":8},"end":{"line":121,"column":11}},"33":{"start":{"line":114,"column":24},"end":{"line":114,"column":52}},"34":{"start":{"line":115,"column":22},"end":{"line":115,"column":48}},"35":{"start":{"line":118,"column":10},"end":{"line":120,"column":11}},"36":{"start":{"line":118,"column":23},"end":{"line":118,"column":38}},"37":{"start":{"line":119,"column":12},"end":{"line":119,"column":56}},"38":{"start":{"line":122,"column":8},"end":{"line":122,"column":33}},"39":{"start":{"line":125,"column":6},"end":{"line":125,"column":59}},"40":{"start":{"line":129,"column":33},"end":{"line":144,"column":3}},"41":{"start":{"line":130,"column":4},"end":{"line":130,"column":26}},"42":{"start":{"line":131,"column":4},"end":{"line":143,"column":5}},"43":{"start":{"line":132,"column":20},"end":{"line":136,"column":7}},"44":{"start":{"line":137,"column":6},"end":{"line":137,"column":31}},"45":{"start":{"line":139,"column":6},"end":{"line":139,"column":56}},"46":{"start":{"line":140,"column":6},"end":{"line":140,"column":66}},"47":{"start":{"line":142,"column":6},"end":{"line":142,"column":29}},"48":{"start":{"line":146,"column":35},"end":{"line":172,"column":3}},"49":{"start":{"line":147,"column":4},"end":{"line":147,"column":29}},"50":{"start":{"line":148,"column":4},"end":{"line":171,"column":5}},"51":{"start":{"line":149,"column":23},"end":{"line":149,"column":49}},"52":{"start":{"line":150,"column":6},"end":{"line":153,"column":7}},"53":{"start":{"line":151,"column":8},"end":{"line":151,"column":34}},"54":{"start":{"line":152,"column":8},"end":{"line":152,"column":15}},"55":{"start":{"line":156,"column":33},"end":{"line":156,"column":69}},"56":{"start":{"line":157,"column":26},"end":{"line":157,"column":56}},"57":{"start":{"line":159,"column":6},"end":{"line":165,"column":7}},"58":{"start":{"line":160,"column":8},"end":{"line":160,"column":39}},"59":{"start":{"line":161,"column":8},"end":{"line":161,"column":34}},"60":{"start":{"line":162,"column":8},"end":{"line":162,"column":36}},"61":{"start":{"line":163,"column":8},"end":{"line":163,"column":40}},"62":{"start":{"line":164,"column":8},"end":{"line":164,"column":77}},"63":{"start":{"line":167,"column":6},"end":{"line":167,"column":60}},"64":{"start":{"line":168,"column":6},"end":{"line":168,"column":66}},"65":{"start":{"line":170,"column":6},"end":{"line":170,"column":32}},"66":{"start":{"line":174,"column":37},"end":{"line":207,"column":3}},"67":{"start":{"line":175,"column":4},"end":{"line":178,"column":5}},"68":{"start":{"line":176,"column":6},"end":{"line":176,"column":79}},"69":{"start":{"line":177,"column":6},"end":{"line":177,"column":13}},"70":{"start":{"line":181,"column":25},"end":{"line":181,"column":39}},"71":{"start":{"line":182,"column":4},"end":{"line":185,"column":5}},"72":{"start":{"line":183,"column":6},"end":{"line":183,"column":65}},"73":{"start":{"line":184,"column":6},"end":{"line":184,"column":13}},"74":{"start":{"line":188,"column":4},"end":{"line":204,"column":5}},"75":{"start":{"line":189,"column":40},"end":{"line":197,"column":7}},"76":{"start":{"line":199,"column":25},"end":{"line":199,"column":58}},"77":{"start":{"line":200,"column":6},"end":{"line":203,"column":7}},"78":{"start":{"line":201,"column":8},"end":{"line":201,"column":67}},"79":{"start":{"line":202,"column":8},"end":{"line":202,"column":15}},"80":{"start":{"line":206,"column":4},"end":{"line":206,"column":23}},"81":{"start":{"line":209,"column":24},"end":{"line":476,"column":3}},"82":{"start":{"line":210,"column":4},"end":{"line":213,"column":5}},"83":{"start":{"line":211,"column":6},"end":{"line":211,"column":79}},"84":{"start":{"line":212,"column":6},"end":{"line":212,"column":13}},"85":{"start":{"line":215,"column":4},"end":{"line":215,"column":26}},"86":{"start":{"line":217,"column":4},"end":{"line":475,"column":5}},"87":{"start":{"line":219,"column":57},"end":{"line":223,"column":17}},"88":{"start":{"line":225,"column":6},"end":{"line":227,"column":7}},"89":{"start":{"line":226,"column":8},"end":{"line":226,"column":54}},"90":{"start":{"line":229,"column":32},"end":{"line":229,"column":46}},"91":{"start":{"line":231,"column":46},"end":{"line":231,"column":50}},"92":{"start":{"line":234,"column":6},"end":{"line":328,"column":7}},"93":{"start":{"line":236,"column":63},"end":{"line":258,"column":19}},"94":{"start":{"line":260,"column":8},"end":{"line":260,"column":49}},"95":{"start":{"line":260,"column":28},"end":{"line":260,"column":49}},"96":{"start":{"line":261,"column":8},"end":{"line":261,"column":46}},"97":{"start":{"line":264,"column":42},"end":{"line":272,"column":9}},"98":{"start":{"line":274,"column":26},"end":{"line":274,"column":59}},"99":{"start":{"line":277,"column":33},"end":{"line":293,"column":11}},"100":{"start":{"line":277,"column":88},"end":{"line":293,"column":9}},"101":{"start":{"line":295,"column":63},"end":{"line":298,"column":19}},"102":{"start":{"line":300,"column":8},"end":{"line":300,"column":49}},"103":{"start":{"line":300,"column":28},"end":{"line":300,"column":49}},"104":{"start":{"line":303,"column":8},"end":{"line":303,"column":39}},"105":{"start":{"line":306,"column":65},"end":{"line":324,"column":19}},"106":{"start":{"line":326,"column":8},"end":{"line":326,"column":45}},"107":{"start":{"line":326,"column":26},"end":{"line":326,"column":45}},"108":{"start":{"line":327,"column":8},"end":{"line":327,"column":40}},"109":{"start":{"line":331,"column":23},"end":{"line":340,"column":8}},"110":{"start":{"line":342,"column":52},"end":{"line":342,"column":73}},"111":{"start":{"line":344,"column":6},"end":{"line":344,"column":54}},"112":{"start":{"line":344,"column":24},"end":{"line":344,"column":54}},"113":{"start":{"line":347,"column":38},"end":{"line":349,"column":8}},"114":{"start":{"line":351,"column":6},"end":{"line":362,"column":7}},"115":{"start":{"line":353,"column":8},"end":{"line":356,"column":36}},"116":{"start":{"line":359,"column":8},"end":{"line":359,"column":81}},"117":{"start":{"line":361,"column":8},"end":{"line":361,"column":27}},"118":{"start":{"line":365,"column":6},"end":{"line":387,"column":7}},"119":{"start":{"line":367,"column":42},"end":{"line":375,"column":9}},"120":{"start":{"line":376,"column":46},"end":{"line":376,"column":98}},"121":{"start":{"line":378,"column":8},"end":{"line":384,"column":10}},"122":{"start":{"line":386,"column":8},"end":{"line":386,"column":76}},"123":{"start":{"line":388,"column":6},"end":{"line":388,"column":58}},"124":{"start":{"line":391,"column":6},"end":{"line":470,"column":8}},"125":{"start":{"line":394,"column":33},"end":{"line":404,"column":12}},"126":{"start":{"line":406,"column":10},"end":{"line":448,"column":11}},"127":{"start":{"line":408,"column":12},"end":{"line":411,"column":40}},"128":{"start":{"line":413,"column":28},"end":{"line":415,"column":108}},"129":{"start":{"line":417,"column":12},"end":{"line":429,"column":14}},"130":{"start":{"line":424,"column":20},"end":{"line":424,"column":32}},"131":{"start":{"line":425,"column":20},"end":{"line":425,"column":34}},"132":{"start":{"line":431,"column":28},"end":{"line":433,"column":137}},"133":{"start":{"line":435,"column":12},"end":{"line":447,"column":14}},"134":{"start":{"line":442,"column":20},"end":{"line":442,"column":32}},"135":{"start":{"line":443,"column":20},"end":{"line":443,"column":34}},"136":{"start":{"line":452,"column":26},"end":{"line":454,"column":79}},"137":{"start":{"line":456,"column":10},"end":{"line":468,"column":12}},"138":{"start":{"line":463,"column":18},"end":{"line":463,"column":30}},"139":{"start":{"line":464,"column":18},"end":{"line":464,"column":32}},"140":{"start":{"line":472,"column":6},"end":{"line":472,"column":45}},"141":{"start":{"line":473,"column":6},"end":{"line":473,"column":83}},"142":{"start":{"line":474,"column":6},"end":{"line":474,"column":25}},"143":{"start":{"line":478,"column":22},"end":{"line":495,"column":3}},"144":{"start":{"line":479,"column":4},"end":{"line":479,"column":23}},"145":{"start":{"line":480,"column":4},"end":{"line":480,"column":16}},"146":{"start":{"line":481,"column":4},"end":{"line":481,"column":16}},"147":{"start":{"line":482,"column":4},"end":{"line":482,"column":19}},"148":{"start":{"line":483,"column":4},"end":{"line":483,"column":16}},"149":{"start":{"line":484,"column":4},"end":{"line":484,"column":17}},"150":{"start":{"line":485,"column":4},"end":{"line":485,"column":19}},"151":{"start":{"line":486,"column":4},"end":{"line":486,"column":17}},"152":{"start":{"line":487,"column":4},"end":{"line":487,"column":27}},"153":{"start":{"line":489,"column":4},"end":{"line":489,"column":26}},"154":{"start":{"line":490,"column":4},"end":{"line":490,"column":36}},"155":{"start":{"line":491,"column":4},"end":{"line":491,"column":45}},"156":{"start":{"line":492,"column":4},"end":{"line":492,"column":28}},"157":{"start":{"line":493,"column":4},"end":{"line":493,"column":33}},"158":{"start":{"line":494,"column":4},"end":{"line":494,"column":14}},"159":{"start":{"line":497,"column":2},"end":{"line":877,"column":4}},"160":{"start":{"line":547,"column":22},"end":{"line":566,"column":41}},"161":{"start":{"line":554,"column":39},"end":{"line":554,"column":75}},"162":{"start":{"line":661,"column":35},"end":{"line":661,"column":63}},"163":{"start":{"line":676,"column":26},"end":{"line":692,"column":45}},"164":{"start":{"line":682,"column":43},"end":{"line":682,"column":70}},"165":{"start":{"line":705,"column":41},"end":{"line":705,"column":81}},"166":{"start":{"line":721,"column":41},"end":{"line":721,"column":71}},"167":{"start":{"line":737,"column":41},"end":{"line":737,"column":69}},"168":{"start":{"line":839,"column":20},"end":{"line":839,"column":58}},"169":{"start":{"line":861,"column":31},"end":{"line":861,"column":49}},"170":{"start":{"line":880,"column":15},"end":{"line":1255,"column":2}}},"fnMap":{"0":{"name":"BookingModal","decl":{"start":{"line":57,"column":24},"end":{"line":57,"column":36}},"loc":{"start":{"line":63,"column":22},"end":{"line":878,"column":1}},"line":63},"1":{"name":"(anonymous_1)","decl":{"start":{"line":90,"column":12},"end":{"line":90,"column":13}},"loc":{"start":{"line":90,"column":18},"end":{"line":94,"column":3}},"line":90},"2":{"name":"(anonymous_2)","decl":{"start":{"line":97,"column":12},"end":{"line":97,"column":13}},"loc":{"start":{"line":97,"column":18},"end":{"line":101,"column":3}},"line":97},"3":{"name":"(anonymous_3)","decl":{"start":{"line":103,"column":27},"end":{"line":103,"column":28}},"loc":{"start":{"line":103,"column":39},"end":{"line":127,"column":3}},"line":103},"4":{"name":"(anonymous_4)","decl":{"start":{"line":113,"column":28},"end":{"line":113,"column":29}},"loc":{"start":{"line":113,"column":41},"end":{"line":121,"column":9}},"line":113},"5":{"name":"(anonymous_5)","decl":{"start":{"line":129,"column":33},"end":{"line":129,"column":34}},"loc":{"start":{"line":129,"column":45},"end":{"line":144,"column":3}},"line":129},"6":{"name":"(anonymous_6)","decl":{"start":{"line":146,"column":35},"end":{"line":146,"column":36}},"loc":{"start":{"line":146,"column":47},"end":{"line":172,"column":3}},"line":146},"7":{"name":"(anonymous_7)","decl":{"start":{"line":174,"column":37},"end":{"line":174,"column":38}},"loc":{"start":{"line":174,"column":43},"end":{"line":207,"column":3}},"line":174},"8":{"name":"(anonymous_8)","decl":{"start":{"line":209,"column":24},"end":{"line":209,"column":25}},"loc":{"start":{"line":209,"column":36},"end":{"line":476,"column":3}},"line":209},"9":{"name":"(anonymous_9)","decl":{"start":{"line":277,"column":47},"end":{"line":277,"column":48}},"loc":{"start":{"line":277,"column":88},"end":{"line":293,"column":9}},"line":277},"10":{"name":"(anonymous_10)","decl":{"start":{"line":392,"column":8},"end":{"line":392,"column":9}},"loc":{"start":{"line":392,"column":20},"end":{"line":449,"column":9}},"line":392},"11":{"name":"(anonymous_11)","decl":{"start":{"line":423,"column":27},"end":{"line":423,"column":28}},"loc":{"start":{"line":423,"column":33},"end":{"line":426,"column":19}},"line":423},"12":{"name":"(anonymous_12)","decl":{"start":{"line":441,"column":27},"end":{"line":441,"column":28}},"loc":{"start":{"line":441,"column":33},"end":{"line":444,"column":19}},"line":441},"13":{"name":"(anonymous_13)","decl":{"start":{"line":450,"column":8},"end":{"line":450,"column":9}},"loc":{"start":{"line":450,"column":14},"end":{"line":469,"column":9}},"line":450},"14":{"name":"(anonymous_14)","decl":{"start":{"line":462,"column":25},"end":{"line":462,"column":26}},"loc":{"start":{"line":462,"column":31},"end":{"line":465,"column":17}},"line":462},"15":{"name":"(anonymous_15)","decl":{"start":{"line":478,"column":22},"end":{"line":478,"column":23}},"loc":{"start":{"line":478,"column":28},"end":{"line":495,"column":3}},"line":478},"16":{"name":"(anonymous_16)","decl":{"start":{"line":546,"column":40},"end":{"line":546,"column":41}},"loc":{"start":{"line":547,"column":22},"end":{"line":566,"column":41}},"line":547},"17":{"name":"(anonymous_17)","decl":{"start":{"line":554,"column":33},"end":{"line":554,"column":34}},"loc":{"start":{"line":554,"column":39},"end":{"line":554,"column":75}},"line":554},"18":{"name":"(anonymous_18)","decl":{"start":{"line":661,"column":29},"end":{"line":661,"column":30}},"loc":{"start":{"line":661,"column":35},"end":{"line":661,"column":63}},"line":661},"19":{"name":"(anonymous_19)","decl":{"start":{"line":675,"column":99},"end":{"line":675,"column":100}},"loc":{"start":{"line":676,"column":26},"end":{"line":692,"column":45}},"line":676},"20":{"name":"(anonymous_20)","decl":{"start":{"line":682,"column":37},"end":{"line":682,"column":38}},"loc":{"start":{"line":682,"column":43},"end":{"line":682,"column":70}},"line":682},"21":{"name":"(anonymous_21)","decl":{"start":{"line":705,"column":35},"end":{"line":705,"column":36}},"loc":{"start":{"line":705,"column":41},"end":{"line":705,"column":81}},"line":705},"22":{"name":"(anonymous_22)","decl":{"start":{"line":721,"column":35},"end":{"line":721,"column":36}},"loc":{"start":{"line":721,"column":41},"end":{"line":721,"column":71}},"line":721},"23":{"name":"(anonymous_23)","decl":{"start":{"line":737,"column":35},"end":{"line":737,"column":36}},"loc":{"start":{"line":737,"column":41},"end":{"line":737,"column":69}},"line":737},"24":{"name":"(anonymous_24)","decl":{"start":{"line":838,"column":32},"end":{"line":838,"column":33}},"loc":{"start":{"line":838,"column":49},"end":{"line":840,"column":19}},"line":838},"25":{"name":"(anonymous_25)","decl":{"start":{"line":861,"column":25},"end":{"line":861,"column":26}},"loc":{"start":{"line":861,"column":31},"end":{"line":861,"column":49}},"line":861}},"branchMap":{"0":{"loc":{"start":{"line":91,"column":4},"end":{"line":93,"column":5}},"type":"if","locations":[{"start":{"line":91,"column":4},"end":{"line":93,"column":5}},{"start":{},"end":{}}],"line":91},"1":{"loc":{"start":{"line":91,"column":8},"end":{"line":91,"column":30}},"type":"binary-expr","locations":[{"start":{"line":91,"column":8},"end":{"line":91,"column":15}},{"start":{"line":91,"column":19},"end":{"line":91,"column":30}}],"line":91},"2":{"loc":{"start":{"line":98,"column":4},"end":{"line":100,"column":5}},"type":"if","locations":[{"start":{"line":98,"column":4},"end":{"line":100,"column":5}},{"start":{},"end":{}}],"line":98},"3":{"loc":{"start":{"line":98,"column":8},"end":{"line":98,"column":27}},"type":"binary-expr","locations":[{"start":{"line":98,"column":8},"end":{"line":98,"column":12}},{"start":{"line":98,"column":16},"end":{"line":98,"column":27}}],"line":98},"4":{"loc":{"start":{"line":111,"column":6},"end":{"line":123,"column":7}},"type":"if","locations":[{"start":{"line":111,"column":6},"end":{"line":123,"column":7}},{"start":{},"end":{}}],"line":111},"5":{"loc":{"start":{"line":150,"column":6},"end":{"line":153,"column":7}},"type":"if","locations":[{"start":{"line":150,"column":6},"end":{"line":153,"column":7}},{"start":{},"end":{}}],"line":150},"6":{"loc":{"start":{"line":159,"column":6},"end":{"line":165,"column":7}},"type":"if","locations":[{"start":{"line":159,"column":6},"end":{"line":165,"column":7}},{"start":{},"end":{}}],"line":159},"7":{"loc":{"start":{"line":175,"column":4},"end":{"line":178,"column":5}},"type":"if","locations":[{"start":{"line":175,"column":4},"end":{"line":178,"column":5}},{"start":{},"end":{}}],"line":175},"8":{"loc":{"start":{"line":175,"column":8},"end":{"line":175,"column":65}},"type":"binary-expr","locations":[{"start":{"line":175,"column":8},"end":{"line":175,"column":13}},{"start":{"line":175,"column":17},"end":{"line":175,"column":22}},{"start":{"line":175,"column":26},"end":{"line":175,"column":34}},{"start":{"line":175,"column":38},"end":{"line":175,"column":43}},{"start":{"line":175,"column":47},"end":{"line":175,"column":53}},{"start":{"line":175,"column":57},"end":{"line":175,"column":65}}],"line":175},"9":{"loc":{"start":{"line":182,"column":4},"end":{"line":185,"column":5}},"type":"if","locations":[{"start":{"line":182,"column":4},"end":{"line":185,"column":5}},{"start":{},"end":{}}],"line":182},"10":{"loc":{"start":{"line":188,"column":4},"end":{"line":204,"column":5}},"type":"if","locations":[{"start":{"line":188,"column":4},"end":{"line":204,"column":5}},{"start":{},"end":{}}],"line":188},"11":{"loc":{"start":{"line":195,"column":17},"end":{"line":195,"column":46}},"type":"binary-expr","locations":[{"start":{"line":195,"column":17},"end":{"line":195,"column":33}},{"start":{"line":195,"column":37},"end":{"line":195,"column":46}}],"line":195},"12":{"loc":{"start":{"line":196,"column":24},"end":{"line":196,"column":89}},"type":"cond-expr","locations":[{"start":{"line":196,"column":47},"end":{"line":196,"column":77}},{"start":{"line":196,"column":80},"end":{"line":196,"column":89}}],"line":196},"13":{"loc":{"start":{"line":200,"column":6},"end":{"line":203,"column":7}},"type":"if","locations":[{"start":{"line":200,"column":6},"end":{"line":203,"column":7}},{"start":{},"end":{}}],"line":200},"14":{"loc":{"start":{"line":210,"column":4},"end":{"line":213,"column":5}},"type":"if","locations":[{"start":{"line":210,"column":4},"end":{"line":213,"column":5}},{"start":{},"end":{}}],"line":210},"15":{"loc":{"start":{"line":225,"column":6},"end":{"line":227,"column":7}},"type":"if","locations":[{"start":{"line":225,"column":6},"end":{"line":227,"column":7}},{"start":{},"end":{}}],"line":225},"16":{"loc":{"start":{"line":225,"column":10},"end":{"line":225,"column":38}},"type":"binary-expr","locations":[{"start":{"line":225,"column":10},"end":{"line":225,"column":22}},{"start":{"line":225,"column":26},"end":{"line":225,"column":38}}],"line":225},"17":{"loc":{"start":{"line":234,"column":6},"end":{"line":328,"column":7}},"type":"if","locations":[{"start":{"line":234,"column":6},"end":{"line":328,"column":7}},{"start":{"line":304,"column":13},"end":{"line":328,"column":7}}],"line":234},"18":{"loc":{"start":{"line":247,"column":22},"end":{"line":247,"column":46}},"type":"binary-expr","locations":[{"start":{"line":247,"column":22},"end":{"line":247,"column":38}},{"start":{"line":247,"column":42},"end":{"line":247,"column":46}}],"line":247},"19":{"loc":{"start":{"line":248,"column":29},"end":{"line":248,"column":89}},"type":"cond-expr","locations":[{"start":{"line":248,"column":52},"end":{"line":248,"column":82}},{"start":{"line":248,"column":85},"end":{"line":248,"column":89}}],"line":248},"20":{"loc":{"start":{"line":254,"column":19},"end":{"line":254,"column":32}},"type":"binary-expr","locations":[{"start":{"line":254,"column":19},"end":{"line":254,"column":24}},{"start":{"line":254,"column":28},"end":{"line":254,"column":32}}],"line":254},"21":{"loc":{"start":{"line":260,"column":8},"end":{"line":260,"column":49}},"type":"if","locations":[{"start":{"line":260,"column":8},"end":{"line":260,"column":49}},{"start":{},"end":{}}],"line":260},"22":{"loc":{"start":{"line":270,"column":19},"end":{"line":270,"column":48}},"type":"binary-expr","locations":[{"start":{"line":270,"column":19},"end":{"line":270,"column":35}},{"start":{"line":270,"column":39},"end":{"line":270,"column":48}}],"line":270},"23":{"loc":{"start":{"line":271,"column":26},"end":{"line":271,"column":91}},"type":"cond-expr","locations":[{"start":{"line":271,"column":49},"end":{"line":271,"column":79}},{"start":{"line":271,"column":82},"end":{"line":271,"column":91}}],"line":271},"24":{"loc":{"start":{"line":289,"column":17},"end":{"line":289,"column":30}},"type":"binary-expr","locations":[{"start":{"line":289,"column":17},"end":{"line":289,"column":22}},{"start":{"line":289,"column":26},"end":{"line":289,"column":30}}],"line":289},"25":{"loc":{"start":{"line":300,"column":8},"end":{"line":300,"column":49}},"type":"if","locations":[{"start":{"line":300,"column":8},"end":{"line":300,"column":49}},{"start":{},"end":{}}],"line":300},"26":{"loc":{"start":{"line":320,"column":19},"end":{"line":320,"column":32}},"type":"binary-expr","locations":[{"start":{"line":320,"column":19},"end":{"line":320,"column":24}},{"start":{"line":320,"column":28},"end":{"line":320,"column":32}}],"line":320},"27":{"loc":{"start":{"line":326,"column":8},"end":{"line":326,"column":45}},"type":"if","locations":[{"start":{"line":326,"column":8},"end":{"line":326,"column":45}},{"start":{},"end":{}}],"line":326},"28":{"loc":{"start":{"line":344,"column":6},"end":{"line":344,"column":54}},"type":"if","locations":[{"start":{"line":344,"column":6},"end":{"line":344,"column":54}},{"start":{},"end":{}}],"line":344},"29":{"loc":{"start":{"line":351,"column":6},"end":{"line":362,"column":7}},"type":"if","locations":[{"start":{"line":351,"column":6},"end":{"line":362,"column":7}},{"start":{},"end":{}}],"line":351},"30":{"loc":{"start":{"line":365,"column":6},"end":{"line":387,"column":7}},"type":"if","locations":[{"start":{"line":365,"column":6},"end":{"line":387,"column":7}},{"start":{"line":385,"column":13},"end":{"line":387,"column":7}}],"line":365},"31":{"loc":{"start":{"line":365,"column":10},"end":{"line":365,"column":43}},"type":"binary-expr","locations":[{"start":{"line":365,"column":10},"end":{"line":365,"column":21}},{"start":{"line":365,"column":25},"end":{"line":365,"column":43}}],"line":365},"32":{"loc":{"start":{"line":373,"column":19},"end":{"line":373,"column":48}},"type":"binary-expr","locations":[{"start":{"line":373,"column":19},"end":{"line":373,"column":35}},{"start":{"line":373,"column":39},"end":{"line":373,"column":48}}],"line":373},"33":{"loc":{"start":{"line":374,"column":26},"end":{"line":374,"column":91}},"type":"cond-expr","locations":[{"start":{"line":374,"column":49},"end":{"line":374,"column":79}},{"start":{"line":374,"column":82},"end":{"line":374,"column":91}}],"line":374},"34":{"loc":{"start":{"line":406,"column":10},"end":{"line":448,"column":11}},"type":"if","locations":[{"start":{"line":406,"column":10},"end":{"line":448,"column":11}},{"start":{"line":430,"column":17},"end":{"line":448,"column":11}}],"line":406},"35":{"loc":{"start":{"line":406,"column":14},"end":{"line":406,"column":62}},"type":"binary-expr","locations":[{"start":{"line":406,"column":14},"end":{"line":406,"column":36}},{"start":{"line":406,"column":40},"end":{"line":406,"column":62}}],"line":406},"36":{"loc":{"start":{"line":413,"column":28},"end":{"line":415,"column":108}},"type":"cond-expr","locations":[{"start":{"line":414,"column":16},"end":{"line":414,"column":118}},{"start":{"line":415,"column":16},"end":{"line":415,"column":108}}],"line":413},"37":{"loc":{"start":{"line":431,"column":28},"end":{"line":433,"column":137}},"type":"cond-expr","locations":[{"start":{"line":432,"column":16},"end":{"line":432,"column":147}},{"start":{"line":433,"column":16},"end":{"line":433,"column":137}}],"line":431},"38":{"loc":{"start":{"line":432,"column":93},"end":{"line":432,"column":145}},"type":"binary-expr","locations":[{"start":{"line":432,"column":93},"end":{"line":432,"column":113}},{"start":{"line":432,"column":117},"end":{"line":432,"column":145}}],"line":432},"39":{"loc":{"start":{"line":433,"column":83},"end":{"line":433,"column":135}},"type":"binary-expr","locations":[{"start":{"line":433,"column":83},"end":{"line":433,"column":103}},{"start":{"line":433,"column":107},"end":{"line":433,"column":135}}],"line":433},"40":{"loc":{"start":{"line":452,"column":26},"end":{"line":454,"column":79}},"type":"cond-expr","locations":[{"start":{"line":453,"column":14},"end":{"line":453,"column":89}},{"start":{"line":454,"column":14},"end":{"line":454,"column":79}}],"line":452},"41":{"loc":{"start":{"line":473,"column":36},"end":{"line":473,"column":81}},"type":"binary-expr","locations":[{"start":{"line":473,"column":36},"end":{"line":473,"column":49}},{"start":{"line":473,"column":53},"end":{"line":473,"column":81}}],"line":473},"42":{"loc":{"start":{"line":510,"column":13},"end":{"line":510,"column":102}},"type":"cond-expr","locations":[{"start":{"line":510,"column":34},"end":{"line":510,"column":51}},{"start":{"line":510,"column":54},"end":{"line":510,"column":102}}],"line":510},"43":{"loc":{"start":{"line":510,"column":54},"end":{"line":510,"column":102}},"type":"cond-expr","locations":[{"start":{"line":510,"column":75},"end":{"line":510,"column":84}},{"start":{"line":510,"column":87},"end":{"line":510,"column":102}}],"line":510},"44":{"loc":{"start":{"line":524,"column":11},"end":{"line":824,"column":11}},"type":"binary-expr","locations":[{"start":{"line":524,"column":11},"end":{"line":524,"column":29}},{"start":{"line":525,"column":12},"end":{"line":823,"column":19}}],"line":524},"45":{"loc":{"start":{"line":540,"column":17},"end":{"line":582,"column":17}},"type":"cond-expr","locations":[{"start":{"line":541,"column":18},"end":{"line":568,"column":31}},{"start":{"line":569,"column":20},"end":{"line":582,"column":17}}],"line":540},"46":{"loc":{"start":{"line":540,"column":17},"end":{"line":540,"column":67}},"type":"binary-expr","locations":[{"start":{"line":540,"column":17},"end":{"line":540,"column":21}},{"start":{"line":540,"column":25},"end":{"line":540,"column":38}},{"start":{"line":540,"column":42},"end":{"line":540,"column":67}}],"line":540},"47":{"loc":{"start":{"line":551,"column":26},"end":{"line":551,"column":71}},"type":"binary-expr","locations":[{"start":{"line":551,"column":26},"end":{"line":551,"column":44}},{"start":{"line":551,"column":48},"end":{"line":551,"column":71}}],"line":551},"48":{"loc":{"start":{"line":552,"column":26},"end":{"line":552,"column":68}},"type":"binary-expr","locations":[{"start":{"line":552,"column":26},"end":{"line":552,"column":41}},{"start":{"line":552,"column":45},"end":{"line":552,"column":68}}],"line":552},"49":{"loc":{"start":{"line":554,"column":39},"end":{"line":554,"column":75}},"type":"binary-expr","locations":[{"start":{"line":554,"column":39},"end":{"line":554,"column":53}},{"start":{"line":554,"column":57},"end":{"line":554,"column":75}}],"line":554},"50":{"loc":{"start":{"line":560,"column":28},"end":{"line":560,"column":77}},"type":"binary-expr","locations":[{"start":{"line":560,"column":28},"end":{"line":560,"column":46}},{"start":{"line":560,"column":50},"end":{"line":560,"column":77}}],"line":560},"51":{"loc":{"start":{"line":561,"column":28},"end":{"line":561,"column":74}},"type":"binary-expr","locations":[{"start":{"line":561,"column":28},"end":{"line":561,"column":43}},{"start":{"line":561,"column":47},"end":{"line":561,"column":74}}],"line":561},"52":{"loc":{"start":{"line":569,"column":20},"end":{"line":582,"column":17}},"type":"cond-expr","locations":[{"start":{"line":570,"column":18},"end":{"line":573,"column":25}},{"start":{"line":574,"column":20},"end":{"line":582,"column":17}}],"line":569},"53":{"loc":{"start":{"line":569,"column":20},"end":{"line":569,"column":40}},"type":"binary-expr","locations":[{"start":{"line":569,"column":20},"end":{"line":569,"column":24}},{"start":{"line":569,"column":28},"end":{"line":569,"column":40}}],"line":569},"54":{"loc":{"start":{"line":574,"column":20},"end":{"line":582,"column":17}},"type":"cond-expr","locations":[{"start":{"line":575,"column":18},"end":{"line":577,"column":25}},{"start":{"line":579,"column":18},"end":{"line":581,"column":25}}],"line":574},"55":{"loc":{"start":{"line":574,"column":20},"end":{"line":574,"column":55}},"type":"binary-expr","locations":[{"start":{"line":574,"column":20},"end":{"line":574,"column":24}},{"start":{"line":574,"column":28},"end":{"line":574,"column":55}}],"line":574},"56":{"loc":{"start":{"line":592,"column":19},"end":{"line":596,"column":19}},"type":"cond-expr","locations":[{"start":{"line":593,"column":20},"end":{"line":593,"column":77}},{"start":{"line":595,"column":20},"end":{"line":595,"column":90}}],"line":592},"57":{"loc":{"start":{"line":663,"column":55},"end":{"line":663,"column":95}},"type":"binary-expr","locations":[{"start":{"line":663,"column":55},"end":{"line":663,"column":66}},{"start":{"line":663,"column":70},"end":{"line":663,"column":95}}],"line":663},"58":{"loc":{"start":{"line":664,"column":56},"end":{"line":664,"column":95}},"type":"binary-expr","locations":[{"start":{"line":664,"column":56},"end":{"line":664,"column":67}},{"start":{"line":664,"column":71},"end":{"line":664,"column":95}}],"line":664},"59":{"loc":{"start":{"line":666,"column":54},"end":{"line":666,"column":80}},"type":"cond-expr","locations":[{"start":{"line":666,"column":68},"end":{"line":666,"column":72}},{"start":{"line":666,"column":75},"end":{"line":666,"column":80}}],"line":666},"60":{"loc":{"start":{"line":670,"column":17},"end":{"line":814,"column":17}},"type":"binary-expr","locations":[{"start":{"line":670,"column":17},"end":{"line":670,"column":28}},{"start":{"line":671,"column":18},"end":{"line":813,"column":25}}],"line":670},"61":{"loc":{"start":{"line":680,"column":30},"end":{"line":680,"column":89}},"type":"binary-expr","locations":[{"start":{"line":680,"column":30},"end":{"line":680,"column":57}},{"start":{"line":680,"column":61},"end":{"line":680,"column":89}}],"line":680},"62":{"loc":{"start":{"line":687,"column":32},"end":{"line":687,"column":95}},"type":"binary-expr","locations":[{"start":{"line":687,"column":32},"end":{"line":687,"column":59}},{"start":{"line":687,"column":63},"end":{"line":687,"column":95}}],"line":687},"63":{"loc":{"start":{"line":703,"column":28},"end":{"line":703,"column":98}},"type":"binary-expr","locations":[{"start":{"line":703,"column":28},"end":{"line":703,"column":68}},{"start":{"line":703,"column":72},"end":{"line":703,"column":98}}],"line":703},"64":{"loc":{"start":{"line":710,"column":30},"end":{"line":710,"column":104}},"type":"binary-expr","locations":[{"start":{"line":710,"column":30},"end":{"line":710,"column":70}},{"start":{"line":710,"column":74},"end":{"line":710,"column":104}}],"line":710},"65":{"loc":{"start":{"line":719,"column":28},"end":{"line":719,"column":88}},"type":"binary-expr","locations":[{"start":{"line":719,"column":28},"end":{"line":719,"column":58}},{"start":{"line":719,"column":62},"end":{"line":719,"column":88}}],"line":719},"66":{"loc":{"start":{"line":726,"column":30},"end":{"line":726,"column":94}},"type":"binary-expr","locations":[{"start":{"line":726,"column":30},"end":{"line":726,"column":60}},{"start":{"line":726,"column":64},"end":{"line":726,"column":94}}],"line":726},"67":{"loc":{"start":{"line":735,"column":28},"end":{"line":735,"column":86}},"type":"binary-expr","locations":[{"start":{"line":735,"column":28},"end":{"line":735,"column":56}},{"start":{"line":735,"column":60},"end":{"line":735,"column":86}}],"line":735},"68":{"loc":{"start":{"line":742,"column":30},"end":{"line":742,"column":92}},"type":"binary-expr","locations":[{"start":{"line":742,"column":30},"end":{"line":742,"column":58}},{"start":{"line":742,"column":62},"end":{"line":742,"column":92}}],"line":742},"69":{"loc":{"start":{"line":751,"column":21},"end":{"line":762,"column":21}},"type":"binary-expr","locations":[{"start":{"line":751,"column":21},"end":{"line":751,"column":61}},{"start":{"line":752,"column":22},"end":{"line":761,"column":29}}],"line":751},"70":{"loc":{"start":{"line":764,"column":21},"end":{"line":774,"column":21}},"type":"binary-expr","locations":[{"start":{"line":764,"column":21},"end":{"line":764,"column":51}},{"start":{"line":765,"column":22},"end":{"line":773,"column":29}}],"line":764},"71":{"loc":{"start":{"line":776,"column":21},"end":{"line":812,"column":21}},"type":"binary-expr","locations":[{"start":{"line":776,"column":21},"end":{"line":776,"column":32}},{"start":{"line":776,"column":36},"end":{"line":776,"column":40}},{"start":{"line":776,"column":44},"end":{"line":776,"column":48}},{"start":{"line":777,"column":22},"end":{"line":811,"column":29}}],"line":776},"72":{"loc":{"start":{"line":786,"column":37},"end":{"line":786,"column":66}},"type":"binary-expr","locations":[{"start":{"line":786,"column":37},"end":{"line":786,"column":53}},{"start":{"line":786,"column":57},"end":{"line":786,"column":66}}],"line":786},"73":{"loc":{"start":{"line":787,"column":44},"end":{"line":787,"column":109}},"type":"cond-expr","locations":[{"start":{"line":787,"column":67},"end":{"line":787,"column":97}},{"start":{"line":787,"column":100},"end":{"line":787,"column":109}}],"line":787},"74":{"loc":{"start":{"line":790,"column":25},"end":{"line":810,"column":25}},"type":"binary-expr","locations":[{"start":{"line":790,"column":25},"end":{"line":790,"column":53}},{"start":{"line":791,"column":26},"end":{"line":809,"column":33}}],"line":790},"75":{"loc":{"start":{"line":798,"column":39},"end":{"line":798,"column":68}},"type":"binary-expr","locations":[{"start":{"line":798,"column":39},"end":{"line":798,"column":55}},{"start":{"line":798,"column":59},"end":{"line":798,"column":68}}],"line":798},"76":{"loc":{"start":{"line":799,"column":46},"end":{"line":799,"column":111}},"type":"cond-expr","locations":[{"start":{"line":799,"column":69},"end":{"line":799,"column":99}},{"start":{"line":799,"column":102},"end":{"line":799,"column":111}}],"line":799},"77":{"loc":{"start":{"line":806,"column":39},"end":{"line":806,"column":68}},"type":"binary-expr","locations":[{"start":{"line":806,"column":39},"end":{"line":806,"column":55}},{"start":{"line":806,"column":59},"end":{"line":806,"column":68}}],"line":806},"78":{"loc":{"start":{"line":807,"column":46},"end":{"line":807,"column":111}},"type":"cond-expr","locations":[{"start":{"line":807,"column":69},"end":{"line":807,"column":99}},{"start":{"line":807,"column":102},"end":{"line":807,"column":111}}],"line":807},"79":{"loc":{"start":{"line":826,"column":11},"end":{"line":866,"column":11}},"type":"binary-expr","locations":[{"start":{"line":826,"column":11},"end":{"line":826,"column":29}},{"start":{"line":827,"column":12},"end":{"line":865,"column":19}}],"line":826},"80":{"loc":{"start":{"line":868,"column":11},"end":{"line":873,"column":11}},"type":"binary-expr","locations":[{"start":{"line":868,"column":11},"end":{"line":868,"column":32}},{"start":{"line":869,"column":12},"end":{"line":872,"column":19}}],"line":868}},"s":{"0":0,"1":0,"2":0,"3":0,"4":0,"5":0,"6":0,"7":0,"8":0,"9":0,"10":0,"11":0,"12":0,"13":0,"14":0,"15":0,"16":0,"17":0,"18":0,"19":0,"20":0,"21":0,"22":0,"23":0,"24":0,"25":0,"26":0,"27":0,"28":0,"29":0,"30":0,"31":0,"32":0,"33":0,"34":0,"35":0,"36":0,"37":0,"38":0,"39":0,"40":0,"41":0,"42":0,"43":0,"44":0,"45":0,"46":0,"47":0,"48":0,"49":0,"50":0,"51":0,"52":0,"53":0,"54":0,"55":0,"56":0,"57":0,"58":0,"59":0,"60":0,"61":0,"62":0,"63":0,"64":0,"65":0,"66":0,"67":0,"68":0,"69":0,"70":0,"71":0,"72":0,"73":0,"74":0,"75":0,"76":0,"77":0,"78":0,"79":0,"80":0,"81":0,"82":0,"83":0,"84":0,"85":0,"86":0,"87":0,"88":0,"89":0,"90":0,"91":0,"92":0,"93":0,"94":0,"95":0,"96":0,"97":0,"98":0,"99":0,"100":0,"101":0,"102":0,"103":0,"104":0,"105":0,"106":0,"107":0,"108":0,"109":0,"110":0,"111":0,"112":0,"113":0,"114":0,"115":0,"116":0,"117":0,"118":0,"119":0,"120":0,"121":0,"122":0,"123":0,"124":0,"125":0,"126":0,"127":0,"128":0,"129":0,"130":0,"131":0,"132":0,"133":0,"134":0,"135":0,"136":0,"137":0,"138":0,"139":0,"140":0,"141":0,"142":0,"143":0,"144":0,"145":0,"146":0,"147":0,"148":0,"149":0,"150":0,"151":0,"152":0,"153":0,"154":0,"155":0,"156":0,"157":0,"158":0,"159":0,"160":0,"161":0,"162":0,"163":0,"164":0,"165":0,"166":0,"167":0,"168":0,"169":0,"170":0},"f":{"0":0,"1":0,"2":0,"3":0,"4":0,"5":0,"6":0,"7":0,"8":0,"9":0,"10":0,"11":0,"12":0,"13":0,"14":0,"15":0,"16":0,"17":0,"18":0,"19":0,"20":0,"21":0,"22":0,"23":0,"24":0,"25":0},"b":{"0":[0,0],"1":[0,0],"2":[0,0],"3":[0,0],"4":[0,0],"5":[0,0],"6":[0,0],"7":[0,0],"8":[0,0,0,0,0,0],"9":[0,0],"10":[0,0],"11":[0,0],"12":[0,0],"13":[0,0],"14":[0,0],"15":[0,0],"16":[0,0],"17":[0,0],"18":[0,0],"19":[0,0],"20":[0,0],"21":[0,0],"22":[0,0],"23":[0,0],"24":[0,0],"25":[0,0],"26":[0,0],"27":[0,0],"28":[0,0],"29":[0,0],"30":[0,0],"31":[0,0],"32":[0,0],"33":[0,0],"34":[0,0],"35":[0,0],"36":[0,0],"37":[0,0],"38":[0,0],"39":[0,0],"40":[0,0],"41":[0,0],"42":[0,0],"43":[0,0],"44":[0,0],"45":[0,0],"46":[0,0,0],"47":[0,0],"48":[0,0],"49":[0,0],"50":[0,0],"51":[0,0],"52":[0,0],"53":[0,0],"54":[0,0],"55":[0,0],"56":[0,0],"57":[0,0],"58":[0,0],"59":[0,0],"60":[0,0],"61":[0,0],"62":[0,0],"63":[0,0],"64":[0,0],"65":[0,0],"66":[0,0],"67":[0,0],"68":[0,0],"69":[0,0],"70":[0,0],"71":[0,0,0,0],"72":[0,0],"73":[0,0],"74":[0,0],"75":[0,0],"76":[0,0],"77":[0,0],"78":[0,0],"79":[0,0],"80":[0,0]}}
,"/Users/twin1/Documents/Glamora/glamora-app/src/components/PersonalizedHome.tsx": {"path":"/Users/twin1/Documents/Glamora/glamora-app/src/components/PersonalizedHome.tsx","statementMap":{"0":{"start":{"line":39,"column":21},"end":{"line":39,"column":36}},"1":{"start":{"line":40,"column":19},"end":{"line":40,"column":28}},"2":{"start":{"line":41,"column":32},"end":{"line":41,"column":46}},"3":{"start":{"line":42,"column":38},"end":{"line":42,"column":53}},"4":{"start":{"line":43,"column":34},"end":{"line":43,"column":46}},"5":{"start":{"line":44,"column":48},"end":{"line":44,"column":78}},"6":{"start":{"line":45,"column":58},"end":{"line":45,"column":82}},"7":{"start":{"line":46,"column":52},"end":{"line":46,"column":76}},"8":{"start":{"line":47,"column":56},"end":{"line":47,"column":80}},"9":{"start":{"line":48,"column":56},"end":{"line":48,"column":70}},"10":{"start":{"line":50,"column":2},"end":{"line":52,"column":9}},"11":{"start":{"line":51,"column":4},"end":{"line":51,"column":16}},"12":{"start":{"line":54,"column":20},"end":{"line":156,"column":3}},"13":{"start":{"line":55,"column":4},"end":{"line":155,"column":5}},"14":{"start":{"line":57,"column":32},"end":{"line":61,"column":17}},"15":{"start":{"line":63,"column":6},"end":{"line":65,"column":7}},"16":{"start":{"line":64,"column":8},"end":{"line":64,"column":40}},"17":{"start":{"line":68,"column":36},"end":{"line":72,"column":17}},"18":{"start":{"line":74,"column":6},"end":{"line":74,"column":31}},"19":{"start":{"line":74,"column":24},"end":{"line":74,"column":31}},"20":{"start":{"line":77,"column":40},"end":{"line":81,"column":17}},"21":{"start":{"line":83,"column":6},"end":{"line":97,"column":7}},"22":{"start":{"line":84,"column":8},"end":{"line":86,"column":10}},"23":{"start":{"line":89,"column":8},"end":{"line":96,"column":9}},"24":{"start":{"line":90,"column":39},"end":{"line":93,"column":59}},"25":{"start":{"line":95,"column":10},"end":{"line":95,"column":51}},"26":{"start":{"line":100,"column":33},"end":{"line":113,"column":17}},"27":{"start":{"line":115,"column":6},"end":{"line":117,"column":7}},"28":{"start":{"line":116,"column":8},"end":{"line":116,"column":47}},"29":{"start":{"line":120,"column":34},"end":{"line":132,"column":17}},"30":{"start":{"line":134,"column":6},"end":{"line":139,"column":7}},"31":{"start":{"line":135,"column":29},"end":{"line":137,"column":35}},"32":{"start":{"line":136,"column":28},"end":{"line":136,"column":73}},"33":{"start":{"line":137,"column":30},"end":{"line":137,"column":34}},"34":{"start":{"line":138,"column":8},"end":{"line":138,"column":43}},"35":{"start":{"line":142,"column":34},"end":{"line":147,"column":17}},"36":{"start":{"line":149,"column":6},"end":{"line":149,"column":47}},"37":{"start":{"line":151,"column":6},"end":{"line":151,"column":51}},"38":{"start":{"line":153,"column":6},"end":{"line":153,"column":24}},"39":{"start":{"line":154,"column":6},"end":{"line":154,"column":27}},"40":{"start":{"line":158,"column":20},"end":{"line":161,"column":3}},"41":{"start":{"line":159,"column":4},"end":{"line":159,"column":24}},"42":{"start":{"line":160,"column":4},"end":{"line":160,"column":16}},"43":{"start":{"line":163,"column":30},"end":{"line":168,"column":3}},"44":{"start":{"line":164,"column":4},"end":{"line":167,"column":7}},"45":{"start":{"line":170,"column":30},"end":{"line":172,"column":3}},"46":{"start":{"line":171,"column":4},"end":{"line":171,"column":72}},"47":{"start":{"line":174,"column":2},"end":{"line":180,"column":3}},"48":{"start":{"line":175,"column":4},"end":{"line":179,"column":6}},"49":{"start":{"line":182,"column":2},"end":{"line":344,"column":4}},"50":{"start":{"line":199,"column":25},"end":{"line":199,"column":72}},"51":{"start":{"line":230,"column":29},"end":{"line":230,"column":69}},"52":{"start":{"line":242,"column":25},"end":{"line":242,"column":63}},"53":{"start":{"line":249,"column":25},"end":{"line":249,"column":65}},"54":{"start":{"line":270,"column":14},"end":{"line":277,"column":33}},"55":{"start":{"line":273,"column":31},"end":{"line":273,"column":60}},"56":{"start":{"line":289,"column":14},"end":{"line":307,"column":33}},"57":{"start":{"line":292,"column":31},"end":{"line":292,"column":60}},"58":{"start":{"line":318,"column":12},"end":{"line":339,"column":31}},"59":{"start":{"line":321,"column":29},"end":{"line":321,"column":58}},"60":{"start":{"line":347,"column":15},"end":{"line":551,"column":2}}},"fnMap":{"0":{"name":"PersonalizedHome","decl":{"start":{"line":38,"column":24},"end":{"line":38,"column":40}},"loc":{"start":{"line":38,"column":43},"end":{"line":345,"column":1}},"line":38},"1":{"name":"(anonymous_1)","decl":{"start":{"line":50,"column":12},"end":{"line":50,"column":13}},"loc":{"start":{"line":50,"column":18},"end":{"line":52,"column":3}},"line":50},"2":{"name":"(anonymous_2)","decl":{"start":{"line":54,"column":20},"end":{"line":54,"column":21}},"loc":{"start":{"line":54,"column":32},"end":{"line":156,"column":3}},"line":54},"3":{"name":"(anonymous_3)","decl":{"start":{"line":136,"column":15},"end":{"line":136,"column":16}},"loc":{"start":{"line":136,"column":28},"end":{"line":136,"column":73}},"line":136},"4":{"name":"(anonymous_4)","decl":{"start":{"line":137,"column":18},"end":{"line":137,"column":19}},"loc":{"start":{"line":137,"column":30},"end":{"line":137,"column":34}},"line":137},"5":{"name":"(anonymous_5)","decl":{"start":{"line":158,"column":20},"end":{"line":158,"column":21}},"loc":{"start":{"line":158,"column":26},"end":{"line":161,"column":3}},"line":158},"6":{"name":"(anonymous_6)","decl":{"start":{"line":163,"column":30},"end":{"line":163,"column":31}},"loc":{"start":{"line":163,"column":54},"end":{"line":168,"column":3}},"line":163},"7":{"name":"(anonymous_7)","decl":{"start":{"line":170,"column":30},"end":{"line":170,"column":31}},"loc":{"start":{"line":170,"column":54},"end":{"line":172,"column":3}},"line":170},"8":{"name":"(anonymous_8)","decl":{"start":{"line":199,"column":19},"end":{"line":199,"column":20}},"loc":{"start":{"line":199,"column":25},"end":{"line":199,"column":72}},"line":199},"9":{"name":"(anonymous_9)","decl":{"start":{"line":230,"column":23},"end":{"line":230,"column":24}},"loc":{"start":{"line":230,"column":29},"end":{"line":230,"column":69}},"line":230},"10":{"name":"(anonymous_10)","decl":{"start":{"line":242,"column":19},"end":{"line":242,"column":20}},"loc":{"start":{"line":242,"column":25},"end":{"line":242,"column":63}},"line":242},"11":{"name":"(anonymous_11)","decl":{"start":{"line":249,"column":19},"end":{"line":249,"column":20}},"loc":{"start":{"line":249,"column":25},"end":{"line":249,"column":65}},"line":249},"12":{"name":"(anonymous_12)","decl":{"start":{"line":269,"column":37},"end":{"line":269,"column":38}},"loc":{"start":{"line":270,"column":14},"end":{"line":277,"column":33}},"line":270},"13":{"name":"(anonymous_13)","decl":{"start":{"line":273,"column":25},"end":{"line":273,"column":26}},"loc":{"start":{"line":273,"column":31},"end":{"line":273,"column":60}},"line":273},"14":{"name":"(anonymous_14)","decl":{"start":{"line":288,"column":35},"end":{"line":288,"column":36}},"loc":{"start":{"line":289,"column":14},"end":{"line":307,"column":33}},"line":289},"15":{"name":"(anonymous_15)","decl":{"start":{"line":292,"column":25},"end":{"line":292,"column":26}},"loc":{"start":{"line":292,"column":31},"end":{"line":292,"column":60}},"line":292},"16":{"name":"(anonymous_16)","decl":{"start":{"line":317,"column":36},"end":{"line":317,"column":37}},"loc":{"start":{"line":318,"column":12},"end":{"line":339,"column":31}},"line":318},"17":{"name":"(anonymous_17)","decl":{"start":{"line":321,"column":23},"end":{"line":321,"column":24}},"loc":{"start":{"line":321,"column":29},"end":{"line":321,"column":58}},"line":321}},"branchMap":{"0":{"loc":{"start":{"line":63,"column":6},"end":{"line":65,"column":7}},"type":"if","locations":[{"start":{"line":63,"column":6},"end":{"line":65,"column":7}},{"start":{},"end":{}}],"line":63},"1":{"loc":{"start":{"line":74,"column":6},"end":{"line":74,"column":31}},"type":"if","locations":[{"start":{"line":74,"column":6},"end":{"line":74,"column":31}},{"start":{},"end":{}}],"line":74},"2":{"loc":{"start":{"line":83,"column":6},"end":{"line":97,"column":7}},"type":"if","locations":[{"start":{"line":83,"column":6},"end":{"line":97,"column":7}},{"start":{},"end":{}}],"line":83},"3":{"loc":{"start":{"line":85,"column":10},"end":{"line":85,"column":91}},"type":"binary-expr","locations":[{"start":{"line":85,"column":10},"end":{"line":85,"column":58}},{"start":{"line":85,"column":62},"end":{"line":85,"column":91}}],"line":85},"4":{"loc":{"start":{"line":89,"column":8},"end":{"line":96,"column":9}},"type":"if","locations":[{"start":{"line":89,"column":8},"end":{"line":96,"column":9}},{"start":{},"end":{}}],"line":89},"5":{"loc":{"start":{"line":95,"column":33},"end":{"line":95,"column":49}},"type":"binary-expr","locations":[{"start":{"line":95,"column":33},"end":{"line":95,"column":43}},{"start":{"line":95,"column":47},"end":{"line":95,"column":49}}],"line":95},"6":{"loc":{"start":{"line":115,"column":6},"end":{"line":117,"column":7}},"type":"if","locations":[{"start":{"line":115,"column":6},"end":{"line":117,"column":7}},{"start":{},"end":{}}],"line":115},"7":{"loc":{"start":{"line":115,"column":10},"end":{"line":115,"column":41}},"type":"binary-expr","locations":[{"start":{"line":115,"column":10},"end":{"line":115,"column":18}},{"start":{"line":115,"column":22},"end":{"line":115,"column":41}}],"line":115},"8":{"loc":{"start":{"line":134,"column":6},"end":{"line":139,"column":7}},"type":"if","locations":[{"start":{"line":134,"column":6},"end":{"line":139,"column":7}},{"start":{},"end":{}}],"line":134},"9":{"loc":{"start":{"line":149,"column":30},"end":{"line":149,"column":45}},"type":"binary-expr","locations":[{"start":{"line":149,"column":30},"end":{"line":149,"column":39}},{"start":{"line":149,"column":43},"end":{"line":149,"column":45}}],"line":149},"10":{"loc":{"start":{"line":174,"column":2},"end":{"line":180,"column":3}},"type":"if","locations":[{"start":{"line":174,"column":2},"end":{"line":180,"column":3}},{"start":{},"end":{}}],"line":174},"11":{"loc":{"start":{"line":190,"column":11},"end":{"line":190,"column":69}},"type":"cond-expr","locations":[{"start":{"line":190,"column":22},"end":{"line":190,"column":53}},{"start":{"line":190,"column":56},"end":{"line":190,"column":69}}],"line":190},"12":{"loc":{"start":{"line":196,"column":7},"end":{"line":208,"column":7}},"type":"binary-expr","locations":[{"start":{"line":196,"column":7},"end":{"line":196,"column":27}},{"start":{"line":197,"column":8},"end":{"line":207,"column":27}}],"line":196},"13":{"loc":{"start":{"line":211,"column":7},"end":{"line":236,"column":7}},"type":"binary-expr","locations":[{"start":{"line":211,"column":7},"end":{"line":211,"column":22}},{"start":{"line":212,"column":8},"end":{"line":235,"column":15}}],"line":211},"14":{"loc":{"start":{"line":265,"column":7},"end":{"line":281,"column":7}},"type":"binary-expr","locations":[{"start":{"line":265,"column":7},"end":{"line":265,"column":37}},{"start":{"line":266,"column":8},"end":{"line":280,"column":15}}],"line":265},"15":{"loc":{"start":{"line":284,"column":7},"end":{"line":311,"column":7}},"type":"binary-expr","locations":[{"start":{"line":284,"column":7},"end":{"line":284,"column":35}},{"start":{"line":285,"column":8},"end":{"line":310,"column":15}}],"line":284},"16":{"loc":{"start":{"line":304,"column":23},"end":{"line":304,"column":59}},"type":"binary-expr","locations":[{"start":{"line":304,"column":23},"end":{"line":304,"column":50}},{"start":{"line":304,"column":54},"end":{"line":304,"column":59}}],"line":304},"17":{"loc":{"start":{"line":333,"column":21},"end":{"line":333,"column":57}},"type":"binary-expr","locations":[{"start":{"line":333,"column":21},"end":{"line":333,"column":48}},{"start":{"line":333,"column":52},"end":{"line":333,"column":57}}],"line":333},"18":{"loc":{"start":{"line":337,"column":17},"end":{"line":337,"column":44}},"type":"binary-expr","locations":[{"start":{"line":337,"column":17},"end":{"line":337,"column":39}},{"start":{"line":337,"column":43},"end":{"line":337,"column":44}}],"line":337}},"s":{"0":0,"1":0,"2":0,"3":0,"4":0,"5":0,"6":0,"7":0,"8":0,"9":0,"10":0,"11":0,"12":0,"13":0,"14":0,"15":0,"16":0,"17":0,"18":0,"19":0,"20":0,"21":0,"22":0,"23":0,"24":0,"25":0,"26":0,"27":0,"28":0,"29":0,"30":0,"31":0,"32":0,"33":0,"34":0,"35":0,"36":0,"37":0,"38":0,"39":0,"40":0,"41":0,"42":0,"43":0,"44":0,"45":0,"46":0,"47":0,"48":0,"49":0,"50":0,"51":0,"52":0,"53":0,"54":0,"55":0,"56":0,"57":0,"58":0,"59":0,"60":0},"f":{"0":0,"1":0,"2":0,"3":0,"4":0,"5":0,"6":0,"7":0,"8":0,"9":0,"10":0,"11":0,"12":0,"13":0,"14":0,"15":0,"16":0,"17":0},"b":{"0":[0,0],"1":[0,0],"2":[0,0],"3":[0,0],"4":[0,0],"5":[0,0],"6":[0,0],"7":[0,0],"8":[0,0],"9":[0,0],"10":[0,0],"11":[0,0],"12":[0,0],"13":[0,0],"14":[0,0],"15":[0,0],"16":[0,0],"17":[0,0],"18":[0,0]}}
,"/Users/twin1/Documents/Glamora/glamora-app/src/components/RescheduleModal.tsx": {"path":"/Users/twin1/Documents/Glamora/glamora-app/src/components/RescheduleModal.tsx","statementMap":{"0":{"start":{"line":43,"column":42},"end":{"line":43,"column":63}},"1":{"start":{"line":44,"column":42},"end":{"line":44,"column":63}},"2":{"start":{"line":45,"column":32},"end":{"line":45,"column":47}},"3":{"start":{"line":46,"column":46},"end":{"line":46,"column":70}},"4":{"start":{"line":47,"column":42},"end":{"line":47,"column":57}},"5":{"start":{"line":48,"column":42},"end":{"line":48,"column":64}},"6":{"start":{"line":51,"column":2},"end":{"line":55,"column":28}},"7":{"start":{"line":52,"column":4},"end":{"line":54,"column":5}},"8":{"start":{"line":53,"column":6},"end":{"line":53,"column":25}},"9":{"start":{"line":58,"column":2},"end":{"line":62,"column":33}},"10":{"start":{"line":59,"column":4},"end":{"line":61,"column":5}},"11":{"start":{"line":60,"column":6},"end":{"line":60,"column":31}},"12":{"start":{"line":64,"column":27},"end":{"line":86,"column":3}},"13":{"start":{"line":65,"column":4},"end":{"line":85,"column":5}},"14":{"start":{"line":66,"column":36},"end":{"line":69,"column":38}},"15":{"start":{"line":71,"column":6},"end":{"line":82,"column":7}},"16":{"start":{"line":72,"column":34},"end":{"line":72,"column":36}},"17":{"start":{"line":73,"column":8},"end":{"line":80,"column":11}},"18":{"start":{"line":74,"column":24},"end":{"line":74,"column":52}},"19":{"start":{"line":75,"column":22},"end":{"line":75,"column":48}},"20":{"start":{"line":77,"column":10},"end":{"line":79,"column":11}},"21":{"start":{"line":77,"column":23},"end":{"line":77,"column":38}},"22":{"start":{"line":78,"column":12},"end":{"line":78,"column":56}},"23":{"start":{"line":81,"column":8},"end":{"line":81,"column":33}},"24":{"start":{"line":84,"column":6},"end":{"line":84,"column":59}},"25":{"start":{"line":88,"column":33},"end":{"line":102,"column":3}},"26":{"start":{"line":89,"column":4},"end":{"line":89,"column":26}},"27":{"start":{"line":90,"column":4},"end":{"line":101,"column":5}},"28":{"start":{"line":91,"column":20},"end":{"line":95,"column":7}},"29":{"start":{"line":96,"column":6},"end":{"line":96,"column":31}},"30":{"start":{"line":98,"column":6},"end":{"line":98,"column":56}},"31":{"start":{"line":100,"column":6},"end":{"line":100,"column":29}},"32":{"start":{"line":104,"column":27},"end":{"line":156,"column":3}},"33":{"start":{"line":105,"column":4},"end":{"line":108,"column":5}},"34":{"start":{"line":106,"column":6},"end":{"line":106,"column":63}},"35":{"start":{"line":107,"column":6},"end":{"line":107,"column":13}},"36":{"start":{"line":110,"column":4},"end":{"line":110,"column":21}},"37":{"start":{"line":111,"column":4},"end":{"line":155,"column":5}},"38":{"start":{"line":112,"column":26},"end":{"line":112,"column":72}},"39":{"start":{"line":115,"column":55},"end":{"line":119,"column":17}},"40":{"start":{"line":121,"column":6},"end":{"line":121,"column":39}},"41":{"start":{"line":121,"column":22},"end":{"line":121,"column":39}},"42":{"start":{"line":124,"column":24},"end":{"line":130,"column":28}},"43":{"start":{"line":132,"column":6},"end":{"line":132,"column":29}},"44":{"start":{"line":132,"column":17},"end":{"line":132,"column":29}},"45":{"start":{"line":135,"column":6},"end":{"line":146,"column":7}},"46":{"start":{"line":136,"column":35},"end":{"line":136,"column":70}},"47":{"start":{"line":137,"column":33},"end":{"line":137,"column":68}},"48":{"start":{"line":139,"column":26},"end":{"line":139,"column":72}},"49":{"start":{"line":140,"column":24},"end":{"line":140,"column":79}},"50":{"start":{"line":142,"column":8},"end":{"line":145,"column":11}},"51":{"start":{"line":148,"column":6},"end":{"line":148,"column":66}},"52":{"start":{"line":149,"column":6},"end":{"line":149,"column":18}},"53":{"start":{"line":150,"column":6},"end":{"line":150,"column":16}},"54":{"start":{"line":152,"column":6},"end":{"line":152,"column":76}},"55":{"start":{"line":154,"column":6},"end":{"line":154,"column":24}},"56":{"start":{"line":158,"column":18},"end":{"line":158,"column":28}},"57":{"start":{"line":159,"column":2},"end":{"line":159,"column":41}},"58":{"start":{"line":161,"column":18},"end":{"line":161,"column":28}},"59":{"start":{"line":162,"column":2},"end":{"line":162,"column":43}},"60":{"start":{"line":164,"column":2},"end":{"line":290,"column":4}},"61":{"start":{"line":191,"column":42},"end":{"line":191,"column":73}},"62":{"start":{"line":197,"column":57},"end":{"line":205,"column":19}},"63":{"start":{"line":226,"column":20},"end":{"line":245,"column":39}},"64":{"start":{"line":233,"column":37},"end":{"line":233,"column":81}},"65":{"start":{"line":293,"column":15},"end":{"line":460,"column":2}}},"fnMap":{"0":{"name":"RescheduleModal","decl":{"start":{"line":33,"column":24},"end":{"line":33,"column":39}},"loc":{"start":{"line":42,"column":25},"end":{"line":291,"column":1}},"line":42},"1":{"name":"(anonymous_1)","decl":{"start":{"line":51,"column":12},"end":{"line":51,"column":13}},"loc":{"start":{"line":51,"column":18},"end":{"line":55,"column":3}},"line":51},"2":{"name":"(anonymous_2)","decl":{"start":{"line":58,"column":12},"end":{"line":58,"column":13}},"loc":{"start":{"line":58,"column":18},"end":{"line":62,"column":3}},"line":58},"3":{"name":"(anonymous_3)","decl":{"start":{"line":64,"column":27},"end":{"line":64,"column":28}},"loc":{"start":{"line":64,"column":39},"end":{"line":86,"column":3}},"line":64},"4":{"name":"(anonymous_4)","decl":{"start":{"line":73,"column":28},"end":{"line":73,"column":29}},"loc":{"start":{"line":73,"column":41},"end":{"line":80,"column":9}},"line":73},"5":{"name":"(anonymous_5)","decl":{"start":{"line":88,"column":33},"end":{"line":88,"column":34}},"loc":{"start":{"line":88,"column":45},"end":{"line":102,"column":3}},"line":88},"6":{"name":"(anonymous_6)","decl":{"start":{"line":104,"column":27},"end":{"line":104,"column":28}},"loc":{"start":{"line":104,"column":39},"end":{"line":156,"column":3}},"line":104},"7":{"name":"(anonymous_7)","decl":{"start":{"line":191,"column":28},"end":{"line":191,"column":29}},"loc":{"start":{"line":191,"column":42},"end":{"line":191,"column":73}},"line":191},"8":{"name":"(anonymous_8)","decl":{"start":{"line":197,"column":41},"end":{"line":197,"column":42}},"loc":{"start":{"line":197,"column":57},"end":{"line":205,"column":19}},"line":197},"9":{"name":"(anonymous_9)","decl":{"start":{"line":225,"column":38},"end":{"line":225,"column":39}},"loc":{"start":{"line":226,"column":20},"end":{"line":245,"column":39}},"line":226},"10":{"name":"(anonymous_10)","decl":{"start":{"line":233,"column":31},"end":{"line":233,"column":32}},"loc":{"start":{"line":233,"column":37},"end":{"line":233,"column":81}},"line":233}},"branchMap":{"0":{"loc":{"start":{"line":52,"column":4},"end":{"line":54,"column":5}},"type":"if","locations":[{"start":{"line":52,"column":4},"end":{"line":54,"column":5}},{"start":{},"end":{}}],"line":52},"1":{"loc":{"start":{"line":52,"column":8},"end":{"line":52,"column":29}},"type":"binary-expr","locations":[{"start":{"line":52,"column":8},"end":{"line":52,"column":15}},{"start":{"line":52,"column":19},"end":{"line":52,"column":29}}],"line":52},"2":{"loc":{"start":{"line":59,"column":4},"end":{"line":61,"column":5}},"type":"if","locations":[{"start":{"line":59,"column":4},"end":{"line":61,"column":5}},{"start":{},"end":{}}],"line":59},"3":{"loc":{"start":{"line":59,"column":8},"end":{"line":59,"column":34}},"type":"binary-expr","locations":[{"start":{"line":59,"column":8},"end":{"line":59,"column":20}},{"start":{"line":59,"column":24},"end":{"line":59,"column":34}}],"line":59},"4":{"loc":{"start":{"line":71,"column":6},"end":{"line":82,"column":7}},"type":"if","locations":[{"start":{"line":71,"column":6},"end":{"line":82,"column":7}},{"start":{},"end":{}}],"line":71},"5":{"loc":{"start":{"line":105,"column":4},"end":{"line":108,"column":5}},"type":"if","locations":[{"start":{"line":105,"column":4},"end":{"line":108,"column":5}},{"start":{},"end":{}}],"line":105},"6":{"loc":{"start":{"line":105,"column":8},"end":{"line":105,"column":38}},"type":"binary-expr","locations":[{"start":{"line":105,"column":8},"end":{"line":105,"column":21}},{"start":{"line":105,"column":25},"end":{"line":105,"column":38}}],"line":105},"7":{"loc":{"start":{"line":121,"column":6},"end":{"line":121,"column":39}},"type":"if","locations":[{"start":{"line":121,"column":6},"end":{"line":121,"column":39}},{"start":{},"end":{}}],"line":121},"8":{"loc":{"start":{"line":132,"column":6},"end":{"line":132,"column":29}},"type":"if","locations":[{"start":{"line":132,"column":6},"end":{"line":132,"column":29}},{"start":{},"end":{}}],"line":132},"9":{"loc":{"start":{"line":135,"column":6},"end":{"line":146,"column":7}},"type":"if","locations":[{"start":{"line":135,"column":6},"end":{"line":146,"column":7}},{"start":{},"end":{}}],"line":135},"10":{"loc":{"start":{"line":152,"column":27},"end":{"line":152,"column":74}},"type":"binary-expr","locations":[{"start":{"line":152,"column":27},"end":{"line":152,"column":40}},{"start":{"line":152,"column":44},"end":{"line":152,"column":74}}],"line":152},"11":{"loc":{"start":{"line":218,"column":15},"end":{"line":252,"column":15}},"type":"cond-expr","locations":[{"start":{"line":219,"column":16},"end":{"line":222,"column":23}},{"start":{"line":223,"column":18},"end":{"line":252,"column":15}}],"line":218},"12":{"loc":{"start":{"line":223,"column":18},"end":{"line":252,"column":15}},"type":"cond-expr","locations":[{"start":{"line":224,"column":16},"end":{"line":247,"column":23}},{"start":{"line":249,"column":16},"end":{"line":251,"column":23}}],"line":223},"13":{"loc":{"start":{"line":230,"column":24},"end":{"line":230,"column":77}},"type":"binary-expr","locations":[{"start":{"line":230,"column":24},"end":{"line":230,"column":50}},{"start":{"line":230,"column":54},"end":{"line":230,"column":77}}],"line":230},"14":{"loc":{"start":{"line":231,"column":24},"end":{"line":231,"column":66}},"type":"binary-expr","locations":[{"start":{"line":231,"column":24},"end":{"line":231,"column":39}},{"start":{"line":231,"column":43},"end":{"line":231,"column":66}}],"line":231},"15":{"loc":{"start":{"line":233,"column":37},"end":{"line":233,"column":81}},"type":"binary-expr","locations":[{"start":{"line":233,"column":37},"end":{"line":233,"column":51}},{"start":{"line":233,"column":55},"end":{"line":233,"column":81}}],"line":233},"16":{"loc":{"start":{"line":239,"column":26},"end":{"line":239,"column":79}},"type":"binary-expr","locations":[{"start":{"line":239,"column":26},"end":{"line":239,"column":52}},{"start":{"line":239,"column":56},"end":{"line":239,"column":79}}],"line":239},"17":{"loc":{"start":{"line":240,"column":26},"end":{"line":240,"column":68}},"type":"binary-expr","locations":[{"start":{"line":240,"column":26},"end":{"line":240,"column":41}},{"start":{"line":240,"column":45},"end":{"line":240,"column":68}}],"line":240},"18":{"loc":{"start":{"line":280,"column":15},"end":{"line":284,"column":15}},"type":"cond-expr","locations":[{"start":{"line":281,"column":16},"end":{"line":281,"column":58}},{"start":{"line":283,"column":16},"end":{"line":283,"column":80}}],"line":280}},"s":{"0":0,"1":0,"2":0,"3":0,"4":0,"5":0,"6":0,"7":0,"8":0,"9":0,"10":0,"11":0,"12":0,"13":0,"14":0,"15":0,"16":0,"17":0,"18":0,"19":0,"20":0,"21":0,"22":0,"23":0,"24":0,"25":0,"26":0,"27":0,"28":0,"29":0,"30":0,"31":0,"32":0,"33":0,"34":0,"35":0,"36":0,"37":0,"38":0,"39":0,"40":0,"41":0,"42":0,"43":0,"44":0,"45":0,"46":0,"47":0,"48":0,"49":0,"50":0,"51":0,"52":0,"53":0,"54":0,"55":0,"56":0,"57":0,"58":0,"59":0,"60":0,"61":0,"62":0,"63":0,"64":0,"65":0},"f":{"0":0,"1":0,"2":0,"3":0,"4":0,"5":0,"6":0,"7":0,"8":0,"9":0,"10":0},"b":{"0":[0,0],"1":[0,0],"2":[0,0],"3":[0,0],"4":[0,0],"5":[0,0],"6":[0,0],"7":[0,0],"8":[0,0],"9":[0,0],"10":[0,0],"11":[0,0],"12":[0,0],"13":[0,0],"14":[0,0],"15":[0,0],"16":[0,0],"17":[0,0],"18":[0,0]}}
,"/Users/twin1/Documents/Glamora/glamora-app/src/components/ReviewModal.tsx": {"path":"/Users/twin1/Documents/Glamora/glamora-app/src/components/ReviewModal.tsx","statementMap":{"0":{"start":{"line":40,"column":19},"end":{"line":40,"column":28}},"1":{"start":{"line":41,"column":30},"end":{"line":41,"column":41}},"2":{"start":{"line":42,"column":32},"end":{"line":42,"column":44}},"3":{"start":{"line":43,"column":38},"end":{"line":43,"column":53}},"4":{"start":{"line":45,"column":23},"end":{"line":104,"column":3}},"5":{"start":{"line":46,"column":4},"end":{"line":49,"column":5}},"6":{"start":{"line":47,"column":6},"end":{"line":47,"column":63}},"7":{"start":{"line":48,"column":6},"end":{"line":48,"column":13}},"8":{"start":{"line":51,"column":4},"end":{"line":51,"column":24}},"9":{"start":{"line":53,"column":4},"end":{"line":103,"column":5}},"10":{"start":{"line":55,"column":37},"end":{"line":63,"column":10}},"11":{"start":{"line":65,"column":6},"end":{"line":65,"column":41}},"12":{"start":{"line":65,"column":23},"end":{"line":65,"column":41}},"13":{"start":{"line":68,"column":51},"end":{"line":71,"column":47}},"14":{"start":{"line":73,"column":6},"end":{"line":73,"column":39}},"15":{"start":{"line":73,"column":22},"end":{"line":73,"column":39}},"16":{"start":{"line":75,"column":24},"end":{"line":75,"column":86}},"17":{"start":{"line":75,"column":51},"end":{"line":75,"column":65}},"18":{"start":{"line":76,"column":27},"end":{"line":76,"column":41}},"19":{"start":{"line":78,"column":6},"end":{"line":84,"column":39}},"20":{"start":{"line":87,"column":6},"end":{"line":87,"column":47}},"21":{"start":{"line":89,"column":6},"end":{"line":97,"column":9}},"22":{"start":{"line":93,"column":12},"end":{"line":93,"column":24}},"23":{"start":{"line":94,"column":12},"end":{"line":94,"column":26}},"24":{"start":{"line":99,"column":6},"end":{"line":99,"column":44}},"25":{"start":{"line":100,"column":6},"end":{"line":100,"column":71}},"26":{"start":{"line":102,"column":6},"end":{"line":102,"column":27}},"27":{"start":{"line":106,"column":22},"end":{"line":110,"column":3}},"28":{"start":{"line":107,"column":4},"end":{"line":107,"column":17}},"29":{"start":{"line":108,"column":4},"end":{"line":108,"column":19}},"30":{"start":{"line":109,"column":4},"end":{"line":109,"column":14}},"31":{"start":{"line":112,"column":2},"end":{"line":192,"column":4}},"32":{"start":{"line":140,"column":16},"end":{"line":148,"column":35}},"33":{"start":{"line":142,"column":33},"end":{"line":142,"column":48}},"34":{"start":{"line":195,"column":15},"end":{"line":307,"column":2}}},"fnMap":{"0":{"name":"ReviewModal","decl":{"start":{"line":34,"column":24},"end":{"line":34,"column":35}},"loc":{"start":{"line":39,"column":21},"end":{"line":193,"column":1}},"line":39},"1":{"name":"(anonymous_1)","decl":{"start":{"line":45,"column":23},"end":{"line":45,"column":24}},"loc":{"start":{"line":45,"column":35},"end":{"line":104,"column":3}},"line":45},"2":{"name":"(anonymous_2)","decl":{"start":{"line":75,"column":39},"end":{"line":75,"column":40}},"loc":{"start":{"line":75,"column":51},"end":{"line":75,"column":65}},"line":75},"3":{"name":"(anonymous_3)","decl":{"start":{"line":92,"column":19},"end":{"line":92,"column":20}},"loc":{"start":{"line":92,"column":25},"end":{"line":95,"column":11}},"line":92},"4":{"name":"(anonymous_4)","decl":{"start":{"line":106,"column":22},"end":{"line":106,"column":23}},"loc":{"start":{"line":106,"column":28},"end":{"line":110,"column":3}},"line":106},"5":{"name":"(anonymous_5)","decl":{"start":{"line":139,"column":35},"end":{"line":139,"column":36}},"loc":{"start":{"line":140,"column":16},"end":{"line":148,"column":35}},"line":140},"6":{"name":"(anonymous_6)","decl":{"start":{"line":142,"column":27},"end":{"line":142,"column":28}},"loc":{"start":{"line":142,"column":33},"end":{"line":142,"column":48}},"line":142}},"branchMap":{"0":{"loc":{"start":{"line":46,"column":4},"end":{"line":49,"column":5}},"type":"if","locations":[{"start":{"line":46,"column":4},"end":{"line":49,"column":5}},{"start":{},"end":{}}],"line":46},"1":{"loc":{"start":{"line":62,"column":19},"end":{"line":62,"column":34}},"type":"binary-expr","locations":[{"start":{"line":62,"column":19},"end":{"line":62,"column":26}},{"start":{"line":62,"column":30},"end":{"line":62,"column":34}}],"line":62},"2":{"loc":{"start":{"line":65,"column":6},"end":{"line":65,"column":41}},"type":"if","locations":[{"start":{"line":65,"column":6},"end":{"line":65,"column":41}},{"start":{},"end":{}}],"line":65},"3":{"loc":{"start":{"line":73,"column":6},"end":{"line":73,"column":39}},"type":"if","locations":[{"start":{"line":73,"column":6},"end":{"line":73,"column":39}},{"start":{},"end":{}}],"line":73},"4":{"loc":{"start":{"line":100,"column":27},"end":{"line":100,"column":69}},"type":"binary-expr","locations":[{"start":{"line":100,"column":27},"end":{"line":100,"column":40}},{"start":{"line":100,"column":44},"end":{"line":100,"column":69}}],"line":100},"5":{"loc":{"start":{"line":146,"column":21},"end":{"line":146,"column":47}},"type":"cond-expr","locations":[{"start":{"line":146,"column":38},"end":{"line":146,"column":41}},{"start":{"line":146,"column":44},"end":{"line":146,"column":47}}],"line":146},"6":{"loc":{"start":{"line":151,"column":13},"end":{"line":159,"column":13}},"type":"binary-expr","locations":[{"start":{"line":151,"column":13},"end":{"line":151,"column":23}},{"start":{"line":152,"column":14},"end":{"line":158,"column":21}}],"line":151},"7":{"loc":{"start":{"line":153,"column":17},"end":{"line":153,"column":39}},"type":"binary-expr","locations":[{"start":{"line":153,"column":17},"end":{"line":153,"column":29}},{"start":{"line":153,"column":33},"end":{"line":153,"column":39}}],"line":153},"8":{"loc":{"start":{"line":154,"column":17},"end":{"line":154,"column":39}},"type":"binary-expr","locations":[{"start":{"line":154,"column":17},"end":{"line":154,"column":29}},{"start":{"line":154,"column":33},"end":{"line":154,"column":39}}],"line":154},"9":{"loc":{"start":{"line":155,"column":17},"end":{"line":155,"column":39}},"type":"binary-expr","locations":[{"start":{"line":155,"column":17},"end":{"line":155,"column":29}},{"start":{"line":155,"column":33},"end":{"line":155,"column":39}}],"line":155},"10":{"loc":{"start":{"line":156,"column":17},"end":{"line":156,"column":44}},"type":"binary-expr","locations":[{"start":{"line":156,"column":17},"end":{"line":156,"column":29}},{"start":{"line":156,"column":33},"end":{"line":156,"column":44}}],"line":156},"11":{"loc":{"start":{"line":157,"column":17},"end":{"line":157,"column":44}},"type":"binary-expr","locations":[{"start":{"line":157,"column":17},"end":{"line":15
[...]
:5}},{"start":{},"end":{}}],"line":30},"1":{"loc":{"start":{"line":30,"column":8},"end":{"line":30,"column":50}},"type":"binary-expr","locations":[{"start":{"line":30,"column":8},"end":{"line":30,"column":33}},{"start":{"line":30,"column":37},"end":{"line":30,"column":50}}],"line":30},"2":{"loc":{"start":{"line":35,"column":4},"end":{"line":37,"column":5}},"type":"if","locations":[{"start":{"line":35,"column":4},"end":{"line":37,"column":5}},{"start":{},"end":{}}],"line":35},"3":{"loc":{"start":{"line":40,"column":4},"end":{"line":42,"column":5}},"type":"if","locations":[{"start":{"line":40,"column":4},"end":{"line":42,"column":5}},{"start":{},"end":{}}],"line":40},"4":{"loc":{"start":{"line":45,"column":19},"end":{"line":45,"column":54}},"type":"binary-expr","locations":[{"start":{"line":45,"column":19},"end":{"line":45,"column":39}},{"start":{"line":45,"column":43},"end":{"line":45,"column":54}}],"line":45},"5":{"loc":{"start":{"line":48,"column":4},"end":{"line":52,"column":5}},"type":"if","locations":[{"start":{"line":48,"column":4},"end":{"line":52,"column":5}},{"start":{"line":50,"column":11},"end":{"line":52,"column":5}}],"line":48},"6":{"loc":{"start":{"line":50,"column":11},"end":{"line":52,"column":5}},"type":"if","locations":[{"start":{"line":50,"column":11},"end":{"line":52,"column":5}},{"start":{},"end":{}}],"line":50},"7":{"loc":{"start":{"line":72,"column":4},"end":{"line":75,"column":5}},"type":"if","locations":[{"start":{"line":72,"column":4},"end":{"line":75,"column":5}},{"start":{},"end":{}}],"line":72},"8":{"loc":{"start":{"line":81,"column":4},"end":{"line":83,"column":5}},"type":"if","locations":[{"start":{"line":81,"column":4},"end":{"line":83,"column":5}},{"start":{},"end":{}}],"line":81},"9":{"loc":{"start":{"line":87,"column":19},"end":{"line":87,"column":43}},"type":"binary-expr","locations":[{"start":{"line":87,"column":19},"end":{"line":87,"column":26}},{"start":{"line":87,"column":30},"end":{"line":87,"column":43}}],"line":87},"10":{"loc":{"start":{"line":110,"column":4},"end":{"line":117,"column":5}},"type":"if","locations":[{"start":{"line":110,"column":4},"end":{"line":117,"column":5}},{"start":{"line":114,"column":11},"end":{"line":117,"column":5}}],"line":110},"11":{"loc":{"start":{"line":120,"column":4},"end":{"line":126,"column":5}},"type":"if","locations":[{"start":{"line":120,"column":4},"end":{"line":126,"column":5}},{"start":{"line":123,"column":11},"end":{"line":126,"column":5}}],"line":120},"12":{"loc":{"start":{"line":145,"column":4},"end":{"line":148,"column":5}},"type":"if","locations":[{"start":{"line":145,"column":4},"end":{"line":148,"column":5}},{"start":{},"end":{}}],"line":145},"13":{"loc":{"start":{"line":152,"column":4},"end":{"line":155,"column":5}},"type":"if","locations":[{"start":{"line":152,"column":4},"end":{"line":155,"column":5}},{"start":{},"end":{}}],"line":152},"14":{"loc":{"start":{"line":172,"column":23},"end":{"line":172,"column":57}},"type":"cond-expr","locations":[{"start":{"line":172,"column":29},"end":{"line":172,"column":52}},{"start":{"line":172,"column":55},"end":{"line":172,"column":57}}],"line":172},"15":{"loc":{"start":{"line":177,"column":4},"end":{"line":180,"column":5}},"type":"if","locations":[{"start":{"line":177,"column":4},"end":{"line":180,"column":5}},{"start":{},"end":{}}],"line":177},"16":{"loc":{"start":{"line":184,"column":4},"end":{"line":187,"column":5}},"type":"if","locations":[{"start":{"line":184,"column":4},"end":{"line":187,"column":5}},{"start":{},"end":{}}],"line":184},"17":{"loc":{"start":{"line":191,"column":4},"end":{"line":194,"column":5}},"type":"if","locations":[{"start":{"line":191,"column":4},"end":{"line":194,"column":5}},{"start":{},"end":{}}],"line":191},"18":{"loc":{"start":{"line":214,"column":4},"end":{"line":216,"column":5}},"type":"if","locations":[{"start":{"line":214,"column":4},"end":{"line":216,"column":5}},{"start":{},"end":{}}],"line":214},"19":{"loc":{"start":{"line":222,"column":4},"end":{"line":238,"column":5}},"type":"if","locations":[{"start":{"line":222,"column":4},"end":{"line":238,"column":5}},{"start":{"line":235,"column":11},"end":{"line":238,"column":5}}],"line":222},"20":{"loc":{"start":{"line":254,"column":4},"end":{"line":262,"column":5}},"type":"if","locations":[{"start":{"line":254,"column":4},"end":{"line":262,"column":5}},{"start":{"line":258,"column":11},"end":{"line":262,"column":5}}],"line":254},"21":{"loc":{"start":{"line":255,"column":12},"end":{"line":257,"column":39}},"type":"cond-expr","locations":[{"start":{"line":256,"column":10},"end":{"line":256,"column":53}},{"start":{"line":257,"column":10},"end":{"line":257,"column":39}}],"line":255},"22":{"loc":{"start":{"line":259,"column":12},"end":{"line":261,"column":39}},"type":"cond-expr","locations":[{"start":{"line":260,"column":10},"end":{"line":260,"column":53}},{"start":{"line":261,"column":10},"end":{"line":261,"column":39}}],"line":259},"23":{"loc":{"start":{"line":265,"column":4},"end":{"line":271,"column":5}},"type":"if","locations":[{"start":{"line":265,"column":4},"end":{"line":271,"column":5}},{"start":{"line":268,"column":11},"end":{"line":271,"column":5}}],"line":265},"24":{"loc":{"start":{"line":290,"column":28},"end":{"line":290,"column":66}},"type":"cond-expr","locations":[{"start":{"line":290,"column":41},"end":{"line":290,"column":61}},{"start":{"line":290,"column":64},"end":{"line":290,"column":66}}],"line":290},"25":{"loc":{"start":{"line":295,"column":4},"end":{"line":301,"column":5}},"type":"if","locations":[{"start":{"line":295,"column":4},"end":{"line":301,"column":5}},{"start":{"line":298,"column":11},"end":{"line":301,"column":5}}],"line":295}},"s":{"0":0,"1":0,"2":0,"3":0,"4":0,"5":0,"6":0,"7":0,"8":0,"9":0,"10":0,"11":0,"12":0,"13":0,"14":0,"15":0,"16":0,"17":0,"18":0,"19":0,"20":0,"21":0,"22":0,"23":0,"24":0,"25":0,"26":0,"27":0,"28":0,"29":0,"30":0,"31":0,"32":0,"33":0,"34":0,"35":0,"36":0,"37":0,"38":0,"39":0,"40":0,"41":0,"42":0,"43":0,"44":0,"45":0,"46":0,"47":0,"48":0,"49":0,"50":0,"51":0,"52":0,"53":0,"54":0,"55":0,"56":0,"57":0,"58":0,"59":0,"60":0,"61":0,"62":0,"63":0,"64":0,"65":0,"66":0,"67":0,"68":0,"69":0,"70":0,"71":0,"72":0,"73":0,"74":0,"75":0,"76":0,"77":0,"78":0,"79":0,"80":0,"81":0,"82":0,"83":0,"84":0,"85":0,"86":0,"87":0,"88":0,"89":0,"90":0,"91":0,"92":0,"93":0,"94":0,"95":0,"96":0,"97":0,"98":0,"99":0,"100":0,"101":0,"102":0,"103":0,"104":0,"105":0,"106":0,"107":0,"108":0,"109":0,"110":0,"111":0,"112":0,"113":0,"114":0,"115":0,"116":0,"117":0,"118":0,"119":0,"120":0,"121":0,"122":0,"123":0,"124":0,"125":0,"126":0,"127":0,"128":0,"129":0,"130":0,"131":0,"132":0,"133":0,"134":0,"135":0,"136":0,"137":0,"138":0,"139":0,"140":0,"141":0,"142":0,"143":0,"144":0,"145":0,"146":0,"147":0},"f":{"0":0,"1":0,"2":0,"3":0,"4":0,"5":0,"6":0,"7":0,"8":0},"b":{"0":[0,0],"1":[0,0],"2":[0,0],"3":[0,0],"4":[0,0],"5":[0,0],"6":[0,0],"7":[0,0],"8":[0,0],"9":[0,0],"10":[0,0],"11":[0,0],"12":[0,0],"13":[0,0],"14":[0,0],"15":[0,0],"16":[0,0],"17":[0,0],"18":[0,0],"19":[0,0],"20":[0,0],"21":[0,0],"22":[0,0],"23":[0,0],"24":[0,0],"25":[0,0]}}
,"/Users/twin1/Documents/Glamora/glamora-app/src/utils/twoFactorAuth.ts": {"path":"/Users/twin1/Documents/Glamora/glamora-app/src/utils/twoFactorAuth.ts","statementMap":{"0":{"start":{"line":4,"column":31},"end":{"line":4,"column":51}},"1":{"start":{"line":5,"column":30},"end":{"line":5,"column":49}},"2":{"start":{"line":6,"column":30},"end":{"line":6,"column":49}},"3":{"start":{"line":13,"column":34},"end":{"line":21,"column":1}},"4":{"start":{"line":14,"column":2},"end":{"line":20,"column":3}},"5":{"start":{"line":15,"column":20},"end":{"line":15,"column":70}},"6":{"start":{"line":16,"column":4},"end":{"line":16,"column":30}},"7":{"start":{"line":18,"column":4},"end":{"line":18,"column":55}},"8":{"start":{"line":19,"column":4},"end":{"line":19,"column":17}},"9":{"start":{"line":26,"column":34},"end":{"line":34,"column":1}},"10":{"start":{"line":27,"column":2},"end":{"line":33,"column":3}},"11":{"start":{"line":28,"column":19},"end":{"line":28,"column":68}},"12":{"start":{"line":29,"column":4},"end":{"line":29,"column":49}},"13":{"start":{"line":31,"column":4},"end":{"line":31,"column":54}},"14":{"start":{"line":32,"column":4},"end":{"line":32,"column":18}},"15":{"start":{"line":39,"column":31},"end":{"line":47,"column":1}},"16":{"start":{"line":40,"column":2},"end":{"line":46,"column":3}},"17":{"start":{"line":41,"column":4},"end":{"line":41,"column":63}},"18":{"start":{"line":42,"column":4},"end":{"line":42,"column":62}},"19":{"start":{"line":44,"column":4},"end":{"line":44,"column":48}},"20":{"start":{"line":45,"column":4},"end":{"line":45,"column":16}},"21":{"start":{"line":52,"column":32},"end":{"line":60,"column":1}},"22":{"start":{"line":53,"column":2},"end":{"line":59,"column":3}},"23":{"start":{"line":54,"column":4},"end":{"line":54,"column":64}},"24":{"start":{"line":55,"column":4},"end":{"line":55,"column":62}},"25":{"start":{"line":57,"column":4},"end":{"line":57,"column":49}},"26":{"start":{"line":58,"column":4},"end":{"line":58,"column":16}},"27":{"start":{"line":65,"column":41},"end":{"line":95,"column":1}},"28":{"start":{"line":71,"column":2},"end":{"line":94,"column":3}},"29":{"start":{"line":73,"column":22},"end":{"line":78,"column":6}},"30":{"start":{"line":80,"column":4},"end":{"line":85,"column":5}},"31":{"start":{"line":81,"column":6},"end":{"line":84,"column":8}},"32":{"start":{"line":87,"column":4},"end":{"line":87,"column":29}},"33":{"start":{"line":89,"column":4},"end":{"line":89,"column":67}},"34":{"start":{"line":90,"column":4},"end":{"line":93,"column":6}},"35":{"start":{"line":101,"column":39},"end":{"line":131,"column":1}},"36":{"start":{"line":107,"column":2},"end":{"line":130,"column":3}},"37":{"start":{"line":109,"column":22},"end":{"line":114,"column":6}},"38":{"start":{"line":116,"column":4},"end":{"line":121,"column":5}},"39":{"start":{"line":117,"column":6},"end":{"line":120,"column":8}},"40":{"start":{"line":123,"column":4},"end":{"line":123,"column":29}},"41":{"start":{"line":125,"column":4},"end":{"line":125,"column":65}},"42":{"start":{"line":126,"column":4},"end":{"line":129,"column":6}},"43":{"start":{"line":136,"column":29},"end":{"line":176,"column":1}},"44":{"start":{"line":144,"column":2},"end":{"line":175,"column":3}},"45":{"start":{"line":147,"column":4},"end":{"line":159,"column":5}},"46":{"start":{"line":148,"column":6},"end":{"line":152,"column":9}},"47":{"start":{"line":154,"column":6},"end":{"line":158,"column":9}},"48":{"start":{"line":161,"column":4},"end":{"line":166,"column":5}},"49":{"start":{"line":162,"column":6},"end":{"line":165,"column":8}},"50":{"start":{"line":168,"column":4},"end":{"line":168,"column":29}},"51":{"start":{"line":170,"column":4},"end":{"line":170,"column":54}},"52":{"start":{"line":171,"column":4},"end":{"line":174,"column":6}},"53":{"start":{"line":181,"column":34},"end":{"line":189,"column":1}},"54":{"start":{"line":182,"column":2},"end":{"line":188,"column":3}},"55":{"start":{"line":183,"column":20},"end":{"line":183,"column":69}},"56":{"start":{"line":184,"column":4},"end":{"line":184,"column":30}},"57":{"start":{"line":186,"column":4},"end":{"line":186,"column":61}},"58":{"start":{"line":187,"column":4},"end":{"line":187,"column":17}},"59":{"start":{"line":194,"column":31},"end":{"line":201,"column":1}},"60":{"start":{"line":195,"column":2},"end":{"line":200,"column":3}},"61":{"start":{"line":196,"column":4},"end":{"line":196,"column":62}},"62":{"start":{"line":198,"column":4},"end":{"line":198,"column":54}},"63":{"start":{"line":199,"column":4},"end":{"line":199,"column":16}},"64":{"start":{"line":206,"column":32},"end":{"line":213,"column":1}},"65":{"start":{"line":207,"column":2},"end":{"line":212,"column":3}},"66":{"start":{"line":208,"column":4},"end":{"line":208,"column":63}},"67":{"start":{"line":210,"column":4},"end":{"line":210,"column":55}},"68":{"start":{"line":211,"column":4},"end":{"line":211,"column":16}},"69":{"start":{"line":219,"column":40},"end":{"line":221,"column":1}},"70":{"start":{"line":220,"column":2},"end":{"line":220,"column":64}},"71":{"start":{"line":226,"column":30},"end":{"line":226,"column":54}},"72":{"start":{"line":227,"column":37},"end":{"line":227,"column":68}},"73":{"start":{"line":229,"column":37},"end":{"line":237,"column":1}},"74":{"start":{"line":230,"column":2},"end":{"line":236,"column":3}},"75":{"start":{"line":231,"column":23},"end":{"line":231,"column":49}},"76":{"start":{"line":232,"column":4},"end":{"line":232,"column":60}},"77":{"start":{"line":233,"column":4},"end":{"line":233,"column":84}},"78":{"start":{"line":235,"column":4},"end":{"line":235,"column":61}},"79":{"start":{"line":239,"column":41},"end":{"line":259,"column":1}},"80":{"start":{"line":240,"column":2},"end":{"line":258,"column":3}},"81":{"start":{"line":241,"column":17},"end":{"line":241,"column":66}},"82":{"start":{"line":242,"column":19},"end":{"line":242,"column":75}},"83":{"start":{"line":244,"column":4},"end":{"line":244,"column":38}},"84":{"start":{"line":244,"column":26},"end":{"line":244,"column":38}},"85":{"start":{"line":246,"column":23},"end":{"line":246,"column":43}},"86":{"start":{"line":247,"column":4},"end":{"line":252,"column":5}},"87":{"start":{"line":249,"column":6},"end":{"line":249,"column":59}},"88":{"start":{"line":250,"column":6},"end":{"line":250,"column":66}},"89":{"start":{"line":251,"column":6},"end":{"line":251,"column":18}},"90":{"start":{"line":254,"column":4},"end":{"line":254,"column":16}},"91":{"start":{"line":256,"column":4},"end":{"line":256,"column":68}},"92":{"start":{"line":257,"column":4},"end":{"line":257,"column":16}},"93":{"start":{"line":261,"column":37},"end":{"line":268,"column":1}},"94":{"start":{"line":262,"column":2},"end":{"line":267,"column":3}},"95":{"start":{"line":263,"column":4},"end":{"line":263,"column":57}},"96":{"start":{"line":264,"column":4},"end":{"line":264,"column":64}},"97":{"start":{"line":266,"column":4},"end":{"line":266,"column":62}}},"fnMap":{"0":{"name":"(anonymous_0)","decl":{"start":{"line":13,"column":34},"end":{"line":13,"column":35}},"loc":{"start":{"line":13,"column":64},"end":{"line":21,"column":1}},"line":13},"1":{"name":"(anonymous_1)","decl":{"start":{"line":26,"column":34},"end":{"line":26,"column":35}},"loc":{"start":{"line":26,"column":72},"end":{"line":34,"column":1}},"line":26},"2":{"name":"(anonymous_2)","decl":{"start":{"line":39,"column":31},"end":{"line":39,"column":32}},"loc":{"start":{"line":39,"column":81},"end":{"line":47,"column":1}},"line":39},"3":{"name":"(anonymous_3)","decl":{"start":{"line":52,"column":32},"end":{"line":52,"column":33}},"loc":{"start":{"line":52,"column":59},"end":{"line":60,"column":1}},"line":52},"4":{"name":"(anonymous_4)","decl":{"start":{"line":65,"column":41},"end":{"line":65,"column":42}},"loc":{"start":{"line":70,"column":6},"end":{"line":95,"column":1}},"line":70},"5":{"name":"(anonymous_5)","decl":{"start":{"line":101,"column":39},"end":{"line":101,"column":40}},"loc":{"start":{"line":106,"column":6},"end":{"line":131,"column":1}},"line":106},"6":{"name":"(anonymous_6)","decl":{"start":{"line":136,"column":29},"end":{"line":136,"column":30}},"loc":{"start":{"line":143,"column":6},"end":{"line":176,"column":1}},"line":143},"7":{"name":"(anonymous_7)","decl":{"start":{"line":181,"column":34},"end":{"line":181,"column":35}},"loc":{"start":{"line":181,"column":64},"end":{"line":189,"column":1}},"line":181},"8":{"name":"(anonymous_8)","decl":{"start":{"line":194,"column":31},"end":{"line":194,"column":32}},"loc":{"start":{"line":194,"column":58},"end":{"line":201,"column":1}},"line":194},"9":{"name":"(anonymous_9)","decl":{"start":{"line":206,"column":32},"end":{"line":206,"column":33}},"loc":{"start":{"line":206,"column":59},"end":{"line":213,"column":1}},"line":206},"10":{"name":"(anonymous_10)","decl":{"start":{"line":219,"column":40},"end":{"line":219,"column":41}},"loc":{"start":{"line":219,"column":54},"end":{"line":221,"column":1}},"line":219},"11":{"name":"(anonymous_11)","decl":{"start":{"line":229,"column":37},"end":{"line":229,"column":38}},"loc":{"start":{"line":229,"column":76},"end":{"line":237,"column":1}},"line":229},"12":{"name":"(anonymous_12)","decl":{"start":{"line":239,"column":41},"end":{"line":239,"column":42}},"loc":{"start":{"line":239,"column":77},"end":{"line":259,"column":1}},"line":239},"13":{"name":"(anonymous_13)","decl":{"start":{"line":261,"column":37},"end":{"line":261,"column":38}},"loc":{"start":{"line":261,"column":64},"end":{"line":268,"column":1}},"line":261}},"branchMap":{"0":{"loc":{"start":{"line":29,"column":11},"end":{"line":29,"column":48}},"type":"binary-expr","locations":[{"start":{"line":29,"column":12},"end":{"line":29,"column":37}},{"start":{"line":29,"column":42},"end":{"line":29,"column":48}}],"line":29},"1":{"loc":{"start":{"line":80,"column":4},"end":{"line":85,"column":5}},"type":"if","locations":[{"start":{"line":80,"column":4},"end":{"line":85,"column":5}},{"start":{},"end":{}}],"line":80},"2":{"loc":{"start":{"line":92,"column":13},"end":{"line":92,"column":64}},"type":"binary-expr","locations":[{"start":{"line":92,"column":13},"end":{"line":92,"column":26}},{"start":{"line":92,"column":30},"end":{"line":92,"column":64}}],"line":92},"3":{"loc":{"start":{"line":116,"column":4},"end":{"line":121,"column":5}},"type":"if","locations":[{"start":{"line":116,"column":4},"end":{"line":121,"column":5}},{"start":{},"end":{}}],"line":116},"4":{"loc":{"start":{"line":128,"column":13},"end":{"line":128,"column":64}},"type":"binary-expr","locations":[{"start":{"line":128,"column":13},"end":{"line":128,"column":26}},{"start":{"line":128,"column":30},"end":{"line":128,"column":64}}],"line":128},"5":{"loc":{"start":{"line":147,"column":4},"end":{"line":159,"column":5}},"type":"if","locations":[{"start":{"line":147,"column":4},"end":{"line":159,"column":5}},{"start":{"line":153,"column":11},"end":{"line":159,"column":5}}],"line":147},"6":{"loc":{"start":{"line":161,"column":4},"end":{"line":166,"column":5}},"type":"if","locations":[{"start":{"line":161,"column":4},"end":{"line":166,"column":5}},{"start":{},"end":{}}],"line":161},"7":{"loc":{"start":{"line":173,"column":13},"end":{"line":173,"column":53}},"type":"binary-expr","locations":[{"start":{"line":173,"column":13},"end":{"line":173,"column":26}},{"start":{"line":173,"column":30},"end":{"line":173,"column":53}}],"line":173},"8":{"loc":{"start":{"line":244,"column":4},"end":{"line":244,"column":38}},"type":"if","locations":[{"start":{"line":244,"column":4},"end":{"line":244,"column":38}},{"start":{},"end":{}}],"line":244},"9":{"loc":{"start":{"line":244,"column":8},"end":{"line":244,"column":24}},"type":"binary-expr","locations":[{"start":{"line":244,"column":8},"end":{"line":244,"column":13}},{"start":{"line":244,"column":17},"end":{"line":244,"column":24}}],"line":244},"10":{"loc":{"start":{"line":247,"column":4},"end":{"line":252,"column":5}},"type":"if","locations":[{"start":{"line":247,"column":4},"end":{"line":252,"column":5}},{"start":{},"end":{}}],"line":247}},"s":{"0":0,"1":0,"2":0,"3":0,"4":0,"5":0,"6":0,"7":0,"8":0,"9":0,"10":0,"11":0,"12":0,"13":0,"14":0,"15":0,"16":0,"17":0,"18":0,"19":0,"20":0,"21":0,"22":0,"23":0,"24":0,"25":0,"26":0,"27":0,"28":0,"29":0,"30":0,"31":0,"32":0,"33":0,"34":0,"35":0,"36":0,"37":0,"38":0,"39":0,"40":0,"41":0,"42":0,"43":0,"44":0,"45":0,"46":0,"47":0,"48":0,"49":0,"50":0,"51":0,"52":0,"53":0,"54":0,"55":0,"56":0,"57":0,"58":0,"59":0,"60":0,"61":0,"62":0,"63":0,"64":0,"65":0,"66":0,"67":0,"68":0,"69":0,"70":0,"71":0,"72":0,"73":0,"74":0,"75":0,"76":0,"77":0,"78":0,"79":0,"80":0,"81":0,"82":0,"83":0,"84":0,"85":0,"86":0,"87":0,"88":0,"89":0,"90":0,"91":0,"92":0,"93":0,"94":0,"95":0,"96":0,"97":0},"f":{"0":0,"1":0,"2":0,"3":0,"4":0,"5":0,"6":0,"7":0,"8":0,"9":0,"10":0,"11":0,"12":0,"13":0},"b":{"0":[0,0],"1":[0,0],"2":[0,0],"3":[0,0],"4":[0,0],"5":[0,0],"6":[0,0],"7":[0,0],"8":[0,0],"9":[0,0],"10":[0,0]}}
}
