TN:
SF:src/components/AdvancedSearchModal.tsx
FN:30,AdvancedSearchModal
FN:49,(anonymous_1)
FN:61,(anonymous_2)
FN:120,(anonymous_3)
FN:131,(anonymous_4)
FN:143,(anonymous_5)
FN:150,(anonymous_6)
FN:186,(anonymous_7)
FN:193,(anonymous_8)
FN:211,(anonymous_9)
FN:218,(anonymous_10)
FN:237,(anonymous_11)
FNF:12
FNH:0
FNDA:0,AdvancedSearchModal
FNDA:0,(anonymous_1)
FNDA:0,(anonymous_2)
FNDA:0,(anonymous_3)
FNDA:0,(anonymous_4)
FNDA:0,(anonymous_5)
FNDA:0,(anonymous_6)
FNDA:0,(anonymous_7)
FNDA:0,(anonymous_8)
FNDA:0,(anonymous_9)
FNDA:0,(anonymous_10)
FNDA:0,(anonymous_11)
DA:36,0
DA:39,0
DA:40,0
DA:41,0
DA:44,0
DA:47,0
DA:49,0
DA:50,0
DA:58,0
DA:61,0
DA:62,0
DA:63,0
DA:64,0
DA:65,0
DA:66,0
DA:67,0
DA:70,0
DA:78,0
DA:85,0
DA:93,0
DA:120,0
DA:131,0
DA:144,0
DA:150,0
DA:187,0
DA:193,0
DA:212,0
DA:218,0
DA:237,0
DA:267,0
LF:30
LH:0
BRDA:37,0,0,0
BRDA:37,0,1,0
BRDA:39,1,0,0
BRDA:39,1,1,0
BRDA:40,2,0,0
BRDA:40,2,1,0
BRDA:42,3,0,0
BRDA:42,3,1,0
BRDA:45,4,0,0
BRDA:45,4,1,0
BRDA:47,5,0,0
BRDA:47,5,1,0
BRDA:148,6,0,0
BRDA:148,6,1,0
BRDA:155,7,0,0
BRDA:155,7,1,0
BRDA:191,8,0,0
BRDA:191,8,1,0
BRDA:198,9,0,0
BRDA:198,9,1,0
BRDA:216,10,0,0
BRDA:216,10,1,0
BRDA:223,11,0,0
BRDA:223,11,1,0
BRDA:228,12,0,0
BRDA:228,12,1,0
BRDA:245,13,0,0
BRDA:245,13,1,0
BRDA:246,14,0,0
BRDA:246,14,1,0
BRF:30
BRH:0
end_of_record
TN:
SF:src/components/BookingModal.tsx
FN:57,BookingModal
FN:90,(anonymous_1)
FN:97,(anonymous_2)
FN:103,(anonymous_3)
FN:113,(anonymous_4)
FN:129,(anonymous_5)
FN:146,(anonymous_6)
FN:174,(anonymous_7)
FN:209,(anonymous_8)
FN:277,(anonymous_9)
FN:392,(anonymous_10)
FN:423,(anonymous_11)
FN:441,(anonymous_12)
FN:450,(anonymous_13)
FN:462,(anonymous_14)
FN:478,(anonymous_15)
FN:546,(anonymous_16)
FN:554,(anonymous_17)
FN:661,(anonymous_18)
FN:675,(anonymous_19)
FN:682,(anonymous_20)
FN:705,(anonymous_21)
FN:721,(anonymous_22)
FN:737,(anonymous_23)
FN:838,(anonymous_24)
FN:861,(anonymous_25)
FNF:26
FNH:0
FNDA:0,BookingModal
FNDA:0,(anonymous_1)
FNDA:0,(anonymous_2)
FNDA:0,(anonymous_3)
FNDA:0,(anonymous_4)
FNDA:0,(anonymous_5)
FNDA:0,(anonymous_6)
FNDA:0,(anonymous_7)
FNDA:0,(anonymous_8)
FNDA:0,(anonymous_9)
FNDA:0,(anonymous_10)
FNDA:0,(anonymous_11)
FNDA:0,(anonymous_12)
FNDA:0,(anonymous_13)
FNDA:0,(anonymous_14)
FNDA:0,(anonymous_15)
FNDA:0,(anonymous_16)
FNDA:0,(anonymous_17)
FNDA:0,(anonymous_18)
FNDA:0,(anonymous_19)
FNDA:0,(anonymous_20)
FNDA:0,(anonymous_21)
FNDA:0,(anonymous_22)
FNDA:0,(anonymous_23)
FNDA:0,(anonymous_24)
FNDA:0,(anonymous_25)
DA:64,0
DA:65,0
DA:67,0
DA:68,0
DA:69,0
DA:70,0
DA:71,0
DA:72,0
DA:73,0
DA:74,0
DA:75,0
DA:76,0
DA:77,0
DA:78,0
DA:79,0
DA:80,0
DA:83,0
DA:84,0
DA:85,0
DA:86,0
DA:87,0
DA:90,0
DA:91,0
DA:92,0
DA:97,0
DA:98,0
DA:99,0
DA:103,0
DA:104,0
DA:106,0
DA:111,0
DA:112,0
DA:113,0
DA:114,0
DA:115,0
DA:118,0
DA:119,0
DA:122,0
DA:125,0
DA:129,0
DA:130,0
DA:131,0
DA:132,0
DA:137,0
DA:139,0
DA:140,0
DA:142,0
DA:146,0
DA:147,0
DA:148,0
DA:149,0
DA:150,0
DA:151,0
DA:152,0
DA:156,0
DA:157,0
DA:159,0
DA:160,0
DA:161,0
DA:162,0
DA:163,0
DA:164,0
DA:167,0
DA:168,0
DA:170,0
DA:174,0
DA:175,0
DA:176,0
DA:177,0
DA:181,0
DA:182,0
DA:183,0
DA:184,0
DA:188,0
DA:189,0
DA:199,0
DA:200,0
DA:201,0
DA:202,0
DA:206,0
DA:209,0
DA:210,0
DA:211,0
DA:212,0
DA:215,0
DA:217,0
DA:219,0
DA:225,0
DA:226,0
DA:229,0
DA:231,0
DA:234,0
DA:236,0
DA:260,0
DA:261,0
DA:264,0
DA:274,0
DA:277,0
DA:295,0
DA:300,0
DA:303,0
DA:306,0
DA:326,0
DA:327,0
DA:331,0
DA:342,0
DA:344,0
DA:347,0
DA:351,0
DA:353,0
DA:359,0
DA:361,0
DA:365,0
DA:367,0
DA:376,0
DA:378,0
DA:386,0
DA:388,0
DA:391,0
DA:394,0
DA:406,0
DA:408,0
DA:413,0
DA:417,0
DA:424,0
DA:425,0
DA:431,0
DA:435,0
DA:442,0
DA:443,0
DA:452,0
DA:456,0
DA:463,0
DA:464,0
DA:472,0
DA:473,0
DA:474,0
DA:478,0
DA:479,0
DA:480,0
DA:481,0
DA:482,0
DA:483,0
DA:484,0
DA:485,0
DA:486,0
DA:487,0
DA:489,0
DA:490,0
DA:491,0
DA:492,0
DA:493,0
DA:494,0
DA:497,0
DA:547,0
DA:554,0
DA:661,0
DA:676,0
DA:682,0
DA:705,0
DA:721,0
DA:737,0
DA:839,0
DA:861,0
DA:880,0
LF:165
LH:0
BRDA:91,0,0,0
BRDA:91,0,1,0
BRDA:91,1,0,0
BRDA:91,1,1,0
BRDA:98,2,0,0
BRDA:98,2,1,0
BRDA:98,3,0,0
BRDA:98,3,1,0
BRDA:111,4,0,0
BRDA:111,4,1,0
BRDA:150,5,0,0
BRDA:150,5,1,0
BRDA:159,6,0,0
BRDA:159,6,1,0
BRDA:175,7,0,0
BRDA:175,7,1,0
BRDA:175,8,0,0
BRDA:175,8,1,0
BRDA:175,8,2,0
BRDA:175,8,3,0
BRDA:175,8,4,0
BRDA:175,8,5,0
BRDA:182,9,0,0
BRDA:182,9,1,0
BRDA:188,10,0,0
BRDA:188,10,1,0
BRDA:195,11,0,0
BRDA:195,11,1,0
BRDA:196,12,0,0
BRDA:196,12,1,0
BRDA:200,13,0,0
BRDA:200,13,1,0
BRDA:210,14,0,0
BRDA:210,14,1,0
BRDA:225,15,0,0
BRDA:225,15,1,0
BRDA:225,16,0,0
BRDA:225,16,1,0
BRDA:234,17,0,0
BRDA:234,17,1,0
BRDA:247,18,0,0
BRDA:247,18,1,0
BRDA:248,19,0,0
BRDA:248,19,1,0
BRDA:254,20,0,0
BRDA:254,20,1,0
BRDA:260,21,0,0
BRDA:260,21,1,0
BRDA:270,22,0,0
BRDA:270,22,1,0
BRDA:271,23,0,0
BRDA:271,23,1,0
BRDA:289,24,0,0
BRDA:289,24,1,0
BRDA:300,25,0,0
BRDA:300,25,1,0
BRDA:320,26,0,0
BRDA:320,26,1,0
BRDA:326,27,0,0
BRDA:326,27,1,0
BRDA:344,28,0,0
BRDA:344,28,1,0
BRDA:351,29,0,0
BRDA:351,29,1,0
BRDA:365,30,0,0
BRDA:365,30,1,0
BRDA:365,31,0,0
BRDA:365,31,1,0
BRDA:373,32,0,0
BRDA:373,32,1,0
BRDA:374,33,0,0
BRDA:374,33,1,0
BRDA:406,34,0,0
BRDA:406,34,1,0
BRDA:406,35,0,0
BRDA:406,35,1,0
BRDA:413,36,0,0
BRDA:413,36,1,0
BRDA:431,37,0,0
BRDA:431,37,1,0
BRDA:432,38,0,0
BRDA:432,38,1,0
BRDA:433,39,0,0
BRDA:433,39,1,0
BRDA:452,40,0,0
BRDA:452,40,1,0
BRDA:473,41,0,0
BRDA:473,41,1,0
BRDA:510,42,0,0
BRDA:510,42,1,0
BRDA:510,43,0,0
BRDA:510,43,1,0
BRDA:524,44,0,0
BRDA:524,44,1,0
BRDA:540,45,0,0
BRDA:540,45,1,0
BRDA:540,46,0,0
BRDA:540,46,1,0
BRDA:540,46,2,0
BRDA:551,47,0,0
BRDA:551,47,1,0
BRDA:552,48,0,0
BRDA:552,48,1,0
BRDA:554,49,0,0
BRDA:554,49,1,0
BRDA:560,50,0,0
BRDA:560,50,1,0
BRDA:561,51,0,0
BRDA:561,51,1,0
BRDA:569,52,0,0
BRDA:569,52,1,0
BRDA:569,53,0,0
BRDA:569,53,1,0
BRDA:574,54,0,0
BRDA:574,54,1,0
BRDA:574,55,0,0
BRDA:574,55,1,0
BRDA:592,56,0,0
BRDA:592,56,1,0
BRDA:663,57,0,0
BRDA:663,57,1,0
BRDA:664,58,0,0
BRDA:664,58,1,0
BRDA:666,59,0,0
BRDA:666,59,1,0
BRDA:670,60,0,0
BRDA:670,60,1,0
BRDA:680,61,0,0
BRDA:680,61,1,0
BRDA:687,62,0,0
BRDA:687,62,1,0
BRDA:703,63,0,0
BRDA:703,63,1,0
BRDA:710,64,0,0
BRDA:710,64,1,0
BRDA:719,65,0,0
BRDA:719,65,1,0
BRDA:726,66,0,0
BRDA:726,66,1,0
BRDA:735,67,0,0
BRDA:735,67,1,0
BRDA:742,68,0,0
BRDA:742,68,1,0
BRDA:751,69,0,0
BRDA:751,69,1,0
BRDA:764,70,0,0
BRDA:764,70,1,0
BRDA:776,71,0,0
BRDA:776,71,1,0
BRDA:776,71,2,0
BRDA:776,71,3,0
BRDA:786,72,0,0
BRDA:786,72,1,0
BRDA:787,73,0,0
BRDA:787,73,1,0
BRDA:790,74,0,0
BRDA:790,74,1,0
BRDA:798,75,0,0
BRDA:798,75,1,0
BRDA:799,76,0,0
BRDA:799,76,1,0
BRDA:806,77,0,0
BRDA:806,77,1,0
BRDA:807,78,0,0
BRDA:807,78,1,0
BRDA:826,79,0,0
BRDA:826,79,1,0
BRDA:868,80,0,0
BRDA:868,80,1,0
BRF:169
BRH:0
end_of_record
TN:
SF:src/components/PersonalizedHome.tsx
FN:38,PersonalizedHome
FN:50,(anonymous_1)
FN:54,(anonymous_2)
FN:136,(anonymous_3)
FN:137,(anonymous_4)
FN:158,(anonymous_5)
FN:163,(anonymous_6)
FN:170,(anonymous_7)
FN:199,(anonymous_8)
FN:230,(anonymous_9)
FN:242,(anonymous_10)
FN:249,(anonymous_11)
FN:269,(anonymous_12)
FN:273,(anonymous_13)
FN:288,(anonymous_14)
FN:292,(anonymous_15)
FN:317,(anonymous_16)
FN:321,(anonymous_17)
FNF:18
FNH:0
FNDA:0,PersonalizedHome
FNDA:0,(anonymous_1)
FNDA:0,(anonymous_2)
FNDA:0,(anonymous_3)
FNDA:0,(anonymous_4)
FNDA:0,(anonymous_5)
FNDA:0,(anonymous_6)
FNDA:0,(anonymous_7)
FNDA:0,(anonymous_8)
FNDA:0,(anonymous_9)
FNDA:0,(anonymous_10)
FNDA:0,(anonymous_11)
FNDA:0,(anonymous_12)
FNDA:0,(anonymous_13)
FNDA:0,(anonymous_14)
FNDA:0,(anonymous_15)
FNDA:0,(anonymous_16)
FNDA:0,(anonymous_17)
DA:39,0
DA:40,0
DA:41,0
DA:42,0
DA:43,0
DA:44,0
DA:45,0
DA:46,0
DA:47,0
DA:48,0
DA:50,0
DA:51,0
DA:54,0
DA:55,0
DA:57,0
DA:63,0
DA:64,0
DA:68,0
DA:74,0
DA:77,0
DA:83,0
DA:84,0
DA:89,0
DA:90,0
DA:95,0
DA:100,0
DA:115,0
DA:116,0
DA:120,0
DA:134,0
DA:135,0
DA:136,0
DA:137,0
DA:138,0
DA:142,0
DA:149,0
DA:151,0
DA:153,0
DA:154,0
DA:158,0
DA:159,0
DA:160,0
DA:163,0
DA:164,0
DA:170,0
DA:171,0
DA:174,0
DA:175,0
DA:182,0
DA:199,0
DA:230,0
DA:242,0
DA:249,0
DA:270,0
DA:273,0
DA:289,0
DA:292,0
DA:318,0
DA:321,0
DA:347,0
LF:60
LH:0
BRDA:63,0,0,0
BRDA:63,0,1,0
BRDA:74,1,0,0
BRDA:74,1,1,0
BRDA:83,2,0,0
BRDA:83,2,1,0
BRDA:85,3,0,0
BRDA:85,3,1,0
BRDA:89,4,0,0
BRDA:89,4,1,0
BRDA:95,5,0,0
BRDA:95,5,1,0
BRDA:115,6,0,0
BRDA:115,6,1,0
BRDA:115,7,0,0
BRDA:115,7,1,0
BRDA:134,8,0,0
BRDA:134,8,1,0
BRDA:149,9,0,0
BRDA:149,9,1,0
BRDA:174,10,0,0
BRDA:174,10,1,0
BRDA:190,11,0,0
BRDA:190,11,1,0
BRDA:196,12,0,0
BRDA:196,12,1,0
BRDA:211,13,0,0
BRDA:211,13,1,0
BRDA:265,14,0,0
BRDA:265,14,1,0
BRDA:284,15,0,0
BRDA:284,15,1,0
BRDA:304,16,0,0
BRDA:304,16,1,0
BRDA:333,17,0,0
BRDA:333,17,1,0
BRDA:337,18,0,0
BRDA:337,18,1,0
BRF:38
BRH:0
end_of_record
TN:
SF:src/components/RescheduleModal.tsx
FN:33,RescheduleModal
FN:51,(anonymous_1)
FN:58,(anonymous_2)
FN:64,(anonymous_3)
FN:73,(anonymous_4)
FN:88,(anonymous_5)
FN:104,(anonymous_6)
FN:191,(anonymous_7)
FN:197,(anonymous_8)
FN:225,(anonymous_9)
FN:233,(anonymous_10)
FNF:11
FNH:0
FNDA:0,RescheduleModal
FNDA:0,(anonymous_1)
FNDA:0,(anonymous_2)
FNDA:0,(anonymous_3)
FNDA:0,(anonymous_4)
FNDA:0,(anonymous_5)
FNDA:0,(anonymous_6)
FNDA:0,(anonymous_7)
FNDA:0,(anonymous_8)
FNDA:0,(anonymous_9)
FNDA:0,(anonymous_10)
DA:43,0
DA:44,0
DA:45,0
DA:46,0
DA:47,0
DA:48,0
DA:51,0
DA:52,0
DA:53,0
DA:58,0
DA:59,0
DA:60,0
DA:64,0
DA:65,0
DA:66,0
DA:71,0
DA:72,0
DA:73,0
DA:74,0
DA:75,0
DA:77,0
DA:78,0
DA:81,0
DA:84,0
DA:88,0
DA:89,0
DA:90,0
DA:91,0
DA:96,0
DA:98,0
DA:100,0
DA:104,0
DA:105,0
DA:106,0
DA:107,0
DA:110,0
DA:111,0
DA:112,0
DA:115,0
DA:121,0
DA:124,0
DA:132,0
DA:135,0
DA:136,0
DA:137,0
DA:139,0
DA:140,0
DA:142,0
DA:148,0
DA:149,0
DA:150,0
DA:152,0
DA:154,0
DA:158,0
DA:159,0
DA:161,0
DA:162,0
DA:164,0
DA:191,0
DA:197,0
DA:226,0
DA:233,0
DA:293,0
LF:63
LH:0
BRDA:52,0,0,0
BRDA:52,0,1,0
BRDA:52,1,0,0
BRDA:52,1,1,0
BRDA:59,2,0,0
BRDA:59,2,1,0
BRDA:59,3,0,0
BRDA:59,3,1,0
BRDA:71,4,0,0
BRDA:71,4,1,0
BRDA:105,5,0,0
BRDA:105,5,1,0
BRDA:105,6,0,0
BRDA:105,6,1,0
BRDA:121,7,0,0
BRDA:121,7,1,0
BRDA:132,8,0,0
BRDA:132,8,1,0
BRDA:135,9,0,0
BRDA:135,9,1,0
BRDA:152,10,0,0
BRDA:152,10,1,0
BRDA:218,11,0,0
BRDA:218,11,1,0
BRDA:223,12,0,0
BRDA:223,12,1,0
BRDA:230,13,0,0
BRDA:230,13,1,0
BRDA:231,14,0,0
BRDA:231,14,1,0
BRDA:233,15,0,0
BRDA:233,15,1,0
BRDA:239,16,0,0
BRDA:239,16,1,0
BRDA:240,17,0,0
BRDA:240,17,1,0
BRDA:280,18,0,0
BRDA:280,18,1,0
BRF:38
BRH:0
end_of_record
TN:
SF:src/components/ReviewModal.tsx
FN:34,ReviewModal
FN:45,(anonymous_1)
FN:75,(anonymous_2)
FN:92,(anonymous_3)
FN:106,(anonymous_4)
FN:139,(anonymous_5)
FN:142,(anonymous_6)
FNF:7
FNH:0
FNDA:0,ReviewModal
FNDA:0,(anonymous_1)
FNDA:0,(anonymous_2)
FNDA:0,(anonymous_3)
FNDA:0,(anonymous_4)
FNDA:0,(anonymous_5)
FNDA:0,(anonymous_6)
DA:40,0
DA:41,0
DA:42,0
DA:43,0
DA:45,0
DA:46,0
DA:47,0
DA:48,0
DA:51,0
DA:53,0
DA:55,0
DA:65,0
DA:68,0
DA:73,0
DA:75,0
DA:76,0
DA:78,0
DA:87,0
DA:89,0
DA:93,0
DA:94,0
DA:99,0
DA:100,0
DA:102,0
DA:106,0
DA:107,0
DA:108,0
DA:109,0
DA:112,0
DA:140,0
DA:142,0
DA:195,0
LF:32
LH:0
BRDA:46,0,0,0
BRDA:46,0,1,0
BRDA:62,1,0,0
BRDA:62,1,1,0
BRDA:65,2,0,0
BRDA:65,2,1,0
BRDA:73,3,0,0
BRDA:73,3,1,0
BRDA:100,4,0,0
BRDA:100,4,1,0
BRDA:146,5,0,0
BRDA:146,5,1,0
BRDA:151,6,0,0
BRDA:151,6,1,0
BRDA:153,7,0,0
BRDA:153,7,1,0
BRDA:154,8,0,0
BRDA:154,8,1,0
BRDA:155,9,0,0
BRDA:155,9,1,0
BRDA:156,10,0,0
BRDA:156,10,1,0
BRDA:157,11,0,0
BRDA:157,11,1,0
BRDA:179,12,0,0
BRDA:179,12,1,0
BRDA:183,13,0,0
BRDA:183,13,1,0
BRF:28
BRH:0
end_of_record
TN:
SF:src/components/SharePortfolioModal.tsx
FN:36,SharePortfolioModal
FN:42,(anonymous_1)
FN:46,(anonymous_2)
FN:50,(anonymous_3)
FN:132,(anonymous_4)
FN:145,(anonymous_5)
FN:158,(anonymous_6)
FN:171,(anonymous_7)
FN:184,(anonymous_8)
FN:197,(anonymous_9)
FNF:10
FNH:0
FNDA:0,SharePortfolioModal
FNDA:0,(anonymous_1)
FNDA:0,(anonymous_2)
FNDA:0,(anonymous_3)
FNDA:0,(anonymous_4)
FNDA:0,(anonymous_5)
FNDA:0,(anonymous_6)
FNDA:0,(anonymous_7)
FNDA:0,(anonymous_8)
FNDA:0,(anonymous_9)
DA:42,0
DA:43,0
DA:46,0
DA:47,0
DA:50,0
DA:51,0
DA:52,0
DA:54,0
DA:55,0
DA:57,0
DA:60,0
DA:61,0
DA:63,0
DA:64,0
DA:66,0
DA:67,0
DA:69,0
DA:73,0
DA:75,0
DA:76,0
DA:79,0
DA:84,0
DA:87,0
DA:89,0
DA:90,0
DA:91,0
DA:92,0
DA:96,0
DA:100,0
DA:132,0
DA:145,0
DA:158,0
DA:171,0
DA:184,0
DA:197,0
DA:215,0
LF:36
LH:0
BRDA:43,0,0,0
BRDA:43,0,1,0
BRDA:57,1,0,0
BRDA:57,1,1,0
BRDA:57,1,2,0
BRDA:57,1,3,0
BRDA:57,1,4,0
BRDA:57,1,5,0
BRDA:57,1,6,0
BRDA:87,2,0,0
BRDA:87,2,1,0
BRDA:91,3,0,0
BRDA:91,3,1,0
BRDA:120,4,0,0
BRDA:120,4,1,0
BRF:15
BRH:0
end_of_record
TN:
SF:src/components/ShareProviderModal.tsx
FN:37,ShareProviderModal
FN:46,(anonymous_1)
FN:94,(anonymous_2)
FN:98,(anonymous_3)
FN:102,(anonymous_4)
FN:148,(anonymous_5)
FN:215,(anonymous_6)
FN:228,(anonymous_7)
FN:241,(anonymous_8)
FN:254,(anonymous_9)
FN:267,(anonymous_10)
FN:280,(anonymous_11)
FNF:12
FNH:0
FNDA:0,ShareProviderModal
FNDA:0,(anonymous_1)
FNDA:0,(anonymous_2)
FNDA:0,(anonymous_3)
FNDA:0,(anonymous_4)
FNDA:0,(anonymous_5)
FNDA:0,(anonymous_6)
FNDA:0,(anonymous_7)
FNDA:0,(anonymous_8)
FNDA:0,(anonymous_9)
FNDA:0,(anonymous_10)
FNDA:0,(anonymous_11)
DA:42,0
DA:43,0
DA:44,0
DA:46,0
DA:47,0
DA:48,0
DA:50,0
DA:56,0
DA:59,0
DA:62,0
DA:69,0
DA:70,0
DA:73,0
DA:84,0
DA:85,0
DA:88,0
DA:90,0
DA:94,0
DA:95,0
DA:98,0
DA:99,0
DA:102,0
DA:103,0
DA:104,0
DA:106,0
DA:107,0
DA:109,0
DA:111,0
DA:112,0
DA:114,0
DA:115,0
DA:117,0
DA:121,0
DA:123,0
DA:124,0
DA:126,0
DA:127,0
DA:130,0
DA:135,0
DA:138,0
DA:140,0
DA:141,0
DA:144,0
DA:148,0
DA:149,0
DA:150,0
DA:151,0
DA:152,0
DA:156,0
DA:215,0
DA:228,0
DA:241,0
DA:254,0
DA:267,0
DA:280,0
DA:298,0
LF:56
LH:0
BRDA:56,0,0,0
BRDA:56,0,1,0
BRDA:69,1,0,0
BRDA:69,1,1,0
BRDA:84,2,0,0
BRDA:84,2,1,0
BRDA:88,3,0,0
BRDA:88,3,1,0
BRDA:95,4,0,0
BRDA:95,4,1,0
BRDA:99,5,0,0
BRDA:99,5,1,0
BRDA:109,6,0,0
BRDA:109,6,1,0
BRDA:109,6,2,0
BRDA:109,6,3,0
BRDA:109,6,4,0
BRDA:109,6,5,0
BRDA:109,6,6,0
BRDA:138,7,0,0
BRDA:138,7,1,0
BRDA:149,8,0,0
BRDA:149,8,1,0
BRDA:185,9,0,0
BRDA:185,9,1,0
BRDA:192,10,0,0
BRDA:192,10,1,0
BRF:27
BRH:0
end_of_record
TN:
SF:src/constants/theme.ts
FNF:0
FNH:0
DA:1,0
DA:39,0
DA:48,0
DA:56,0
DA:66,0
DA:73,0
DA:97,0
LF:7
LH:0
BRF:0
BRH:0
end_of_record
TN:
SF:src/contexts/AnalyticsContext.tsx
FN:16,(anonymous_0)
FN:21,(anonymous_1)
FN:22,(anonymous_2)
FN:36,(anonymous_3)
FN:37,(anonymous_4)
FN:62,(anonymous_5)
FN:67,(anonymous_6)
FN:72,(anonymous_7)
FN:77,(anonymous_8)
FN:82,(anonymous_9)
FN:103,(anonymous_10)
FNF:11
FNH:0
FNDA:0,(anonymous_0)
FNDA:0,(anonymous_1)
FNDA:0,(anonymous_2)
FNDA:0,(anonymous_3)
FNDA:0,(anonymous_4)
FNDA:0,(anonymous_5)
FNDA:0,(anonymous_6)
FNDA:0,(anonymous_7)
FNDA:0,(anonymous_8)
FNDA:0,(anonymous_9)
FNDA:0,(anonymous_10)
DA:14,0
DA:16,0
DA:17,0
DA:18,0
DA:21,0
DA:22,0
DA:23,0
DA:24,0
DA:25,0
DA:26,0
DA:28,0
DA:32,0
DA:36,0
DA:37,0
DA:38,0
DA:39,0
DA:41,0
DA:47,0
DA:48,0
DA:50,0
DA:52,0
DA:54,0
DA:55,0
DA:59,0
DA:62,0
DA:63,0
DA:64,0
DA:67,0
DA:68,0
DA:69,0
DA:72,0
DA:73,0
DA:74,0
DA:77,0
DA:78,0
DA:79,0
DA:82,0
DA:83,0
DA:84,0
DA:87,0
DA:103,0
DA:104,0
DA:105,0
DA:106,0
DA:108,0
LF:45
LH:0
BRDA:38,0,0,0
BRDA:38,0,1,0
BRDA:38,1,0,0
BRDA:38,1,1,0
BRDA:52,2,0,0
BRDA:52,2,1,0
BRDA:52,3,0,0
BRDA:52,3,1,0
BRDA:63,4,0,0
BRDA:63,4,1,0
BRDA:68,5,0,0
BRDA:68,5,1,0
BRDA:73,6,0,0
BRDA:73,6,1,0
BRDA:77,7,0,0
BRDA:78,8,0,0
BRDA:78,8,1,0
BRDA:83,9,0,0
BRDA:83,9,1,0
BRDA:105,10,0,0
BRDA:105,10,1,0
BRF:21
BRH:0
end_of_record
TN:
SF:src/contexts/AuthContext.tsx
FN:24,(anonymous_0)
FN:30,(anonymous_1)
FN:35,(anonymous_2)
FN:48,(anonymous_3)
FN:67,(anonymous_4)
FN:73,(anonymous_5)
FN:80,(anonymous_6)
FN:98,(anonymous_7)
FN:117,(anonymous_8)
FN:137,(anonymous_9)
FN:183,(anonymous_10)
FN:233,(anonymous_11)
FN:260,(anonymous_12)
FNF:13
FNH:0
FNDA:0,(anonymous_0)
FNDA:0,(anonymous_1)
FNDA:0,(anonymous_2)
FNDA:0,(anonymous_3)
FNDA:0,(anonymous_4)
FNDA:0,(anonymous_5)
FNDA:0,(anonymous_6)
FNDA:0,(anonymous_7)
FNDA:0,(anonymous_8)
FNDA:0,(anonymous_9)
FNDA:0,(anonymous_10)
FNDA:0,(anonymous_11)
FNDA:0,(anonymous_12)
DA:22,0
DA:24,0
DA:25,0
DA:26,0
DA:27,0
DA:28,0
DA:30,0
DA:32,0
DA:35,0
DA:36,0
DA:37,0
DA:38,0
DA:39,0
DA:41,0
DA:43,0
DA:48,0
DA:49,0
DA:50,0
DA:51,0
DA:52,0
DA:54,0
DA:55,0
DA:57,0
DA:58,0
DA:60,0
DA:65,0
DA:67,0
DA:68,0
DA:69,0
DA:73,0
DA:74,0
DA:76,0
DA:80,0
DA:81,0
DA:82,0
DA:88,0
DA:89,0
DA:92,0
DA:94,0
DA:98,0
DA:99,0
DA:100,0
DA:101,0
DA:103,0
DA:104,0
DA:108,0
DA:109,0
DA:112,0
DA:113,0
DA:117,0
DA:125,0
DA:131,0
DA:134,0
DA:137,0
DA:138,0
DA:139,0
DA:140,0
DA:144,0
DA:150,0
DA:152,0
DA:159,0
DA:165,0
DA:166,0
DA:170,0
DA:176,0
DA:179,0
DA:183,0
DA:184,0
DA:185,0
DA:186,0
DA:190,0
DA:196,0
DA:198,0
DA:205,0
DA:209,0
DA:215,0
DA:216,0
DA:220,0
DA:226,0
DA:229,0
DA:233,0
DA:234,0
DA:235,0
DA:238,0
DA:241,0
DA:260,0
DA:261,0
DA:262,0
DA:263,0
DA:265,0
LF:90
LH:0
BRDA:37,0,0,0
BRDA:37,0,1,0
BRDA:38,1,0,0
BRDA:38,1,1,0
BRDA:50,2,0,0
BRDA:50,2,1,0
BRDA:51,3,0,0
BRDA:51,3,1,0
BRDA:74,4,0,0
BRDA:74,4,1,0
BRDA:74,5,0,0
BRDA:74,5,1,0
BRDA:88,6,0,0
BRDA:88,6,1,0
BRDA:88,7,0,0
BRDA:88,7,1,0
BRDA:101,8,0,0
BRDA:101,8,1,0
BRDA:131,9,0,0
BRDA:131,9,1,0
BRDA:139,10,0,0
BRDA:139,10,1,0
BRDA:139,11,0,0
BRDA:139,11,1,0
BRDA:140,12,0,0
BRDA:140,12,1,0
BRDA:150,13,0,0
BRDA:150,13,1,0
BRDA:161,14,0,0
BRDA:161,14,1,0
BRDA:161,14,2,0
BRDA:165,15,0,0
BRDA:165,15,1,0
BRDA:185,16,0,0
BRDA:185,16,1,0
BRDA:185,17,0,0
BRDA:185,17,1,0
BRDA:186,18,0,0
BRDA:186,18,1,0
BRDA:196,19,0,0
BRDA:196,19,1,0
BRDA:205,20,0,0
BRDA:205,20,1,0
BRDA:207,21,0,0
BRDA:207,21,1,0
BRDA:215,22,0,0
BRDA:215,22,1,0
BRDA:235,23,0,0
BRDA:235,23,1,0
BRDA:262,24,0,0
BRDA:262,24,1,0
BRF:51
BRH:0
end_of_record
TN:
SF:src/contexts/NotificationsContext.tsx
FN:25,(anonymous_0)
FN:27,(anonymous_1)
FN:39,(anonymous_2)
FN:52,(anonymous_3)
FN:57,(anonymous_4)
FN:62,(anonymous_5)
FN:72,(anonymous_6)
FN:88,(anonymous_7)
FNF:8
FNH:0
FNDA:0,(anonymous_0)
FNDA:0,(anonymous_1)
FNDA:0,(anonymous_2)
FNDA:0,(anonymous_3)
FNDA:0,(anonymous_4)
FNDA:0,(anonymous_5)
FNDA:0,(anonymous_6)
FNDA:0,(anonymous_7)
DA:19,0
DA:25,0
DA:27,0
DA:30,0
DA:31,0
DA:32,0
DA:35,0
DA:36,0
DA:37,0
DA:39,0
DA:40,0
DA:41,0
DA:44,0
DA:45,0
DA:47,0
DA:48,0
DA:52,0
DA:53,0
DA:54,0
DA:57,0
DA:58,0
DA:59,0
DA:62,0
DA:63,0
DA:64,0
DA:66,0
DA:67,0
DA:72,0
DA:73,0
DA:74,0
DA:76,0
DA:77,0
DA:78,0
DA:79,0
DA:80,0
DA:81,0
DA:84,0
DA:88,0
DA:89,0
DA:92,0
DA:95,0
DA:96,0
DA:99,0
DA:100,0
DA:103,0
DA:104,0
DA:107,0
DA:108,0
DA:111,0
DA:112,0
DA:114,0
DA:118,0
LF:52
LH:0
BRDA:40,0,0,0
BRDA:40,0,1,0
BRDA:44,1,0,0
BRDA:44,1,1,0
BRDA:44,2,0,0
BRDA:44,2,1,0
BRDA:63,3,0,0
BRDA:63,3,1,0
BRDA:66,4,0,0
BRDA:66,4,1,0
BRDA:74,5,0,0
BRDA:74,5,1,0
BRDA:77,6,0,0
BRDA:77,6,1,0
BRDA:92,7,0,0
BRDA:92,7,1,0
BRDA:92,7,2,0
BRDA:92,7,3,0
BRDA:92,7,4,0
BRDA:92,7,5,0
BRF:20
BRH:0
end_of_record
TN:
SF:src/hooks/useScreenTracking.ts
FN:10,(anonymous_0)
FN:13,(anonymous_1)
FNF:2
FNH:0
FNDA:0,(anonymous_0)
FNDA:0,(anonymous_1)
DA:10,0
DA:11,0
DA:13,0
DA:14,0
DA:15,0
LF:5
LH:0
BRDA:14,0,0,0
BRDA:14,0,1,0
BRF:2
BRH:0
end_of_record
TN:
SF:src/navigation/AdminTabNavigator.tsx
FN:12,AdminTabNavigator
FN:31,(anonymous_1)
FN:40,(anonymous_2)
FNF:3
FNH:0
FNDA:0,AdminTabNavigator
FNDA:0,(anonymous_1)
FNDA:0,(anonymous_2)
DA:10,0
DA:13,0
DA:32,0
DA:41,0
LF:4
LH:0
BRF:0
BRH:0
end_of_record
TN:
SF:src/navigation/CustomerTabNavigator.tsx
FN:14,CustomerTabNavigator
FN:17,(anonymous_1)
FN:18,(anonymous_2)
FNF:3
FNH:0
FNDA:0,CustomerTabNavigator
FNDA:0,(anonymous_1)
FNDA:0,(anonymous_2)
DA:12,0
DA:15,0
DA:17,0
DA:19,0
DA:21,0
DA:22,0
DA:23,0
DA:24,0
DA:25,0
DA:26,0
DA:27,0
DA:28,0
DA:31,0
LF:13
LH:0
BRDA:21,0,0,0
BRDA:21,0,1,0
BRDA:22,1,0,0
BRDA:22,1,1,0
BRDA:23,2,0,0
BRDA:23,2,1,0
BRDA:24,3,0,0
BRDA:24,3,1,0
BRDA:25,4,0,0
BRDA:25,4,1,0
BRDA:26,5,0,0
BRDA:26,5,1,0
BRDA:27,6,0,0
BRDA:27,6,1,0
BRDA:28,7,0,0
BRDA:28,7,1,0
BRF:16
BRH:0
end_of_record
TN:
SF:src/navigation/ProviderTabNavigator.tsx
FN:14,ProviderTabNavigator
FN:17,(anonymous_1)
FN:18,(anonymous_2)
FNF:3
FNH:0
FNDA:0,ProviderTabNavigator
FNDA:0,(anonymous_1)
FNDA:0,(anonymous_2)
DA:12,0
DA:15,0
DA:17,0
DA:19,0
DA:21,0
DA:22,0
DA:23,0
DA:24,0
DA:25,0
DA:26,0
DA:27,0
DA:28,0
DA:31,0
LF:13
LH:0
BRDA:21,0,0,0
BRDA:21,0,1,0
BRDA:22,1,0,0
BRDA:22,1,1,0
BRDA:23,2,0,0
BRDA:23,2,1,0
BRDA:24,3,0,0
BRDA:24,3,1,0
BRDA:25,4,0,0
BRDA:25,4,1,0
BRDA:26,5,0,0
BRDA:26,5,1,0
BRDA:27,6,0,0
BRDA:27,6,1,0
BRDA:28,7,0,0
BRDA:28,7,1,0
BRF:16
BRH:0
end_of_record
TN:
SF:src/navigation/index.tsx
FN:34,Navigation
FNF:1
FNH:0
FNDA:0,Navigation
DA:32,0
DA:35,0
DA:37,0
DA:38,0
DA:47,0
LF:5
LH:0
BRDA:37,0,0,0
BRDA:37,0,1,0
BRDA:50,1,0,0
BRDA:50,1,1,0
BRDA:65,2,0,0
BRDA:65,2,1,0
BRDA:95,3,0,0
BRDA:95,3,1,0
BRDA:130,4,0,0
BRDA:130,4,1,0
BRF:10
BRH:0
end_of_record
TN:
SF:src/screens/ChatScreen.tsx
FN:35,(anonymous_0)
FN:40,(anonymous_1)
FN:41,(anonymous_2)
FN:75,(anonymous_3)
FN:94,ChatScreen
FN:112,(anonymous_5)
FN:128,(anonymous_6)
FN:130,(anonymous_7)
FN:148,(anonymous_8)
FN:157,(anonymous_9)
FN:165,(anonymous_10)
FN:185,(anonymous_11)
FN:198,(anonymous_12)
FN:215,(anonymous_13)
FN:228,(anonymous_14)
FN:236,(anonymous_15)
FN:255,(anonymous_16)
FN:268,(anonymous_17)
FN:279,(anonymous_18)
FN:318,(anonymous_19)
FN:324,(anonymous_20)
FN:335,(anonymous_21)
FN:345,(anonymous_22)
FN:424,(anonymous_23)
FNF:24
FNH:0
FNDA:0,(anonymous_0)
FNDA:0,(anonymous_1)
FNDA:0,(anonymous_2)
FNDA:0,(anonymous_3)
FNDA:0,ChatScreen
FNDA:0,(anonymous_5)
FNDA:0,(anonymous_6)
FNDA:0,(anonymous_7)
FNDA:0,(anonymous_8)
FNDA:0,(anonymous_9)
FNDA:0,(anonymous_10)
FNDA:0,(anonymous_11)
FNDA:0,(anonymous_12)
FNDA:0,(anonymous_13)
FNDA:0,(anonymous_14)
FNDA:0,(anonymous_15)
FNDA:0,(anonymous_16)
FNDA:0,(anonymous_17)
FNDA:0,(anonymous_18)
FNDA:0,(anonymous_19)
FNDA:0,(anonymous_20)
FNDA:0,(anonymous_21)
FNDA:0,(anonymous_22)
FNDA:0,(anonymous_23)
DA:35,0
DA:36,0
DA:37,0
DA:38,0
DA:40,0
DA:41,0
DA:42,0
DA:75,0
DA:78,0
DA:81,0
DA:95,0
DA:96,0
DA:97,0
DA:98,0
DA:100,0
DA:101,0
DA:102,0
DA:103,0
DA:104,0
DA:105,0
DA:106,0
DA:107,0
DA:110,0
DA:112,0
DA:113,0
DA:114,0
DA:115,0
DA:118,0
DA:129,0
DA:130,0
DA:131,0
DA:138,0
DA:149,0
DA:150,0
DA:151,0
DA:157,0
DA:158,0
DA:159,0
DA:161,0
DA:165,0
DA:166,0
DA:167,0
DA:176,0
DA:177,0
DA:179,0
DA:181,0
DA:185,0
DA:186,0
DA:187,0
DA:194,0
DA:198,0
DA:199,0
DA:200,0
DA:211,0
DA:215,0
DA:216,0
DA:219,0
DA:220,0
DA:224,0
DA:225,0
DA:228,0
DA:229,0
DA:232,0
DA:236,0
DA:237,0
DA:239,0
DA:240,0
DA:241,0
DA:253,0
DA:255,0
DA:256,0
DA:259,0
DA:262,0
DA:263,0
DA:264,0
DA:268,0
DA:269,0
DA:272,0
DA:273,0
DA:275,0
DA:279,0
DA:280,0
DA:282,0
DA:283,0
DA:285,0
DA:290,0
DA:291,0
DA:292,0
DA:296,0
DA:298,0
DA:299,0
DA:303,0
DA:316,0
DA:318,0
DA:321,0
DA:324,0
DA:325,0
DA:328,0
DA:329,0
DA:331,0
DA:335,0
DA:336,0
DA:337,0
DA:338,0
DA:339,0
DA:340,0
DA:341,0
DA:342,0
DA:345,0
DA:346,0
DA:347,0
DA:349,0
DA:405,0
DA:406,0
DA:413,0
DA:424,0
DA:469,0
LF:117
LH:0
BRDA:129,0,0,0
BRDA:129,0,1,0
BRDA:150,1,0,0
BRDA:150,1,1,0
BRDA:151,2,0,0
BRDA:151,2,1,0
BRDA:176,3,0,0
BRDA:176,3,1,0
BRDA:177,4,0,0
BRDA:177,4,1,0
BRDA:219,5,0,0
BRDA:219,5,1,0
BRDA:224,6,0,0
BRDA:224,6,1,0
BRDA:237,7,0,0
BRDA:237,7,1,0
BRDA:237,8,0,0
BRDA:237,8,1,0
BRDA:253,9,0,0
BRDA:253,9,1,0
BRDA:263,10,0,0
BRDA:263,10,1,0
BRDA:280,11,0,0
BRDA:280,11,1,0
BRDA:290,12,0,0
BRDA:290,12,1,0
BRDA:296,13,0,0
BRDA:296,13,1,0
BRDA:298,14,0,0
BRDA:298,14,1,0
BRDA:298,15,0,0
BRDA:298,15,1,0
BRDA:299,16,0,0
BRDA:299,16,1,0
BRDA:316,17,0,0
BRDA:316,17,1,0
BRDA:329,18,0,0
BRDA:329,18,1,0
BRDA:339,19,0,0
BRDA:339,19,1,0
BRDA:340,20,0,0
BRDA:340,20,1,0
BRDA:341,21,0,0
BRDA:341,21,1,0
BRDA:347,22,0,0
BRDA:347,22,1,0
BRDA:353,23,0,0
BRDA:353,23,1,0
BRDA:359,24,0,0
BRDA:359,24,1,0
BRDA:360,25,0,0
BRDA:360,25,1,0
BRDA:363,26,0,0
BRDA:363,26,1,0
BRDA:373,27,0,0
BRDA:373,27,1,0
BRDA:385,28,0,0
BRDA:385,28,1,0
BRDA:393,29,0,0
BRDA:393,29,1,0
BRDA:405,30,0,0
BRDA:405,30,1,0
BRDA:416,31,0,0
BRDA:416,31,1,0
BRDA:428,32,0,0
BRDA:428,32,1,0
BRDA:438,33,0,0
BRDA:438,33,1,0
BRDA:454,34,0,0
BRDA:454,34,1,0
BRDA:456,35,0,0
BRDA:456,35,1,0
BRDA:458,36,0,0
BRDA:458,36,1,0
BRF:74
BRH:0
end_of_record
TN:
SF:src/screens/MessagesScreen.tsx
FN:34,MessagesScreen
FN:45,(anonymous_1)
FN:59,(anonymous_2)
FN:65,(anonymous_3)
FN:70,(anonymous_4)
FN:140,(anonymous_5)
FN:145,(anonymous_6)
FN:152,(anonymous_7)
FN:167,(anonymous_8)
FN:173,(anonymous_9)
FN:176,(anonymous_10)
FN:246,(anonymous_11)
FNF:12
FNH:0
FNDA:0,MessagesScreen
FNDA:0,(anonymous_1)
FNDA:0,(anonymous_2)
FNDA:0,(anonymous_3)
FNDA:0,(anonymous_4)
FNDA:0,(anonymous_5)
FNDA:0,(anonymous_6)
FNDA:0,(anonymous_7)
FNDA:0,(anonymous_8)
FNDA:0,(anonymous_9)
FNDA:0,(anonymous_10)
FNDA:0,(anonymous_11)
DA:35,0
DA:36,0
DA:37,0
DA:38,0
DA:39,0
DA:40,0
DA:43,0
DA:45,0
DA:46,0
DA:49,0
DA:60,0
DA:65,0
DA:66,0
DA:70,0
DA:71,0
DA:73,0
DA:86,0
DA:89,0
DA:91,0
DA:93,0
DA:95,0
DA:97,0
DA:103,0
DA:104,0
DA:123,0
DA:124,0
DA:125,0
DA:126,0
DA:131,0
DA:133,0
DA:135,0
DA:136,0
DA:140,0
DA:141,0
DA:142,0
DA:145,0
DA:146,0
DA:152,0
DA:153,0
DA:154,0
DA:155,0
DA:156,0
DA:157,0
DA:158,0
DA:160,0
DA:161,0
DA:162,0
DA:163,0
DA:164,0
DA:167,0
DA:168,0
DA:173,0
DA:174,0
DA:176,0
DA:212,0
DA:213,0
DA:220,0
DA:246,0
DA:260,0
LF:59
LH:0
BRDA:86,0,0,0
BRDA:86,0,1,0
BRDA:91,1,0,0
BRDA:91,1,1,0
BRDA:93,2,0,0
BRDA:93,2,1,0
BRDA:95,3,0,0
BRDA:95,3,1,0
BRDA:103,4,0,0
BRDA:103,4,1,0
BRDA:123,5,0,0
BRDA:123,5,1,0
BRDA:123,6,0,0
BRDA:123,6,1,0
BRDA:125,7,0,0
BRDA:125,7,1,0
BRDA:160,8,0,0
BRDA:160,8,1,0
BRDA:161,9,0,0
BRDA:161,9,1,0
BRDA:162,10,0,0
BRDA:162,10,1,0
BRDA:163,11,0,0
BRDA:163,11,1,0
BRDA:195,12,0,0
BRDA:195,12,1,0
BRDA:199,13,0,0
BRDA:199,13,1,0
BRDA:202,14,0,0
BRDA:202,14,1,0
BRDA:212,15,0,0
BRDA:212,15,1,0
BRDA:234,16,0,0
BRDA:234,16,1,0
BRF:34
BRH:0
end_of_record
TN:
SF:src/screens/NotificationsScreen.tsx
FN:28,NotificationsScreen
FN:38,(anonymous_1)
FN:52,(anonymous_2)
FN:53,(anonymous_3)
FN:58,(anonymous_4)
FN:63,(anonymous_5)
FN:82,(anonymous_6)
FN:87,(anonymous_7)
FN:94,(anonymous_8)
FN:95,(anonymous_9)
FN:104,(anonymous_10)
FN:112,(anonymous_11)
FN:112,(anonymous_12)
FN:118,(anonymous_13)
FN:146,(anonymous_14)
FN:149,(anonymous_15)
FN:149,(anonymous_16)
FN:155,(anonymous_17)
FN:172,(anonymous_18)
FN:187,(anonymous_19)
FN:190,(anonymous_20)
FN:191,(anonymous_21)
FN:197,(anonymous_22)
FN:228,(anonymous_23)
FN:255,(anonymous_24)
FNF:25
FNH:0
FNDA:0,NotificationsScreen
FNDA:0,(anonymous_1)
FNDA:0,(anonymous_2)
FNDA:0,(anonymous_3)
FNDA:0,(anonymous_4)
FNDA:0,(anonymous_5)
FNDA:0,(anonymous_6)
FNDA:0,(anonymous_7)
FNDA:0,(anonymous_8)
FNDA:0,(anonymous_9)
FNDA:0,(anonymous_10)
FNDA:0,(anonymous_11)
FNDA:0,(anonymous_12)
FNDA:0,(anonymous_13)
FNDA:0,(anonymous_14)
FNDA:0,(anonymous_15)
FNDA:0,(anonymous_16)
FNDA:0,(anonymous_17)
FNDA:0,(anonymous_18)
FNDA:0,(anonymous_19)
FNDA:0,(anonymous_20)
FNDA:0,(anonymous_21)
FNDA:0,(anonymous_22)
FNDA:0,(anonymous_23)
FNDA:0,(anonymous_24)
DA:29,0
DA:30,0
DA:31,0
DA:32,0
DA:33,0
DA:36,0
DA:38,0
DA:39,0
DA:42,0
DA:53,0
DA:58,0
DA:59,0
DA:63,0
DA:64,0
DA:65,0
DA:72,0
DA:73,0
DA:75,0
DA:77,0
DA:78,0
DA:82,0
DA:83,0
DA:84,0
DA:87,0
DA:88,0
DA:89,0
DA:94,0
DA:95,0
DA:96,0
DA:100,0
DA:104,0
DA:105,0
DA:106,0
DA:112,0
DA:114,0
DA:118,0
DA:119,0
DA:120,0
DA:124,0
DA:126,0
DA:127,0
DA:131,0
DA:133,0
DA:134,0
DA:136,0
DA:137,0
DA:139,0
DA:140,0
DA:142,0
DA:146,0
DA:147,0
DA:148,0
DA:149,0
DA:151,0
DA:155,0
DA:156,0
DA:158,0
DA:160,0
DA:162,0
DA:164,0
DA:166,0
DA:168,0
DA:172,0
DA:173,0
DA:174,0
DA:175,0
DA:176,0
DA:177,0
DA:178,0
DA:180,0
DA:181,0
DA:182,0
DA:183,0
DA:184,0
DA:187,0
DA:188,0
DA:190,0
DA:192,0
DA:197,0
DA:220,0
DA:221,0
DA:228,0
DA:230,0
DA:255,0
DA:269,0
LF:85
LH:0
BRDA:72,0,0,0
BRDA:72,0,1,0
BRDA:73,1,0,0
BRDA:73,1,1,0
BRDA:96,2,0,0
BRDA:96,2,1,0
BRDA:119,3,0,0
BRDA:119,3,1,0
BRDA:124,4,0,0
BRDA:124,4,1,0
BRDA:124,4,2,0
BRDA:124,4,3,0
BRDA:124,4,4,0
BRDA:126,5,0,0
BRDA:126,5,1,0
BRDA:156,6,0,0
BRDA:156,6,1,0
BRDA:156,6,2,0
BRDA:156,6,3,0
BRDA:156,6,4,0
BRDA:156,6,5,0
BRDA:180,7,0,0
BRDA:180,7,1,0
BRDA:181,8,0,0
BRDA:181,8,1,0
BRDA:182,9,0,0
BRDA:182,9,1,0
BRDA:183,10,0,0
BRDA:183,10,1,0
BRDA:189,11,0,0
BRDA:189,11,1,0
BRDA:207,12,0,0
BRDA:207,12,1,0
BRDA:216,13,0,0
BRDA:216,13,1,0
BRDA:220,14,0,0
BRDA:220,14,1,0
BRDA:233,15,0,0
BRDA:233,15,1,0
BRDA:243,16,0,0
BRDA:243,16,1,0
BRF:41
BRH:0
end_of_record
TN:
SF:src/screens/SecuritySettingsScreen.tsx
FN:31,SecuritySettingsScreen
FN:43,(anonymous_1)
FN:47,(anonymous_2)
FN:75,(anonymous_3)
FN:99,(anonymous_4)
FN:109,(anonymous_5)
FN:118,(anonymous_6)
FN:122,(anonymous_7)
FN:140,(anonymous_8)
FN:152,(anonymous_9)
FN:239,(anonymous_10)
FNF:11
FNH:0
FNDA:0,SecuritySettingsScreen
FNDA:0,(anonymous_1)
FNDA:0,(anonymous_2)
FNDA:0,(anonymous_3)
FNDA:0,(anonymous_4)
FNDA:0,(anonymous_5)
FNDA:0,(anonymous_6)
FNDA:0,(anonymous_7)
FNDA:0,(anonymous_8)
FNDA:0,(anonymous_9)
FNDA:0,(anonymous_10)
DA:32,0
DA:33,0
DA:34,0
DA:35,0
DA:36,0
DA:37,0
DA:38,0
DA:41,0
DA:43,0
DA:44,0
DA:47,0
DA:48,0
DA:49,0
DA:51,0
DA:52,0
DA:54,0
DA:55,0
DA:56,0
DA:60,0
DA:61,0
DA:63,0
DA:64,0
DA:66,0
DA:67,0
DA:69,0
DA:71,0
DA:75,0
DA:76,0
DA:78,0
DA:82,0
DA:83,0
DA:84,0
DA:85,0
DA:87,0
DA:91,0
DA:100,0
DA:101,0
DA:109,0
DA:110,0
DA:112,0
DA:118,0
DA:122,0
DA:132,0
DA:141,0
DA:142,0
DA:143,0
DA:144,0
DA:152,0
DA:153,0
DA:154,0
DA:155,0
DA:156,0
DA:158,0
DA:163,0
DA:167,0
DA:168,0
DA:175,0
DA:239,0
DA:285,0
LF:59
LH:0
BRDA:54,0,0,0
BRDA:54,0,1,0
BRDA:76,1,0,0
BRDA:76,1,1,0
BRDA:82,2,0,0
BRDA:82,2,1,0
BRDA:87,3,0,0
BRDA:87,3,1,0
BRDA:110,4,0,0
BRDA:110,4,1,0
BRDA:160,5,0,0
BRDA:160,5,1,0
BRDA:163,6,0,0
BRDA:163,6,1,0
BRDA:167,7,0,0
BRDA:167,7,1,0
BRDA:187,8,0,0
BRDA:187,8,1,0
BRDA:222,9,0,0
BRDA:222,9,1,0
BRDA:224,10,0,0
BRDA:224,10,1,0
BRDA:236,11,0,0
BRDA:236,11,1,0
BRF:24
BRH:0
end_of_record
TN:
SF:src/screens/admin/DashboardScreen.tsx
FN:24,AdminDashboardScreen
FN:37,(anonymous_1)
FN:41,(anonymous_2)
FN:81,(anonymous_3)
FN:100,(anonymous_4)
FNF:5
FNH:0
FNDA:0,AdminDashboardScreen
FNDA:0,(anonymous_1)
FNDA:0,(anonymous_2)
FNDA:0,(anonymous_3)
FNDA:0,(anonymous_4)
DA:25,0
DA:34,0
DA:35,0
DA:37,0
DA:38,0
DA:41,0
DA:42,0
DA:44,0
DA:49,0
DA:54,0
DA:59,0
DA:65,0
DA:70,0
DA:76,0
DA:81,0
DA:83,0
DA:93,0
DA:95,0
DA:96,0
DA:100,0
DA:101,0
DA:102,0
DA:105,0
DA:106,0
DA:113,0
DA:202,0
LF:26
LH:0
BRDA:81,0,0,0
BRDA:81,0,1,0
BRDA:84,1,0,0
BRDA:84,1,1,0
BRDA:85,2,0,0
BRDA:85,2,1,0
BRDA:86,3,0,0
BRDA:86,3,1,0
BRDA:87,4,0,0
BRDA:87,4,1,0
BRDA:88,5,0,0
BRDA:88,5,1,0
BRDA:90,6,0,0
BRDA:90,6,1,0
BRDA:105,7,0,0
BRDA:105,7,1,0
BRF:16
BRH:0
end_of_record
TN:
SF:src/screens/auth/LoginScreen.tsx
FN:22,LoginScreen
FN:34,(anonymous_1)
FN:39,(anonymous_2)
FN:53,(anonymous_3)
FN:85,(anonymous_4)
FN:111,(anonymous_5)
FN:124,(anonymous_6)
FN:232,(anonymous_7)
FNF:8
FNH:0
FNDA:0,LoginScreen
FNDA:0,(anonymous_1)
FNDA:0,(anonymous_2)
FNDA:0,(anonymous_3)
FNDA:0,(anonymous_4)
FNDA:0,(anonymous_5)
FNDA:0,(anonymous_6)
FNDA:0,(anonymous_7)
DA:23,0
DA:24,0
DA:25,0
DA:26,0
DA:27,0
DA:28,0
DA:29,0
DA:30,0
DA:31,0
DA:34,0
DA:35,0
DA:36,0
DA:39,0
DA:40,0
DA:41,0
DA:43,0
DA:44,0
DA:45,0
DA:48,0
DA:49,0
DA:53,0
DA:54,0
DA:55,0
DA:56,0
DA:59,0
DA:60,0
DA:61,0
DA:64,0
DA:65,0
DA:66,0
DA:69,0
DA:72,0
DA:79,0
DA:81,0
DA:85,0
DA:86,0
DA:87,0
DA:88,0
DA:92,0
DA:96,0
DA:102,0
DA:105,0
DA:107,0
DA:111,0
DA:112,0
DA:113,0
DA:116,0
DA:118,0
DA:120,0
DA:124,0
DA:125,0
DA:126,0
DA:128,0
DA:130,0
DA:132,0
DA:136,0
DA:232,0
DA:245,0
LF:58
LH:0
BRDA:43,0,0,0
BRDA:43,0,1,0
BRDA:54,1,0,0
BRDA:54,1,1,0
BRDA:54,2,0,0
BRDA:54,2,1,0
BRDA:65,3,0,0
BRDA:65,3,1,0
BRDA:79,4,0,0
BRDA:79,4,1,0
BRDA:92,5,0,0
BRDA:92,5,1,0
BRDA:102,6,0,0
BRDA:102,6,1,0
BRDA:105,7,0,0
BRDA:105,7,1,0
BRDA:118,8,0,0
BRDA:118,8,1,0
BRDA:130,9,0,0
BRDA:130,9,1,0
BRDA:139,10,0,0
BRDA:139,10,1,0
BRDA:175,11,0,0
BRDA:175,11,1,0
BRDA:179,12,0,0
BRDA:179,12,1,0
BRDA:187,13,0,0
BRDA:187,13,1,0
BRDA:189,14,0,0
BRDA:189,14,1,0
BRDA:194,15,0,0
BRDA:194,15,1,0
BRDA:211,16,0,0
BRDA:211,16,1,0
BRDA:219,17,0,0
BRDA:219,17,1,0
BRDA:221,18,0,0
BRDA:221,18,1,0
BRF:38
BRH:0
end_of_record
TN:
SF:src/screens/auth/SignupScreen.tsx
FN:20,SignupScreen
FN:34,(anonymous_1)
FN:38,(anonymous_2)
FN:71,(anonymous_3)
FN:89,(anonymous_4)
FN:123,(anonymous_5)
FN:132,(anonymous_6)
FN:255,(anonymous_7)
FNF:8
FNH:0
FNDA:0,SignupScreen
FNDA:0,(anonymous_1)
FNDA:0,(anonymous_2)
FNDA:0,(anonymous_3)
FNDA:0,(anonymous_4)
FNDA:0,(anonymous_5)
FNDA:0,(anonymous_6)
FNDA:0,(anonymous_7)
DA:21,0
DA:22,0
DA:23,0
DA:24,0
DA:25,0
DA:26,0
DA:27,0
DA:28,0
DA:29,0
DA:30,0
DA:31,0
DA:34,0
DA:35,0
DA:38,0
DA:39,0
DA:40,0
DA:41,0
DA:44,0
DA:45,0
DA:46,0
DA:49,0
DA:50,0
DA:51,0
DA:54,0
DA:55,0
DA:56,0
DA:59,0
DA:60,0
DA:62,0
DA:65,0
DA:67,0
DA:71,0
DA:72,0
DA:73,0
DA:74,0
DA:77,0
DA:78,0
DA:80,0
DA:83,0
DA:85,0
DA:89,0
DA:90,0
DA:91,0
DA:92,0
DA:95,0
DA:96,0
DA:98,0
DA:101,0
DA:103,0
DA:107,0
DA:123,0
DA:132,0
DA:255,0
DA:268,0
LF:54
LH:0
BRDA:39,0,0,0
BRDA:39,0,1,0
BRDA:39,1,0,0
BRDA:39,1,1,0
BRDA:39,1,2,0
BRDA:39,1,3,0
BRDA:44,2,0,0
BRDA:44,2,1,0
BRDA:49,3,0,0
BRDA:49,3,1,0
BRDA:59,4,0,0
BRDA:59,4,1,0
BRDA:65,5,0,0
BRDA:65,5,1,0
BRDA:77,6,0,0
BRDA:77,6,1,0
BRDA:83,7,0,0
BRDA:83,7,1,0
BRDA:95,8,0,0
BRDA:95,8,1,0
BRDA:101,9,0,0
BRDA:101,9,1,0
BRDA:110,10,0,0
BRDA:110,10,1,0
BRDA:122,11,0,0
BRDA:122,11,1,0
BRDA:126,12,0,0
BRDA:126,12,1,0
BRDA:131,13,0,0
BRDA:131,13,1,0
BRDA:135,14,0,0
BRDA:135,14,1,0
BRDA:214,15,0,0
BRDA:214,15,1,0
BRDA:218,16,0,0
BRDA:218,16,1,0
BRDA:234,17,0,0
BRDA:234,17,1,0
BRDA:242,18,0,0
BRDA:242,18,1,0
BRDA:244,19,0,0
BRDA:244,19,1,0
BRF:42
BRH:0
end_of_record
TN:
SF:src/screens/auth/TwoFactorVerificationScreen.tsx
FN:22,TwoFactorVerificationScreen
FN:37,(anonymous_1)
FN:42,(anonymous_2)
FN:45,(anonymous_3)
FN:46,(anonymous_4)
FN:50,(anonymous_5)
FN:80,(anonymous_6)
FN:95,(anonymous_7)
FN:112,(anonymous_8)
FN:189,(anonymous_9)
FNF:10
FNH:0
FNDA:0,TwoFactorVerificationScreen
FNDA:0,(anonymous_1)
FNDA:0,(anonymous_2)
FNDA:0,(anonymous_3)
FNDA:0,(anonymous_4)
FNDA:0,(anonymous_5)
FNDA:0,(anonymous_6)
FNDA:0,(anonymous_7)
FNDA:0,(anonymous_8)
FNDA:0,(anonymous_9)
DA:23,0
DA:24,0
DA:26,0
DA:32,0
DA:33,0
DA:34,0
DA:35,0
DA:37,0
DA:39,0
DA:42,0
DA:44,0
DA:45,0
DA:46,0
DA:50,0
DA:51,0
DA:52,0
DA:55,0
DA:56,0
DA:57,0
DA:58,0
DA:60,0
DA:61,0
DA:64,0
DA:65,0
DA:66,0
DA:71,0
DA:74,0
DA:76,0
DA:80,0
DA:81,0
DA:82,0
DA:83,0
DA:86,0
DA:87,0
DA:88,0
DA:89,0
DA:91,0
DA:92,0
DA:98,0
DA:103,0
DA:106,0
DA:108,0
DA:112,0
DA:113,0
DA:114,0
DA:117,0
DA:121,0
DA:189,0
DA:207,0
LF:49
LH:0
BRDA:44,0,0,0
BRDA:44,0,1,0
BRDA:55,1,0,0
BRDA:55,1,1,0
BRDA:55,2,0,0
BRDA:55,2,1,0
BRDA:57,3,0,0
BRDA:57,3,1,0
BRDA:57,4,0,0
BRDA:57,4,1,0
BRDA:64,5,0,0
BRDA:64,5,1,0
BRDA:68,6,0,0
BRDA:68,6,1,0
BRDA:71,7,0,0
BRDA:71,7,1,0
BRDA:74,8,0,0
BRDA:74,8,1,0
BRDA:81,9,0,0
BRDA:81,9,1,0
BRDA:81,10,0,0
BRDA:81,10,1,0
BRDA:88,11,0,0
BRDA:88,11,1,0
BRDA:91,12,0,0
BRDA:91,12,1,0
BRDA:103,13,0,0
BRDA:103,13,1,0
BRDA:106,14,0,0
BRDA:106,14,1,0
BRDA:113,15,0,0
BRDA:113,15,1,0
BRDA:117,16,0,0
BRDA:117,16,1,0
BRDA:124,17,0,0
BRDA:124,17,1,0
BRDA:153,18,0,0
BRDA:153,18,1,0
BRDA:155,19,0,0
BRDA:155,19,1,0
BRDA:157,20,0,0
BRDA:157,20,1,0
BRDA:168,21,0,0
BRDA:168,21,1,0
BRDA:170,22,0,0
BRDA:170,22,1,0
BRDA:176,23,0,0
BRDA:176,23,1,0
BRDA:179,24,0,0
BRDA:179,24,1,0
BRF:50
BRH:0
end_of_record
TN:
SF:src/screens/auth/WelcomeScreen.tsx
FN:16,WelcomeScreen
FN:22,(anonymous_1)
FN:49,(anonymous_2)
FN:56,(anonymous_3)
FN:65,(anonymous_4)
FNF:5
FNH:0
FNDA:0,WelcomeScreen
FNDA:0,(anonymous_1)
FNDA:0,(anonymous_2)
FNDA:0,(anonymous_3)
FNDA:0,(anonymous_4)
DA:14,0
DA:17,0
DA:18,0
DA:22,0
DA:23,0
DA:25,0
DA:29,0
DA:49,0
DA:56,0
DA:65,0
DA:66,0
DA:72,0
LF:12
LH:0
BRDA:23,0,0,0
BRDA:23,0,1,0
BRF:2
BRH:0
end_of_record
TN:
SF:src/screens/customer/BookingsScreen.tsx
FN:40,BookingsScreen
FN:52,(anonymous_1)
FN:56,(anonymous_2)
FN:74,(anonymous_3)
FN:79,(anonymous_4)
FN:88,(anonymous_5)
FN:127,(anonymous_6)
FN:131,(anonymous_7)
FN:136,(anonymous_8)
FN:146,(anonymous_9)
FN:156,(anonymous_10)
FN:160,(anonymous_11)
FN:180,(anonymous_12)
FN:189,(anonymous_13)
FN:198,(anonymous_14)
FN:230,(anonymous_15)
FN:238,(anonymous_16)
FN:246,(anonymous_17)
FN:271,(anonymous_18)
FN:307,(anonymous_19)
FN:313,(anonymous_20)
FN:324,(anonymous_21)
FN:330,(anonymous_22)
FN:349,(anonymous_23)
FN:351,(anonymous_24)
FNF:25
FNH:0
FNDA:0,BookingsScreen
FNDA:0,(anonymous_1)
FNDA:0,(anonymous_2)
FNDA:0,(anonymous_3)
FNDA:0,(anonymous_4)
FNDA:0,(anonymous_5)
FNDA:0,(anonymous_6)
FNDA:0,(anonymous_7)
FNDA:0,(anonymous_8)
FNDA:0,(anonymous_9)
FNDA:0,(anonymous_10)
FNDA:0,(anonymous_11)
FNDA:0,(anonymous_12)
FNDA:0,(anonymous_13)
FNDA:0,(anonymous_14)
FNDA:0,(anonymous_15)
FNDA:0,(anonymous_16)
FNDA:0,(anonymous_17)
FNDA:0,(anonymous_18)
FNDA:0,(anonymous_19)
FNDA:0,(anonymous_20)
FNDA:0,(anonymous_21)
FNDA:0,(anonymous_22)
FNDA:0,(anonymous_23)
FNDA:0,(anonymous_24)
DA:41,0
DA:42,0
DA:43,0
DA:44,0
DA:45,0
DA:46,0
DA:47,0
DA:50,0
DA:52,0
DA:53,0
DA:56,0
DA:57,0
DA:59,0
DA:60,0
DA:62,0
DA:64,0
DA:66,0
DA:67,0
DA:69,0
DA:70,0
DA:74,0
DA:75,0
DA:76,0
DA:79,0
DA:80,0
DA:89,0
DA:91,0
DA:97,0
DA:100,0
DA:105,0
DA:108,0
DA:109,0
DA:113,0
DA:115,0
DA:116,0
DA:118,0
DA:119,0
DA:127,0
DA:128,0
DA:130,0
DA:131,0
DA:132,0
DA:135,0
DA:136,0
DA:137,0
DA:141,0
DA:144,0
DA:146,0
DA:147,0
DA:148,0
DA:149,0
DA:150,0
DA:151,0
DA:152,0
DA:156,0
DA:157,0
DA:160,0
DA:161,0
DA:167,0
DA:168,0
DA:169,0
DA:170,0
DA:172,0
DA:174,0
DA:181,0
DA:182,0
DA:183,0
DA:190,0
DA:191,0
DA:192,0
DA:199,0
DA:203,0
DA:204,0
DA:216,0
DA:217,0
DA:224,0
DA:230,0
DA:238,0
DA:246,0
DA:272,0
DA:307,0
DA:313,0
DA:324,0
DA:331,0
DA:332,0
DA:349,0
DA:352,0
DA:360,0
LF:88
LH:0
BRDA:57,0,0,0
BRDA:57,0,1,0
BRDA:62,1,0,0
BRDA:62,1,1,0
BRDA:64,2,0,0
BRDA:64,2,1,0
BRDA:97,3,0,0
BRDA:97,3,1,0
BRDA:105,4,0,0
BRDA:105,4,1,0
BRDA:108,5,0,0
BRDA:108,5,1,0
BRDA:130,6,0,0
BRDA:130,6,1,0
BRDA:132,7,0,0
BRDA:132,7,1,0
BRDA:132,7,2,0
BRDA:135,8,0,0
BRDA:135,8,1,0
BRDA:137,9,0,0
BRDA:137,9,1,0
BRDA:137,9,2,0
BRDA:147,10,0,0
BRDA:147,10,1,0
BRDA:147,10,2,0
BRDA:147,10,3,0
BRDA:147,10,4,0
BRDA:168,11,0,0
BRDA:168,11,1,0
BRDA:169,12,0,0
BRDA:169,12,1,0
BRDA:182,13,0,0
BRDA:182,13,1,0
BRDA:191,14,0,0
BRDA:191,14,1,0
BRDA:203,15,0,0
BRDA:203,15,1,0
BRDA:216,16,0,0
BRDA:216,16,1,0
BRDA:229,17,0,0
BRDA:229,17,1,0
BRDA:232,18,0,0
BRDA:232,18,1,0
BRDA:237,19,0,0
BRDA:237,19,1,0
BRDA:240,20,0,0
BRDA:240,20,1,0
BRDA:245,21,0,0
BRDA:245,21,1,0
BRDA:248,22,0,0
BRDA:248,22,1,0
BRDA:261,23,0,0
BRDA:261,23,1,0
BRDA:265,24,0,0
BRDA:265,24,1,0
BRDA:279,25,0,0
BRDA:279,25,1,0
BRDA:282,26,0,0
BRDA:282,26,1,0
BRDA:303,27,0,0
BRDA:303,27,1,0
BRDA:303,27,2,0
BRDA:320,28,0,0
BRDA:320,28,1,0
BRDA:346,29,0,0
BRDA:346,29,1,0
BRF:66
BRH:0
end_of_record
TN:
SF:src/screens/customer/HomeScreen.tsx
FN:5,HomeScreen
FNF:1
FNH:0
FNDA:0,HomeScreen
DA:6,0
DA:8,0
LF:2
LH:0
BRF:0
BRH:0
end_of_record
TN:
SF:src/screens/customer/LoyaltyScreen.tsx
FN:39,LoyaltyScreen
FN:52,(anonymous_1)
FN:56,(anonymous_2)
FN:116,(anonymous_3)
FN:121,(anonymous_4)
FN:178,(anonymous_5)
FN:191,(anonymous_6)
FN:246,(anonymous_7)
FN:269,(anonymous_8)
FN:280,(anonymous_9)
FN:302,(anonymous_10)
FNF:11
FNH:0
FNDA:0,LoyaltyScreen
FNDA:0,(anonymous_1)
FNDA:0,(anonymous_2)
FNDA:0,(anonymous_3)
FNDA:0,(anonymous_4)
FNDA:0,(anonymous_5)
FNDA:0,(anonymous_6)
FNDA:0,(anonymous_7)
FNDA:0,(anonymous_8)
FNDA:0,(anonymous_9)
FNDA:0,(anonymous_10)
DA:40,0
DA:41,0
DA:42,0
DA:43,0
DA:44,0
DA:45,0
DA:46,0
DA:47,0
DA:50,0
DA:52,0
DA:53,0
DA:56,0
DA:57,0
DA:59,0
DA:65,0
DA:68,0
DA:74,0
DA:75,0
DA:81,0
DA:86,0
DA:90,0
DA:97,0
DA:100,0
DA:107,0
DA:109,0
DA:111,0
DA:112,0
DA:116,0
DA:117,0
DA:118,0
DA:121,0
DA:122,0
DA:123,0
DA:124,0
DA:127,0
DA:128,0
DA:129,0
DA:136,0
DA:137,0
DA:138,0
DA:142,0
DA:148,0
DA:149,0
DA:155,0
DA:156,0
DA:157,0
DA:161,0
DA:170,0
DA:172,0
DA:174,0
DA:178,0
DA:179,0
DA:181,0
DA:183,0
DA:185,0
DA:187,0
DA:191,0
DA:192,0
DA:194,0
DA:196,0
DA:198,0
DA:200,0
DA:204,0
DA:205,0
DA:212,0
DA:246,0
DA:270,0
DA:281,0
DA:282,0
DA:283,0
DA:303,0
DA:334,0
LF:72
LH:0
BRDA:65,0,0,0
BRDA:65,0,1,0
BRDA:74,1,0,0
BRDA:74,1,1,0
BRDA:97,2,0,0
BRDA:97,2,1,0
BRDA:107,3,0,0
BRDA:107,3,1,0
BRDA:122,4,0,0
BRDA:122,4,1,0
BRDA:136,5,0,0
BRDA:136,5,1,0
BRDA:136,6,0,0
BRDA:136,6,1,0
BRDA:148,7,0,0
BRDA:148,7,1,0
BRDA:155,8,0,0
BRDA:155,8,1,0
BRDA:155,9,0,0
BRDA:155,9,1,0
BRDA:164,10,0,0
BRDA:164,10,1,0
BRDA:172,11,0,0
BRDA:172,11,1,0
BRDA:179,12,0,0
BRDA:179,12,1,0
BRDA:179,12,2,0
BRDA:179,12,3,0
BRDA:192,13,0,0
BRDA:192,13,1,0
BRDA:192,13,2,0
BRDA:192,13,3,0
BRDA:204,14,0,0
BRDA:204,14,1,0
BRDA:227,15,0,0
BRDA:227,15,1,0
BRDA:232,16,0,0
BRDA:232,16,1,0
BRDA:256,17,0,0
BRDA:256,17,1,0
BRDA:266,18,0,0
BRDA:266,18,1,0
BRDA:296,19,0,0
BRDA:296,19,1,0
BRDA:323,20,0,0
BRDA:323,20,1,0
BRF:46
BRH:0
end_of_record
TN:
SF:src/screens/customer/ProfileScreen.tsx
FN:38,ProfileScreen
FN:49,(anonymous_1)
FN:53,(anonymous_2)
FN:121,(anonymous_3)
FN:126,(anonymous_4)
FN:157,(anonymous_5)
FN:178,(anonymous_6)
FN:192,(anonymous_7)
FN:200,(anonymous_8)
FN:208,(anonymous_9)
FN:217,(anonymous_10)
FN:229,(anonymous_11)
FN:234,(anonymous_12)
FN:352,(anonymous_13)
FN:396,(anonymous_14)
FNF:15
FNH:0
FNDA:0,ProfileScreen
FNDA:0,(anonymous_1)
FNDA:0,(anonymous_2)
FNDA:0,(anonymous_3)
FNDA:0,(anonymous_4)
FNDA:0,(anonymous_5)
FNDA:0,(anonymous_6)
FNDA:0,(anonymous_7)
FNDA:0,(anonymous_8)
FNDA:0,(anonymous_9)
FNDA:0,(anonymous_10)
FNDA:0,(anonymous_11)
FNDA:0,(anonymous_12)
FNDA:0,(anonymous_13)
FNDA:0,(anonymous_14)
DA:39,0
DA:40,0
DA:41,0
DA:42,0
DA:43,0
DA:44,0
DA:47,0
DA:49,0
DA:50,0
DA:53,0
DA:54,0
DA:56,0
DA:58,0
DA:64,0
DA:67,0
DA:86,0
DA:96,0
DA:113,0
DA:114,0
DA:116,0
DA:117,0
DA:121,0
DA:122,0
DA:123,0
DA:126,0
DA:127,0
DA:129,0
DA:131,0
DA:133,0
DA:134,0
DA:138,0
DA:142,0
DA:148,0
DA:149,0
DA:152,0
DA:153,0
DA:157,0
DA:158,0
DA:160,0
DA:161,0
DA:163,0
DA:165,0
DA:166,0
DA:170,0
DA:175,0
DA:178,0
DA:181,0
DA:183,0
DA:185,0
DA:186,0
DA:188,0
DA:192,0
DA:193,0
DA:200,0
DA:201,0
DA:208,0
DA:209,0
DA:218,0
DA:219,0
DA:221,0
DA:229,0
DA:230,0
DA:231,0
DA:234,0
DA:235,0
DA:236,0
DA:239,0
DA:240,0
DA:247,0
DA:248,0
DA:255,0
DA:353,0
DA:396,0
DA:414,0
LF:74
LH:0
BRDA:54,0,0,0
BRDA:54,0,1,0
BRDA:64,1,0,0
BRDA:64,1,1,0
BRDA:78,2,0,0
BRDA:78,2,1,0
BRDA:97,3,0,0
BRDA:97,3,1,0
BRDA:98,4,0,0
BRDA:98,4,1,0
BRDA:99,5,0,0
BRDA:99,5,1,0
BRDA:100,6,0,0
BRDA:100,6,1,0
BRDA:101,7,0,0
BRDA:101,7,1,0
BRDA:102,8,0,0
BRDA:102,8,1,0
BRDA:103,9,0,0
BRDA:103,9,1,0
BRDA:104,10,0,0
BRDA:104,10,1,0
BRDA:105,11,0,0
BRDA:105,11,1,0
BRDA:106,12,0,0
BRDA:106,12,1,0
BRDA:107,13,0,0
BRDA:107,13,1,0
BRDA:108,14,0,0
BRDA:108,14,1,0
BRDA:109,15,0,0
BRDA:109,15,1,0
BRDA:110,16,0,0
BRDA:110,16,1,0
BRDA:127,17,0,0
BRDA:127,17,1,0
BRDA:133,18,0,0
BRDA:133,18,1,0
BRDA:148,19,0,0
BRDA:148,19,1,0
BRDA:158,20,0,0
BRDA:158,20,1,0
BRDA:165,21,0,0
BRDA:165,21,1,0
BRDA:166,22,0,0
BRDA:166,22,1,0
BRDA:175,23,0,0
BRDA:175,23,1,0
BRDA:178,24,0,0
BRDA:178,24,1,0
BRDA:178,25,0,0
BRDA:178,25,1,0
BRDA:186,26,0,0
BRDA:186,26,1,0
BRDA:230,27,0,0
BRDA:230,27,1,0
BRDA:235,28,0,0
BRDA:235,28,1,0
BRDA:239,29,0,0
BRDA:239,29,1,0
BRDA:247,30,0,0
BRDA:247,30,1,0
BRDA:265,31,0,0
BRDA:265,31,1,0
BRDA:278,32,0,0
BRDA:278,32,1,0
BRDA:310,33,0,0
BRDA:310,33,1,0
BRDA:314,34,0,0
BRDA:314,34,1,0
BRDA:327,35,0,0
BRDA:327,35,1,0
BRDA:327,35,2,0
BRF:73
BRH:0
end_of_record
TN:
SF:src/screens/customer/SearchScreen.tsx
FN:45,SearchScreen
FN:72,(anonymous_1)
FN:83,(anonymous_2)
FN:94,(anonymous_3)
FN:113,(anonymous_4)
FN:131,(anonymous_5)
FN:169,(anonymous_6)
FN:202,(anonymous_7)
FN:208,(anonymous_8)
FN:214,(anonymous_9)
FN:238,(anonymous_10)
FN:247,(anonymous_11)
FN:260,(anonymous_12)
FN:266,(anonymous_13)
FN:276,(anonymous_14)
FN:281,(anonymous_15)
FN:283,(anonymous_16)
FN:285,(anonymous_17)
FN:287,(anonymous_18)
FN:289,(anonymous_19)
FN:301,(anonymous_20)
FN:309,(anonymous_21)
FN:316,(anonymous_22)
FN:323,(anonymous_23)
FN:336,(anonymous_24)
FN:356,(anonymous_25)
FN:372,(anonymous_26)
FN:376,(anonymous_27)
FN:394,(anonymous_28)
FN:411,(anonymous_29)
FN:415,(anonymous_30)
FN:458,(anonymous_31)
FN:468,(anonymous_32)
FNF:33
FNH:0
FNDA:0,SearchScreen
FNDA:0,(anonymous_1)
FNDA:0,(anonymous_2)
FNDA:0,(anonymous_3)
FNDA:0,(anonymous_4)
FNDA:0,(anonymous_5)
FNDA:0,(anonymous_6)
FNDA:0,(anonymous_7)
FNDA:0,(anonymous_8)
FNDA:0,(anonymous_9)
FNDA:0,(anonymous_10)
FNDA:0,(anonymous_11)
FNDA:0,(anonymous_12)
FNDA:0,(anonymous_13)
FNDA:0,(anonymous_14)
FNDA:0,(anonymous_15)
FNDA:0,(anonymous_16)
FNDA:0,(anonymous_17)
FNDA:0,(anonymous_18)
FNDA:0,(anonymous_19)
FNDA:0,(anonymous_20)
FNDA:0,(anonymous_21)
FNDA:0,(anonymous_22)
FNDA:0,(anonymous_23)
FNDA:0,(anonymous_24)
FNDA:0,(anonymous_25)
FNDA:0,(anonymous_26)
FNDA:0,(anonymous_27)
FNDA:0,(anonymous_28)
FNDA:0,(anonymous_29)
FNDA:0,(anonymous_30)
FNDA:0,(anonymous_31)
FNDA:0,(anonymous_32)
DA:46,0
DA:47,0
DA:48,0
DA:50,0
DA:51,0
DA:52,0
DA:53,0
DA:54,0
DA:55,0
DA:56,0
DA:57,0
DA:58,0
DA:59,0
DA:67,0
DA:70,0
DA:72,0
DA:74,0
DA:76,0
DA:77,0
DA:79,0
DA:83,0
DA:84,0
DA:85,0
DA:86,0
DA:87,0
DA:90,0
DA:94,0
DA:95,0
DA:96,0
DA:97,0
DA:103,0
DA:104,0
DA:106,0
DA:107,0
DA:109,0
DA:113,0
DA:114,0
DA:115,0
DA:116,0
DA:121,0
DA:122,0
DA:124,0
DA:125,0
DA:127,0
DA:131,0
DA:132,0
DA:133,0
DA:135,0
DA:160,0
DA:164,0
DA:166,0
DA:169,0
DA:170,0
DA:185,0
DA:190,0
DA:196,0
DA:200,0
DA:201,0
DA:202,0
DA:207,0
DA:208,0
DA:212,0
DA:213,0
DA:214,0
DA:219,0
DA:220,0
DA:227,0
DA:229,0
DA:231,0
DA:232,0
DA:234,0
DA:238,0
DA:242,0
DA:243,0
DA:244,0
DA:247,0
DA:249,0
DA:252,0
DA:259,0
DA:260,0
DA:264,0
DA:266,0
DA:269,0
DA:271,0
DA:272,0
DA:276,0
DA:277,0
DA:279,0
DA:281,0
DA:283,0
DA:285,0
DA:287,0
DA:289,0
DA:291,0
DA:292,0
DA:293,0
DA:294,0
DA:297,0
DA:301,0
DA:302,0
DA:303,0
DA:306,0
DA:309,0
DA:310,0
DA:312,0
DA:313,0
DA:316,0
DA:318,0
DA:319,0
DA:320,0
DA:323,0
DA:324,0
DA:328,0
DA:329,0
DA:336,0
DA:337,0
DA:339,0
DA:340,0
DA:344,0
DA:356,0
DA:373,0
DA:376,0
DA:395,0
DA:396,0
DA:412,0
DA:415,0
DA:458,0
DA:468,0
DA:476,0
LF:129
LH:0
BRDA:76,0,0,0
BRDA:76,0,1,0
BRDA:86,1,0,0
BRDA:86,1,1,0
BRDA:103,2,0,0
BRDA:103,2,1,0
BRDA:104,3,0,0
BRDA:104,3,1,0
BRDA:121,4,0,0
BRDA:121,4,1,0
BRDA:122,5,0,0
BRDA:122,5,1,0
BRDA:166,6,0,0
BRDA:166,6,1,0
BRDA:169,7,0,0
BRDA:169,7,1,0
BRDA:174,8,0,0
BRDA:174,8,1,0
BRDA:185,9,0,0
BRDA:185,9,1,0
BRDA:186,10,0,0
BRDA:186,10,1,0
BRDA:186,10,2,0
BRDA:200,11,0,0
BRDA:200,11,1,0
BRDA:207,12,0,0
BRDA:207,12,1,0
BRDA:212,13,0,0
BRDA:212,13,1,0
BRDA:212,14,0,0
BRDA:212,14,1,0
BRDA:214,15,0,0
BRDA:214,15,1,0
BRDA:219,16,0,0
BRDA:219,16,1,0
BRDA:249,17,0,0
BRDA:249,17,1,0
BRDA:260,18,0,0
BRDA:260,18,1,0
BRDA:264,19,0,0
BRDA:264,19,1,0
BRDA:264,20,0,0
BRDA:264,20,1,0
BRDA:279,21,0,0
BRDA:279,21,1,0
BRDA:279,21,2,0
BRDA:279,21,3,0
BRDA:279,21,4,0
BRDA:279,21,5,0
BRDA:291,22,0,0
BRDA:291,22,1,0
BRDA:291,23,0,0
BRDA:291,23,1,0
BRDA:292,24,0,0
BRDA:292,24,1,0
BRDA:293,25,0,0
BRDA:293,25,1,0
BRDA:310,26,0,0
BRDA:310,26,1,0
BRDA:324,27,0,0
BRDA:324,27,1,0
BRDA:328,28,0,0
BRDA:328,28,1,0
BRDA:339,29,0,0
BRDA:339,29,1,0
BRDA:364,30,0,0
BRDA:364,30,1,0
BRDA:367,31,0,0
BRDA:367,31,1,0
BRDA:369,32,0,0
BRDA:369,32,1,0
BRDA:406,33,0,0
BRDA:406,33,1,0
BRDA:408,34,0,0
BRDA:408,34,1,0
BRDA:426,35,0,0
BRDA:426,35,1,0
BRDA:433,36,0,0
BRDA:433,36,1,0
BRDA:442,37,0,0
BRDA:442,37,1,0
BRDA:455,38,0,0
BRDA:455,38,1,0
BRDA:455,38,2,0
BRF:84
BRH:0
end_of_record
TN:
SF:src/screens/onboarding/OnboardingScreen.tsx
FN:57,OnboardingScreen
FN:63,(anonymous_1)
FN:71,(anonymous_2)
FN:79,(anonymous_3)
FN:88,(anonymous_4)
FN:92,(anonymous_5)
FN:102,(anonymous_6)
FN:104,(anonymous_7)
FN:144,(anonymous_8)
FNF:9
FNH:0
FNDA:0,OnboardingScreen
FNDA:0,(anonymous_1)
FNDA:0,(anonymous_2)
FNDA:0,(anonymous_3)
FNDA:0,(anonymous_4)
FNDA:0,(anonymous_5)
FNDA:0,(anonymous_6)
FNDA:0,(anonymous_7)
FNDA:0,(anonymous_8)
DA:16,0
DA:26,0
DA:58,0
DA:59,0
DA:60,0
DA:61,0
DA:63,0
DA:64,0
DA:65,0
DA:69,0
DA:71,0
DA:72,0
DA:73,0
DA:75,0
DA:79,0
DA:80,0
DA:81,0
DA:82,0
DA:84,0
DA:88,0
DA:89,0
DA:92,0
DA:93,0
DA:102,0
DA:103,0
DA:105,0
DA:107,0
DA:113,0
DA:119,0
DA:129,0
DA:144,0
DA:165,0
LF:32
LH:0
BRDA:64,0,0,0
BRDA:64,0,1,0
BRDA:72,1,0,0
BRDA:72,1,1,0
BRDA:157,2,0,0
BRDA:157,2,1,0
BRF:6
BRH:0
end_of_record
TN:
SF:src/screens/onboarding/PersonalizationScreen.tsx
FN:24,PersonalizationScreen
FN:47,(anonymous_1)
FN:51,(anonymous_2)
FN:65,(anonymous_3)
FN:67,(anonymous_4)
FN:73,(anonymous_5)
FN:100,(anonymous_6)
FN:128,(anonymous_7)
FN:160,(anonymous_8)
FN:177,(anonymous_9)
FN:184,(anonymous_10)
FN:186,(anonymous_11)
FN:215,(anonymous_12)
FN:222,(anonymous_13)
FN:295,(anonymous_14)
FN:299,(anonymous_15)
FN:322,(anonymous_16)
FN:326,(anonymous_17)
FN:345,(anonymous_18)
FNF:19
FNH:0
FNDA:0,PersonalizationScreen
FNDA:0,(anonymous_1)
FNDA:0,(anonymous_2)
FNDA:0,(anonymous_3)
FNDA:0,(anonymous_4)
FNDA:0,(anonymous_5)
FNDA:0,(anonymous_6)
FNDA:0,(anonymous_7)
FNDA:0,(anonymous_8)
FNDA:0,(anonymous_9)
FNDA:0,(anonymous_10)
FNDA:0,(anonymous_11)
FNDA:0,(anonymous_12)
FNDA:0,(anonymous_13)
FNDA:0,(anonymous_14)
FNDA:0,(anonymous_15)
FNDA:0,(anonymous_16)
FNDA:0,(anonymous_17)
FNDA:0,(anonymous_18)
DA:25,0
DA:26,0
DA:27,0
DA:28,0
DA:29,0
DA:32,0
DA:33,0
DA:36,0
DA:37,0
DA:38,0
DA:39,0
DA:42,0
DA:45,0
DA:47,0
DA:48,0
DA:51,0
DA:52,0
DA:53,0
DA:58,0
DA:59,0
DA:61,0
DA:65,0
DA:66,0
DA:67,0
DA:69,0
DA:73,0
DA:74,0
DA:75,0
DA:76,0
DA:77,0
DA:78,0
DA:79,0
DA:82,0
DA:83,0
DA:85,0
DA:86,0
DA:87,0
DA:88,0
DA:89,0
DA:90,0
DA:93,0
DA:94,0
DA:96,0
DA:100,0
DA:101,0
DA:102,0
DA:103,0
DA:104,0
DA:106,0
DA:107,0
DA:108,0
DA:109,0
DA:110,0
DA:112,0
DA:113,0
DA:114,0
DA:115,0
DA:116,0
DA:118,0
DA:119,0
DA:120,0
DA:121,0
DA:122,0
DA:124,0
DA:128,0
DA:129,0
DA:130,0
DA:132,0
DA:138,0
DA:139,0
DA:142,0
DA:155,0
DA:157,0
DA:162,0
DA:170,0
DA:171,0
DA:173,0
DA:177,0
DA:178,0
DA:184,0
DA:185,0
DA:187,0
DA:195,0
DA:216,0
DA:222,0
DA:296,0
DA:299,0
DA:323,0
DA:326,0
DA:345,0
DA:367,0
LF:91
LH:0
BRDA:58,0,0,0
BRDA:58,0,1,0
BRDA:59,1,0,0
BRDA:59,1,1,0
BRDA:66,2,0,0
BRDA:66,2,1,0
BRDA:77,3,0,0
BRDA:77,3,1,0
BRDA:85,4,0,0
BRDA:85,4,1,0
BRDA:101,5,0,0
BRDA:101,5,1,0
BRDA:102,6,0,0
BRDA:102,6,1,0
BRDA:107,7,0,0
BRDA:107,7,1,0
BRDA:108,8,0,0
BRDA:108,8,1,0
BRDA:108,9,0,0
BRDA:108,9,1,0
BRDA:108,9,2,0
BRDA:108,9,3,0
BRDA:113,10,0,0
BRDA:113,10,1,0
BRDA:114,11,0,0
BRDA:114,11,1,0
BRDA:119,12,0,0
BRDA:119,12,1,0
BRDA:120,13,0,0
BRDA:120,13,1,0
BRDA:138,14,0,0
BRDA:138,14,1,0
BRDA:139,15,0,0
BRDA:139,15,1,0
BRDA:155,16,0,0
BRDA:155,16,1,0
BRDA:171,17,0,0
BRDA:171,17,1,0
BRDA:189,18,0,0
BRDA:189,18,1,0
BRDA:207,19,0,0
BRDA:207,19,1,0
BRDA:220,20,0,0
BRDA:220,20,1,0
BRDA:226,21,0,0
BRDA:226,21,1,0
BRDA:237,22,0,0
BRDA:237,22,1,0
BRDA:249,23,0,0
BRDA:249,23,1,0
BRDA:288,24,0,0
BRDA:288,24,1,0
BRDA:298,25,0,0
BRDA:298,25,1,0
BRDA:301,26,0,0
BRDA:301,26,1,0
BRDA:304,27,0,0
BRDA:304,27,1,0
BRDA:310,28,0,0
BRDA:310,28,1,0
BRDA:325,29,0,0
BRDA:325,29,1,0
BRDA:331,30,0,0
BRDA:331,30,1,0
BRDA:336,31,0,0
BRDA:336,31,1,0
BRDA:344,32,0,0
BRDA:344,32,1,0
BRDA:350,33,0,0
BRDA:350,33,1,0
BRDA:354,34,0,0
BRDA:354,34,1,0
BRDA:358,35,0,0
BRDA:358,35,1,0
BRF:74
BRH:0
end_of_record
TN:
SF:src/screens/onboarding/SplashScreen.tsx
FN:8,SplashScreen
FN:14,(anonymous_1)
FN:33,(anonymous_2)
FN:42,(anonymous_3)
FN:51,(anonymous_4)
FNF:5
FNH:0
FNDA:0,SplashScreen
FNDA:0,(anonymous_1)
FNDA:0,(anonymous_2)
FNDA:0,(anonymous_3)
FNDA:0,(anonymous_4)
DA:9,0
DA:10,0
DA:11,0
DA:12,0
DA:14,0
DA:16,0
DA:30,0
DA:33,0
DA:34,0
DA:36,0
DA:37,0
DA:40,0
DA:42,0
DA:43,0
DA:44,0
DA:46,0
DA:50,0
DA:51,0
DA:52,0
DA:57,0
DA:76,0
LF:21
LH:0
BRDA:36,0,0,0
BRDA:36,0,1,0
BRDA:43,1,0,0
BRDA:43,1,1,0
BRF:4
BRH:0
end_of_record
TN:
SF:src/screens/provider/AppointmentsScreen.tsx
FN:35,AppointmentsScreen
FN:45,(anonymous_1)
FN:49,(anonymous_2)
FN:67,(anonymous_3)
FN:72,(anonymous_4)
FN:75,(anonymous_5)
FN:99,(anonymous_6)
FN:105,(anonymous_7)
FN:110,(anonymous_8)
FN:116,(anonymous_9)
FN:121,(anonymous_10)
FN:130,(anonymous_11)
FN:136,(anonymous_12)
FN:141,(anonymous_13)
FN:151,(anonymous_14)
FN:174,(anonymous_15)
FN:182,(anonymous_16)
FN:185,(anonymous_17)
FN:190,(anonymous_18)
FN:193,(anonymous_19)
FN:198,(anonymous_20)
FN:201,(anonymous_21)
FN:223,(anonymous_22)
FN:251,(anonymous_23)
FN:257,(anonymous_24)
FN:268,(anonymous_25)
FN:274,(anonymous_26)
FNF:27
FNH:0
FNDA:0,AppointmentsScreen
FNDA:0,(anonymous_1)
FNDA:0,(anonymous_2)
FNDA:0,(anonymous_3)
FNDA:0,(anonymous_4)
FNDA:0,(anonymous_5)
FNDA:0,(anonymous_6)
FNDA:0,(anonymous_7)
FNDA:0,(anonymous_8)
FNDA:0,(anonymous_9)
FNDA:0,(anonymous_10)
FNDA:0,(anonymous_11)
FNDA:0,(anonymous_12)
FNDA:0,(anonymous_13)
FNDA:0,(anonymous_14)
FNDA:0,(anonymous_15)
FNDA:0,(anonymous_16)
FNDA:0,(anonymous_17)
FNDA:0,(anonymous_18)
FNDA:0,(anonymous_19)
FNDA:0,(anonymous_20)
FNDA:0,(anonymous_21)
FNDA:0,(anonymous_22)
FNDA:0,(anonymous_23)
FNDA:0,(anonymous_24)
FNDA:0,(anonymous_25)
FNDA:0,(anonymous_26)
DA:36,0
DA:37,0
DA:38,0
DA:39,0
DA:40,0
DA:43,0
DA:45,0
DA:46,0
DA:49,0
DA:50,0
DA:52,0
DA:53,0
DA:55,0
DA:57,0
DA:59,0
DA:60,0
DA:62,0
DA:63,0
DA:67,0
DA:68,0
DA:69,0
DA:72,0
DA:73,0
DA:75,0
DA:77,0
DA:82,0
DA:85,0
DA:86,0
DA:87,0
DA:88,0
DA:91,0
DA:92,0
DA:94,0
DA:95,0
DA:99,0
DA:100,0
DA:105,0
DA:110,0
DA:111,0
DA:116,0
DA:121,0
DA:122,0
DA:130,0
DA:136,0
DA:137,0
DA:138,0
DA:141,0
DA:142,0
DA:143,0
DA:144,0
DA:145,0
DA:146,0
DA:147,0
DA:151,0
DA:152,0
DA:155,0
DA:156,0
DA:163,0
DA:174,0
DA:182,0
DA:185,0
DA:190,0
DA:193,0
DA:198,0
DA:201,0
DA:224,0
DA:251,0
DA:257,0
DA:268,0
DA:274,0
DA:288,0
LF:71
LH:0
BRDA:50,0,0,0
BRDA:50,0,1,0
BRDA:55,1,0,0
BRDA:55,1,1,0
BRDA:57,2,0,0
BRDA:57,2,1,0
BRDA:82,3,0,0
BRDA:82,3,1,0
BRDA:85,4,0,0
BRDA:85,4,1,0
BRDA:85,5,0,0
BRDA:85,5,1,0
BRDA:87,6,0,0
BRDA:87,6,1,0
BRDA:137,7,0,0
BRDA:137,7,1,0
BRDA:142,8,0,0
BRDA:142,8,1,0
BRDA:142,8,2,0
BRDA:142,8,3,0
BRDA:142,8,4,0
BRDA:155,9,0,0
BRDA:155,9,1,0
BRDA:173,10,0,0
BRDA:173,10,1,0
BRDA:176,11,0,0
BRDA:176,11,1,0
BRDA:181,12,0,0
BRDA:181,12,1,0
BRDA:184,13,0,0
BRDA:184,13,1,0
BRDA:189,14,0,0
BRDA:189,14,1,0
BRDA:192,15,0,0
BRDA:192,15,1,0
BRDA:197,16,0,0
BRDA:197,16,1,0
BRDA:200,17,0,0
BRDA:200,17,1,0
BRDA:213,18,0,0
BRDA:213,18,1,0
BRDA:217,19,0,0
BRDA:217,19,1,0
BRDA:247,20,0,0
BRDA:247,20,1,0
BRDA:264,21,0,0
BRDA:264,21,1,0
BRF:47
BRH:0
end_of_record
TN:
SF:src/screens/provider/DashboardScreen.tsx
FN:18,DashboardScreen
FN:35,(anonymous_1)
FN:50,(anonymous_2)
FN:54,(anonymous_3)
FN:60,(anonymous_4)
FN:63,(anonymous_5)
FN:65,(anonymous_6)
FN:68,(anonymous_7)
FN:77,(anonymous_8)
FN:97,(anonymous_9)
FN:101,(anonymous_10)
FNF:11
FNH:0
FNDA:0,DashboardScreen
FNDA:0,(anonymous_1)
FNDA:0,(anonymous_2)
FNDA:0,(anonymous_3)
FNDA:0,(anonymous_4)
FNDA:0,(anonymous_5)
FNDA:0,(anonymous_6)
FNDA:0,(anonymous_7)
FNDA:0,(anonymous_8)
FNDA:0,(anonymous_9)
FNDA:0,(anonymous_10)
DA:19,0
DA:20,0
DA:29,0
DA:30,0
DA:33,0
DA:35,0
DA:36,0
DA:38,0
DA:40,0
DA:42,0
DA:44,0
DA:47,0
DA:48,0
DA:50,0
DA:51,0
DA:54,0
DA:57,0
DA:60,0
DA:63,0
DA:65,0
DA:66,0
DA:68,0
DA:71,0
DA:76,0
DA:77,0
DA:80,0
DA:90,0
DA:92,0
DA:93,0
DA:97,0
DA:98,0
DA:101,0
DA:102,0
DA:103,0
DA:106,0
DA:107,0
DA:114,0
DA:187,0
LF:38
LH:0
BRDA:36,0,0,0
BRDA:36,0,1,0
BRDA:42,1,0,0
BRDA:42,1,1,0
BRDA:44,2,0,0
BRDA:44,2,1,0
BRDA:51,3,0,0
BRDA:51,3,1,0
BRDA:63,4,0,0
BRDA:63,4,1,0
BRDA:65,5,0,0
BRDA:65,5,1,0
BRDA:76,6,0,0
BRDA:76,6,1,0
BRDA:76,7,0,0
BRDA:76,7,1,0
BRDA:87,8,0,0
BRDA:87,8,1,0
BRDA:106,9,0,0
BRDA:106,9,1,0
BRF:20
BRH:0
end_of_record
TN:
SF:src/screens/provider/PortfolioScreen.tsx
FN:31,PortfolioScreen
FN:45,(anonymous_1)
FN:50,(anonymous_2)
FN:69,(anonymous_3)
FN:94,(anonymous_4)
FN:127,(anonymous_5)
FN:154,(anonymous_6)
FN:163,(anonymous_7)
FN:186,(anonymous_8)
FN:192,(anonymous_9)
FN:213,(anonymous_10)
FN:232,(anonymous_11)
FN:245,(anonymous_12)
FN:246,(anonymous_13)
FN:305,(anonymous_14)
FN:318,(anonymous_15)
FN:326,(anonymous_16)
FN:337,(anonymous_17)
FN:346,(anonymous_18)
FN:352,(anonymous_19)
FN:407,(anonymous_20)
FN:424,(anonymous_21)
FN:447,(anonymous_22)
FNF:23
FNH:0
FNDA:0,PortfolioScreen
FNDA:0,(anonymous_1)
FNDA:0,(anonymous_2)
FNDA:0,(anonymous_3)
FNDA:0,(anonymous_4)
FNDA:0,(anonymous_5)
FNDA:0,(anonymous_6)
FNDA:0,(anonymous_7)
FNDA:0,(anonymous_8)
FNDA:0,(anonymous_9)
FNDA:0,(anonymous_10)
FNDA:0,(anonymous_11)
FNDA:0,(anonymous_12)
FNDA:0,(anonymous_13)
FNDA:0,(anonymous_14)
FNDA:0,(anonymous_15)
FNDA:0,(anonymous_16)
FNDA:0,(anonymous_17)
FNDA:0,(anonymous_18)
FNDA:0,(anonymous_19)
FNDA:0,(anonymous_20)
FNDA:0,(anonymous_21)
FNDA:0,(anonymous_22)
DA:32,0
DA:33,0
DA:34,0
DA:35,0
DA:36,0
DA:37,0
DA:38,0
DA:39,0
DA:40,0
DA:43,0
DA:45,0
DA:46,0
DA:47,0
DA:50,0
DA:51,0
DA:52,0
DA:58,0
DA:59,0
DA:65,0
DA:69,0
DA:70,0
DA:71,0
DA:77,0
DA:79,0
DA:85,0
DA:86,0
DA:88,0
DA:90,0
DA:94,0
DA:95,0
DA:97,0
DA:98,0
DA:99,0
DA:103,0
DA:107,0
DA:109,0
DA:110,0
DA:113,0
DA:116,0
DA:122,0
DA:123,0
DA:127,0
DA:128,0
DA:130,0
DA:131,0
DA:135,0
DA:142,0
DA:144,0
DA:145,0
DA:147,0
DA:148,0
DA:150,0
DA:154,0
DA:155,0
DA:164,0
DA:165,0
DA:170,0
DA:173,0
DA:175,0
DA:176,0
DA:178,0
DA:186,0
DA:187,0
DA:188,0
DA:189,0
DA:192,0
DA:193,0
DA:195,0
DA:196,0
DA:201,0
DA:203,0
DA:204,0
DA:205,0
DA:206,0
DA:207,0
DA:209,0
DA:213,0
DA:214,0
DA:215,0
DA:221,0
DA:223,0
DA:229,0
DA:232,0
DA:233,0
DA:239,0
DA:241,0
DA:245,0
DA:246,0
DA:247,0
DA:249,0
DA:251,0
DA:253,0
DA:255,0
DA:256,0
DA:258,0
DA:269,0
DA:271,0
DA:275,0
DA:276,0
DA:283,0
DA:306,0
DA:318,0
DA:326,0
DA:338,0
DA:339,0
DA:346,0
DA:352,0
DA:407,0
DA:425,0
DA:426,0
DA:427,0
DA:448,0
DA:449,0
DA:459,0
LF:114
LH:0
BRDA:58,0,0,0
BRDA:58,0,1,0
BRDA:61,1,0,0
BRDA:61,1,1,0
BRDA:77,2,0,0
BRDA:77,2,1,0
BRDA:85,3,0,0
BRDA:85,3,1,0
BRDA:86,4,0,0
BRDA:86,4,1,0
BRDA:98,5,0,0
BRDA:98,5,1,0
BRDA:109,6,0,0
BRDA:109,6,1,0
BRDA:122,7,0,0
BRDA:122,7,1,0
BRDA:128,8,0,0
BRDA:128,8,1,0
BRDA:130,9,0,0
BRDA:130,9,1,0
BRDA:130,10,0,0
BRDA:130,10,1,0
BRDA:131,11,0,0
BRDA:131,11,1,0
BRDA:148,12,0,0
BRDA:148,12,1,0
BRDA:170,13,0,0
BRDA:170,13,1,0
BRDA:188,14,0,0
BRDA:188,14,1,0
BRDA:193,15,0,0
BRDA:193,15,1,0
BRDA:201,16,0,0
BRDA:201,16,1,0
BRDA:221,17,0,0
BRDA:221,17,1,0
BRDA:229,18,0,0
BRDA:229,18,1,0
BRDA:247,19,0,0
BRDA:247,19,1,0
BRDA:249,20,0,0
BRDA:249,20,1,0
BRDA:251,21,0,0
BRDA:251,21,1,0
BRDA:251,22,0,0
BRDA:251,22,1,0
BRDA:275,23,0,0
BRDA:275,23,1,0
BRDA:295,24,0,0
BRDA:295,24,1,0
BRDA:315,25,0,0
BRDA:315,25,1,0
BRDA:323,26,0,0
BRDA:323,26,1,0
BRDA:359,27,0,0
BRDA:359,27,1,0
BRDA:395,28,0,0
BRDA:395,28,1,0
BRDA:444,29,0,0
BRDA:444,29,1,0
BRDA:444,29,2,0
BRF:61
BRH:0
end_of_record
TN:
SF:src/screens/provider/ProfileScreen.tsx
FN:11,ProfileScreen
FN:21,(anonymous_1)
FN:25,(anonymous_2)
FN:44,(anonymous_3)
FN:73,(anonymous_4)
FN:105,(anonymous_5)
FN:114,(anonymous_6)
FN:162,(anonymous_7)
FNF:8
FNH:0
FNDA:0,ProfileScreen
FNDA:0,(anonymous_1)
FNDA:0,(anonymous_2)
FNDA:0,(anonymous_3)
FNDA:0,(anonymous_4)
FNDA:0,(anonymous_5)
FNDA:0,(anonymous_6)
FNDA:0,(anonymous_7)
DA:12,0
DA:13,0
DA:14,0
DA:15,0
DA:16,0
DA:19,0
DA:21,0
DA:22,0
DA:25,0
DA:26,0
DA:28,0
DA:29,0
DA:35,0
DA:36,0
DA:38,0
DA:40,0
DA:44,0
DA:45,0
DA:47,0
DA:48,0
DA:50,0
DA:51,0
DA:55,0
DA:58,0
DA:64,0
DA:65,0
DA:68,0
DA:69,0
DA:73,0
DA:74,0
DA:76,0
DA:77,0
DA:78,0
DA:80,0
DA:81,0
DA:84,0
DA:89,0
DA:91,0
DA:94,0
DA:96,0
DA:98,0
DA:99,0
DA:101,0
DA:105,0
DA:106,0
DA:115,0
DA:116,0
DA:118,0
DA:126,0
DA:127,0
DA:134,0
DA:162,0
DA:175,0
LF:53
LH:0
BRDA:26,0,0,0
BRDA:26,0,1,0
BRDA:35,1,0,0
BRDA:35,1,1,0
BRDA:36,2,0,0
BRDA:36,2,1,0
BRDA:45,3,0,0
BRDA:45,3,1,0
BRDA:50,4,0,0
BRDA:50,4,1,0
BRDA:64,5,0,0
BRDA:64,5,1,0
BRDA:74,6,0,0
BRDA:74,6,1,0
BRDA:80,7,0,0
BRDA:80,7,1,0
BRDA:81,8,0,0
BRDA:81,8,1,0
BRDA:89,9,0,0
BRDA:89,9,1,0
BRDA:91,10,0,0
BRDA:91,10,1,0
BRDA:99,11,0,0
BRDA:99,11,1,0
BRDA:126,12,0,0
BRDA:126,12,1,0
BRDA:138,13,0,0
BRDA:138,13,1,0
BRDA:151,14,0,0
BRDA:151,14,1,0
BRF:30
BRH:0
end_of_record
TN:
SF:src/screens/provider/ProviderOnboardingScreen.tsx
FN:24,ProviderOnboardingScreen
FN:57,(anonymous_1)
FN:63,(anonymous_2)
FN:73,(anonymous_3)
FN:99,(anonymous_4)
FN:113,(anonymous_5)
FN:114,(anonymous_6)
FN:116,(anonymous_7)
FN:121,(anonymous_8)
FN:122,(anonymous_9)
FN:123,(anonymous_10)
FN:127,(anonymous_11)
FN:158,(anonymous_12)
FN:168,(anonymous_13)
FN:174,(anonymous_14)
FN:206,(anonymous_15)
FN:208,(anonymous_16)
FN:226,(anonymous_17)
FN:245,(anonymous_18)
FN:281,(anonymous_19)
FN:297,(anonymous_20)
FN:312,(anonymous_21)
FN:358,(anonymous_22)
FN:364,(anonymous_23)
FN:371,(anonymous_24)
FN:395,(anonymous_25)
FN:415,(anonymous_26)
FN:422,(anonymous_27)
FN:463,(anonymous_28)
FN:506,(anonymous_29)
FNF:30
FNH:0
FNDA:0,ProviderOnboardingScreen
FNDA:0,(anonymous_1)
FNDA:0,(anonymous_2)
FNDA:0,(anonymous_3)
FNDA:0,(anonymous_4)
FNDA:0,(anonymous_5)
FNDA:0,(anonymous_6)
FNDA:0,(anonymous_7)
FNDA:0,(anonymous_8)
FNDA:0,(anonymous_9)
FNDA:0,(anonymous_10)
FNDA:0,(anonymous_11)
FNDA:0,(anonymous_12)
FNDA:0,(anonymous_13)
FNDA:0,(anonymous_14)
FNDA:0,(anonymous_15)
FNDA:0,(anonymous_16)
FNDA:0,(anonymous_17)
FNDA:0,(anonymous_18)
FNDA:0,(anonymous_19)
FNDA:0,(anonymous_20)
FNDA:0,(anonymous_21)
FNDA:0,(anonymous_22)
FNDA:0,(anonymous_23)
FNDA:0,(anonymous_24)
FNDA:0,(anonymous_25)
FNDA:0,(anonymous_26)
FNDA:0,(anonymous_27)
FNDA:0,(anonymous_28)
FNDA:0,(anonymous_29)
DA:25,0
DA:26,0
DA:27,0
DA:28,0
DA:31,0
DA:34,0
DA:35,0
DA:36,0
DA:37,0
DA:40,0
DA:41,0
DA:44,0
DA:45,0
DA:46,0
DA:47,0
DA:50,0
DA:51,0
DA:52,0
DA:54,0
DA:55,0
DA:57,0
DA:58,0
DA:59,0
DA:60,0
DA:63,0
DA:64,0
DA:65,0
DA:66,0
DA:67,0
DA:69,0
DA:73,0
DA:74,0
DA:75,0
DA:81,0
DA:83,0
DA:89,0
DA:90,0
DA:91,0
DA:92,0
DA:95,0
DA:99,0
DA:100,0
DA:101,0
DA:106,0
DA:107,0
DA:109,0
DA:113,0
DA:114,0
DA:115,0
DA:116,0
DA:121,0
DA:122,0
DA:123,0
DA:127,0
DA:128,0
DA:130,0
DA:131,0
DA:132,0
DA:134,0
DA:135,0
DA:136,0
DA:138,0
DA:140,0
DA:141,0
DA:142,0
DA:144,0
DA:146,0
DA:147,0
DA:148,0
DA:150,0
DA:152,0
DA:154,0
DA:158,0
DA:159,0
DA:161,0
DA:162,0
DA:164,0
DA:168,0
DA:169,0
DA:170,0
DA:174,0
DA:175,0
DA:176,0
DA:178,0
DA:180,0
DA:181,0
DA:185,0
DA:192,0
DA:195,0
DA:196,0
DA:197,0
DA:200,0
DA:208,0
DA:209,0
DA:216,0
DA:219,0
DA:220,0
DA:222,0
DA:226,0
DA:227,0
DA:228,0
DA:230,0
DA:236,0
DA:237,0
DA:240,0
DA:245,0
DA:250,0
DA:253,0
DA:259,0
DA:260,0
DA:268,0
DA:269,0
DA:278,0
DA:282,0
DA:290,0
DA:291,0
DA:293,0
DA:297,0
DA:298,0
DA:300,0
DA:302,0
DA:304,0
DA:306,0
DA:308,0
DA:312,0
DA:313,0
DA:358,0
DA:359,0
DA:365,0
DA:371,0
DA:395,0
DA:396,0
DA:398,0
DA:416,0
DA:422,0
DA:463,0
DA:464,0
DA:506,0
DA:514,0
DA:556,0
LF:140
LH:0
BRDA:67,0,0,0
BRDA:67,0,1,0
BRDA:81,1,0,0
BRDA:81,1,1,0
BRDA:89,2,0,0
BRDA:89,2,1,0
BRDA:90,3,0,0
BRDA:90,3,1,0
BRDA:91,4,0,0
BRDA:91,4,1,0
BRDA:92,5,0,0
BRDA:92,5,1,0
BRDA:106,6,0,0
BRDA:106,6,1,0
BRDA:107,7,0,0
BRDA:107,7,1,0
BRDA:115,8,0,0
BRDA:115,8,1,0
BRDA:123,9,0,0
BRDA:123,9,1,0
BRDA:128,10,0,0
BRDA:128,10,1,0
BRDA:128,10,2,0
BRDA:128,10,3,0
BRDA:128,10,4,0
BRDA:130,11,0,0
BRDA:130,11,1,0
BRDA:134,12,0,0
BRDA:134,12,1,0
BRDA:140,13,0,0
BRDA:140,13,1,0
BRDA:146,14,0,0
BRDA:146,14,1,0
BRDA:159,15,0,0
BRDA:159,15,1,0
BRDA:161,16,0,0
BRDA:161,16,1,0
BRDA:169,17,0,0
BRDA:169,17,1,0
BRDA:180,18,0,0
BRDA:180,18,1,0
BRDA:187,19,0,0
BRDA:187,19,1,0
BRDA:196,20,0,0
BRDA:196,20,1,0
BRDA:220,21,0,0
BRDA:220,21,1,0
BRDA:236,22,0,0
BRDA:236,22,1,0
BRDA:237,23,0,0
BRDA:237,23,1,0
BRDA:244,24,0,0
BRDA:244,24,1,0
BRDA:246,25,0,0
BRDA:246,25,1,0
BRDA:250,26,0,0
BRDA:250,26,1,0
BRDA:291,27,0,0
BRDA:291,27,1,0
BRDA:298,28,0,0
BRDA:298,28,1,0
BRDA:298,28,2,0
BRDA:298,28,3,0
BRDA:298,28,4,0
BRDA:369,29,0,0
BRDA:369,29,1,0
BRDA:382,30,0,0
BRDA:382,30,1,0
BRDA:385,31,0,0
BRDA:385,31,1,0
BRDA:420,32,0,0
BRDA:420,32,1,0
BRDA:427,33,0,0
BRDA:427,33,1,0
BRDA:477,34,0,0
BRDA:477,34,1,0
BRDA:480,35,0,0
BRDA:480,35,1,0
BRDA:484,36,0,0
BRDA:484,36,1,0
BRDA:490,37,0,0
BRDA:490,37,1,0
BRDA:533,38,0,0
BRDA:533,38,1,0
BRDA:539,39,0,0
BRDA:539,39,1,0
BRDA:543,40,0,0
BRDA:543,40,1,0
BRDA:547,41,0,0
BRDA:547,41,1,0
BRF:90
BRH:0
end_of_record
TN:
SF:src/screens/provider/ServicesScreen.tsx
FN:36,ServicesScreen
FN:49,(anonymous_1)
FN:53,(anonymous_2)
FN:77,(anonymous_3)
FN:109,(anonymous_4)
FN:116,(anonymous_5)
FN:152,(anonymous_6)
FN:171,(anonymous_7)
FN:180,(anonymous_8)
FN:212,(anonymous_9)
FN:212,(anonymous_10)
FN:231,(anonymous_11)
FN:247,(anonymous_12)
FN:255,(anonymous_13)
FN:268,(anonymous_14)
FN:272,(anonymous_15)
FN:292,(anonymous_16)
FN:329,(anonymous_17)
FNF:18
FNH:0
FNDA:0,ServicesScreen
FNDA:0,(anonymous_1)
FNDA:0,(anonymous_2)
FNDA:0,(anonymous_3)
FNDA:0,(anonymous_4)
FNDA:0,(anonymous_5)
FNDA:0,(anonymous_6)
FNDA:0,(anonymous_7)
FNDA:0,(anonymous_8)
FNDA:0,(anonymous_9)
FNDA:0,(anonymous_10)
FNDA:0,(anonymous_11)
FNDA:0,(anonymous_12)
FNDA:0,(anonymous_13)
FNDA:0,(anonymous_14)
FNDA:0,(anonymous_15)
FNDA:0,(anonymous_16)
FNDA:0,(anonymous_17)
DA:37,0
DA:38,0
DA:39,0
DA:40,0
DA:41,0
DA:42,0
DA:43,0
DA:44,0
DA:47,0
DA:49,0
DA:50,0
DA:53,0
DA:54,0
DA:56,0
DA:58,0
DA:75,0
DA:77,0
DA:91,0
DA:94,0
DA:98,0
DA:99,0
DA:102,0
DA:103,0
DA:105,0
DA:109,0
DA:110,0
DA:111,0
DA:112,0
DA:113,0
DA:116,0
DA:117,0
DA:118,0
DA:119,0
DA:122,0
DA:123,0
DA:124,0
DA:125,0
DA:128,0
DA:129,0
DA:138,0
DA:141,0
DA:143,0
DA:144,0
DA:145,0
DA:147,0
DA:148,0
DA:152,0
DA:153,0
DA:154,0
DA:159,0
DA:162,0
DA:164,0
DA:166,0
DA:167,0
DA:171,0
DA:172,0
DA:181,0
DA:182,0
DA:187,0
DA:190,0
DA:192,0
DA:194,0
DA:195,0
DA:203,0
DA:204,0
DA:211,0
DA:212,0
DA:215,0
DA:232,0
DA:247,0
DA:255,0
DA:269,0
DA:272,0
DA:292,0
DA:329,0
DA:349,0
LF:76
LH:0
BRDA:54,0,0,0
BRDA:54,0,1,0
BRDA:75,1,0,0
BRDA:75,1,1,0
BRDA:77,2,0,0
BRDA:77,2,1,0
BRDA:98,3,0,0
BRDA:98,3,1,0
BRDA:99,4,0,0
BRDA:99,4,1,0
BRDA:117,5,0,0
BRDA:117,5,1,0
BRDA:117,6,0,0
BRDA:117,6,1,0
BRDA:117,6,2,0
BRDA:123,7,0,0
BRDA:123,7,1,0
BRDA:123,8,0,0
BRDA:123,8,1,0
BRDA:138,9,0,0
BRDA:138,9,1,0
BRDA:148,10,0,0
BRDA:148,10,1,0
BRDA:159,11,0,0
BRDA:159,11,1,0
BRDA:187,12,0,0
BRDA:187,12,1,0
BRDA:203,13,0,0
BRDA:203,13,1,0
BRDA:224,14,0,0
BRDA:224,14,1,0
BRDA:265,15,0,0
BRDA:265,15,1,0
BRDA:298,16,0,0
BRDA:298,16,1,0
BRF:35
BRH:0
end_of_record
TN:
SF:src/services/availability.ts
FN:16,(anonymous_0)
FN:59,(anonymous_1)
FN:146,(anonymous_2)
FN:188,(anonymous_3)
FN:212,(anonymous_4)
FN:241,(anonymous_5)
FNF:6
FNH:0
FNDA:0,(anonymous_0)
FNDA:0,(anonymous_1)
FNDA:0,(anonymous_2)
FNDA:0,(anonymous_3)
FNDA:0,(anonymous_4)
FNDA:0,(anonymous_5)
DA:16,0
DA:22,0
DA:24,0
DA:25,0
DA:28,0
DA:29,0
DA:32,0
DA:33,0
DA:34,0
DA:35,0
DA:36,0
DA:39,0
DA:46,0
DA:47,0
DA:48,0
DA:51,0
DA:52,0
DA:59,0
DA:60,0
DA:63,0
DA:64,0
DA:71,0
DA:78,0
DA:79,0
DA:80,0
DA:83,0
DA:84,0
DA:91,0
DA:98,0
DA:99,0
DA:100,0
DA:103,0
DA:105,0
DA:106,0
DA:107,0
DA:110,0
DA:111,0
DA:114,0
DA:115,0
DA:116,0
DA:117,0
DA:118,0
DA:122,0
DA:126,0
DA:127,0
DA:136,0
DA:138,0
DA:139,0
DA:146,0
DA:151,0
DA:152,0
DA:153,0
DA:156,0
DA:164,0
DA:165,0
DA:169,0
DA:176,0
DA:177,0
DA:181,0
DA:188,0
DA:189,0
DA:190,0
DA:191,0
DA:198,0
DA:200,0
DA:201,0
DA:202,0
DA:204,0
DA:205,0
DA:208,0
DA:209,0
DA:212,0
DA:213,0
DA:220,0
DA:221,0
DA:222,0
DA:224,0
DA:231,0
DA:233,0
DA:234,0
DA:241,0
DA:242,0
DA:243,0
DA:244,0
DA:245,0
LF:85
LH:0
BRDA:46,0,0,0
BRDA:46,0,1,0
BRDA:51,1,0,0
BRDA:51,1,1,0
BRDA:51,2,0,0
BRDA:51,2,1,0
BRDA:60,3,0,0
BRDA:60,3,1,0
BRDA:63,4,0,0
BRDA:63,4,1,0
BRDA:78,5,0,0
BRDA:78,5,1,0
BRDA:83,6,0,0
BRDA:83,6,1,0
BRDA:83,7,0,0
BRDA:83,7,1,0
BRDA:98,8,0,0
BRDA:98,8,1,0
BRDA:103,9,0,0
BRDA:103,9,1,0
BRDA:103,10,0,0
BRDA:103,10,1,0
BRDA:107,11,0,0
BRDA:107,11,1,0
BRDA:122,12,0,0
BRDA:122,12,1,0
BRDA:122,12,2,0
BRDA:122,12,3,0
BRDA:122,12,4,0
BRDA:122,12,5,0
BRDA:126,13,0,0
BRDA:126,13,1,0
BRDA:164,14,0,0
BRDA:164,14,1,0
BRDA:164,15,0,0
BRDA:164,15,1,0
BRDA:164,15,2,0
BRDA:176,16,0,0
BRDA:176,16,1,0
BRDA:176,17,0,0
BRDA:176,17,1,0
BRDA:188,18,0,0
BRDA:188,18,1,0
BRDA:190,19,0,0
BRDA:190,19,1,0
BRDA:214,20,0,0
BRDA:214,20,1,0
BRDA:214,20,2,0
BRDA:214,20,3,0
BRDA:214,20,4,0
BRDA:214,20,5,0
BRDA:243,21,0,0
BRDA:243,21,1,0
BRDA:244,22,0,0
BRDA:244,22,1,0
BRF:55
BRH:0
end_of_record
TN:
SF:src/services/location.ts
FN:20,requestLocationPermission
FN:42,getCurrentLocation
FN:65,geocodeAddress
FN:86,reverseGeocode
FN:112,calculateDistance
FN:136,toRadians
FN:143,formatDistance
FN:156,isWithinServiceRadius
FN:168,filterProvidersByDistance
FN:178,(anonymous_9)
FN:194,(anonymous_10)
FN:201,(anonymous_11)
FNF:12
FNH:0
FNDA:0,requestLocationPermission
FNDA:0,getCurrentLocation
FNDA:0,geocodeAddress
FNDA:0,reverseGeocode
FNDA:0,calculateDistance
FNDA:0,toRadians
FNDA:0,formatDistance
FNDA:0,isWithinServiceRadius
FNDA:0,filterProvidersByDistance
FNDA:0,(anonymous_9)
FNDA:0,(anonymous_10)
FNDA:0,(anonymous_11)
DA:21,0
DA:22,0
DA:24,0
DA:25,0
DA:29,0
DA:32,0
DA:34,0
DA:35,0
DA:43,0
DA:44,0
DA:45,0
DA:47,0
DA:51,0
DA:56,0
DA:57,0
DA:58,0
DA:66,0
DA:67,0
DA:69,0
DA:70,0
DA:73,0
DA:78,0
DA:79,0
DA:87,0
DA:88,0
DA:90,0
DA:91,0
DA:94,0
DA:95,0
DA:103,0
DA:104,0
DA:116,0
DA:117,0
DA:118,0
DA:121,0
DA:127,0
DA:128,0
DA:130,0
DA:137,0
DA:144,0
DA:145,0
DA:146,0
DA:147,0
DA:149,0
DA:161,0
DA:162,0
DA:177,0
DA:179,0
DA:180,0
DA:183,0
DA:188,0
DA:194,0
DA:201,0
LF:53
LH:0
BRDA:24,0,0,0
BRDA:24,0,1,0
BRDA:45,1,0,0
BRDA:45,1,1,0
BRDA:69,2,0,0
BRDA:69,2,1,0
BRDA:90,3,0,0
BRDA:90,3,1,0
BRDA:96,4,0,0
BRDA:96,4,1,0
BRDA:97,5,0,0
BRDA:97,5,1,0
BRDA:98,6,0,0
BRDA:98,6,1,0
BRDA:99,7,0,0
BRDA:99,7,1,0
BRDA:100,8,0,0
BRDA:100,8,1,0
BRDA:144,9,0,0
BRDA:144,9,1,0
BRDA:146,10,0,0
BRDA:146,10,1,0
BRDA:179,11,0,0
BRDA:179,11,1,0
BRDA:179,12,0,0
BRDA:179,12,1,0
BRF:26
BRH:0
end_of_record
TN:
SF:src/services/stripe.ts
FN:16,(anonymous_0)
FN:57,(anonymous_1)
FN:96,(anonymous_2)
FN:127,(anonymous_3)
FN:164,(anonymous_4)
FNF:5
FNH:0
FNDA:0,(anonymous_0)
FNDA:0,(anonymous_1)
FNDA:0,(anonymous_2)
FNDA:0,(anonymous_3)
FNDA:0,(anonymous_4)
DA:3,0
DA:16,0
DA:21,0
DA:22,0
DA:24,0
DA:25,0
DA:28,0
DA:41,0
DA:43,0
DA:44,0
DA:47,0
DA:49,0
DA:50,0
DA:57,0
DA:61,0
DA:62,0
DA:64,0
DA:65,0
DA:68,0
DA:80,0
DA:82,0
DA:83,0
DA:86,0
DA:88,0
DA:89,0
DA:96,0
DA:97,0
DA:98,0
DA:100,0
DA:101,0
DA:104,0
DA:111,0
DA:113,0
DA:114,0
DA:117,0
DA:119,0
DA:120,0
DA:127,0
DA:130,0
DA:131,0
DA:133,0
DA:134,0
DA:137,0
DA:148,0
DA:150,0
DA:151,0
DA:154,0
DA:156,0
DA:157,0
DA:164,0
DA:168,0
DA:169,0
DA:171,0
DA:172,0
DA:175,0
DA:187,0
DA:189,0
DA:190,0
DA:193,0
DA:195,0
DA:196,0
LF:61
LH:0
BRDA:3,0,0,0
BRDA:3,0,1,0
BRDA:19,1,0,0
BRDA:24,2,0,0
BRDA:24,2,1,0
BRDA:43,3,0,0
BRDA:43,3,1,0
BRDA:44,4,0,0
BRDA:44,4,1,0
BRDA:64,5,0,0
BRDA:64,5,1,0
BRDA:82,6,0,0
BRDA:82,6,1,0
BRDA:83,7,0,0
BRDA:83,7,1,0
BRDA:100,8,0,0
BRDA:100,8,1,0
BRDA:113,9,0,0
BRDA:113,9,1,0
BRDA:114,10,0,0
BRDA:114,10,1,0
BRDA:133,11,0,0
BRDA:133,11,1,0
BRDA:150,12,0,0
BRDA:150,12,1,0
BRDA:151,13,0,0
BRDA:151,13,1,0
BRDA:171,14,0,0
BRDA:171,14,1,0
BRDA:189,15,0,0
BRDA:189,15,1,0
BRDA:190,16,0,0
BRDA:190,16,1,0
BRF:33
BRH:0
end_of_record
TN:
SF:src/services/supabase.ts
FN:11,(anonymous_0)
FN:14,(anonymous_1)
FN:17,(anonymous_2)
FN:33,(anonymous_3)
FN:44,(anonymous_4)
FN:52,(anonymous_5)
FN:57,(anonymous_6)
FN:62,(anonymous_7)
FN:67,(anonymous_8)
FN:78,(anonymous_9)
FN:87,(anonymous_10)
FN:98,(anonymous_11)
FN:107,(anonymous_12)
FN:121,(anonymous_13)
FN:136,(anonymous_14)
FN:159,(anonymous_15)
FN:175,(anonymous_16)
FN:184,(anonymous_17)
FN:199,(anonymous_18)
FN:214,(anonymous_19)
FN:225,(anonymous_20)
FN:234,(anonymous_21)
FN:248,(anonymous_22)
FN:259,(anonymous_23)
FNF:24
FNH:0
FNDA:0,(anonymous_0)
FNDA:0,(anonymous_1)
FNDA:0,(anonymous_2)
FNDA:0,(anonymous_3)
FNDA:0,(anonymous_4)
FNDA:0,(anonymous_5)
FNDA:0,(anonymous_6)
FNDA:0,(anonymous_7)
FNDA:0,(anonymous_8)
FNDA:0,(anonymous_9)
FNDA:0,(anonymous_10)
FNDA:0,(anonymous_11)
FNDA:0,(anonymous_12)
FNDA:0,(anonymous_13)
FNDA:0,(anonymous_14)
FNDA:0,(anonymous_15)
FNDA:0,(anonymous_16)
FNDA:0,(anonymous_17)
FNDA:0,(anonymous_18)
FNDA:0,(anonymous_19)
FNDA:0,(anonymous_20)
FNDA:0,(anonymous_21)
FNDA:0,(anonymous_22)
FNDA:0,(anonymous_23)
DA:6,0
DA:7,0
DA:10,0
DA:12,0
DA:15,0
DA:18,0
DA:22,0
DA:32,0
DA:34,0
DA:41,0
DA:45,0
DA:49,0
DA:53,0
DA:54,0
DA:58,0
DA:59,0
DA:63,0
DA:64,0
DA:68,0
DA:71,0
DA:76,0
DA:79,0
DA:84,0
DA:88,0
DA:94,0
DA:99,0
DA:103,0
DA:108,0
DA:112,0
DA:113,0
DA:116,0
DA:117,0
DA:122,0
DA:132,0
DA:142,0
DA:151,0
DA:152,0
DA:155,0
DA:156,0
DA:160,0
DA:171,0
DA:176,0
DA:181,0
DA:185,0
DA:186,0
DA:196,0
DA:200,0
DA:211,0
DA:215,0
DA:221,0
DA:226,0
DA:231,0
DA:235,0
DA:244,0
DA:249,0
DA:255,0
DA:260,0
DA:265,0
LF:58
LH:0
BRDA:6,0,0,0
BRDA:6,0,1,0
BRDA:6,0,2,0
BRDA:7,1,0,0
BRDA:7,1,1,0
BRDA:7,1,2,0
BRDA:112,2,0,0
BRDA:112,2,1,0
BRDA:151,3,0,0
BRDA:151,3,1,0
BRDA:185,4,0,0
BRDA:185,4,1,0
BRF:12
BRH:0
end_of_record
TN:
SF:src/utils/analytics.ts
FN:32,(anonymous_0)
FN:64,(anonymous_1)
FN:85,(anonymous_2)
FN:110,(anonymous_3)
FN:120,(anonymous_4)
FN:136,(anonymous_5)
FN:152,(anonymous_6)
FN:168,(anonymous_7)
FN:184,(anonymous_8)
FN:200,(anonymous_9)
FN:217,(anonymous_10)
FN:221,(anonymous_11)
FN:225,(anonymous_12)
FN:229,(anonymous_13)
FN:237,(anonymous_14)
FN:244,(anonymous_15)
FN:251,(anonymous_16)
FN:258,(anonymous_17)
FN:264,(anonymous_18)
FN:270,(anonymous_19)
FN:278,(anonymous_20)
FN:286,(anonymous_21)
FN:293,(anonymous_22)
FN:300,(anonymous_23)
FN:304,(anonymous_24)
FN:311,(anonymous_25)
FN:318,(anonymous_26)
FN:324,(anonymous_27)
FN:331,(anonymous_28)
FN:340,(anonymous_29)
FN:356,(anonymous_30)
FN:368,(anonymous_31)
FN:378,(anonymous_32)
FN:386,(anonymous_33)
FN:398,(anonymous_34)
FN:405,(anonymous_35)
FN:411,(anonymous_36)
FN:417,(anonymous_37)
FN:425,(anonymous_38)
FN:440,(anonymous_39)
FN:457,(anonymous_40)
FN:472,(anonymous_41)
FN:487,(anonymous_42)
FN:502,(anonymous_43)
FNF:44
FNH:0
FNDA:0,(anonymous_0)
FNDA:0,(anonymous_1)
FNDA:0,(anonymous_2)
FNDA:0,(anonymous_3)
FNDA:0,(anonymous_4)
FNDA:0,(anonymous_5)
FNDA:0,(anonymous_6)
FNDA:0,(anonymous_7)
FNDA:0,(anonymous_8)
FNDA:0,(anonymous_9)
FNDA:0,(anonymous_10)
FNDA:0,(anonymous_11)
FNDA:0,(anonymous_12)
FNDA:0,(anonymous_13)
FNDA:0,(anonymous_14)
FNDA:0,(anonymous_15)
FNDA:0,(anonymous_16)
FNDA:0,(anonymous_17)
FNDA:0,(anonymous_18)
FNDA:0,(anonymous_19)
FNDA:0,(anonymous_20)
FNDA:0,(anonymous_21)
FNDA:0,(anonymous_22)
FNDA:0,(anonymous_23)
FNDA:0,(anonymous_24)
FNDA:0,(anonymous_25)
FNDA:0,(anonymous_26)
FNDA:0,(anonymous_27)
FNDA:0,(anonymous_28)
FNDA:0,(anonymous_29)
FNDA:0,(anonymous_30)
FNDA:0,(anonymous_31)
FNDA:0,(anonymous_32)
FNDA:0,(anonymous_33)
FNDA:0,(anonymous_34)
FNDA:0,(anonymous_35)
FNDA:0,(anonymous_36)
FNDA:0,(anonymous_37)
FNDA:0,(anonymous_38)
FNDA:0,(anonymous_39)
FNDA:0,(anonymous_40)
FNDA:0,(anonymous_41)
FNDA:0,(anonymous_42)
FNDA:0,(anonymous_43)
DA:24,0
DA:25,0
DA:26,0
DA:27,0
DA:33,0
DA:34,0
DA:35,0
DA:38,0
DA:40,0
DA:41,0
DA:42,0
DA:44,0
DA:45,0
DA:46,0
DA:49,0
DA:50,0
DA:52,0
DA:53,0
DA:57,0
DA:65,0
DA:67,0
DA:68,0
DA:69,0
DA:71,0
DA:72,0
DA:75,0
DA:78,0
DA:86,0
DA:88,0
DA:90,0
DA:98,0
DA:99,0
DA:100,0
DA:103,0
DA:111,0
DA:121,0
DA:123,0
DA:124,0
DA:125,0
DA:126,0
DA:129,0
DA:137,0
DA:139,0
DA:140,0
DA:141,0
DA:142,0
DA:145,0
DA:153,0
DA:155,0
DA:156,0
DA:157,0
DA:158,0
DA:161,0
DA:169,0
DA:171,0
DA:172,0
DA:173,0
DA:174,0
DA:177,0
DA:185,0
DA:187,0
DA:188,0
DA:189,0
DA:190,0
DA:193,0
DA:201,0
DA:202,0
DA:208,0
DA:217,0
DA:218,0
DA:221,0
DA:222,0
DA:225,0
DA:226,0
DA:229,0
DA:230,0
DA:237,0
DA:238,0
DA:244,0
DA:245,0
DA:251,0
DA:252,0
DA:258,0
DA:259,0
DA:264,0
DA:265,0
DA:270,0
DA:271,0
DA:275,0
DA:278,0
DA:279,0
DA:286,0
DA:287,0
DA:293,0
DA:294,0
DA:300,0
DA:301,0
DA:304,0
DA:305,0
DA:311,0
DA:312,0
DA:318,0
DA:319,0
DA:324,0
DA:325,0
DA:331,0
DA:332,0
DA:340,0
DA:347,0
DA:356,0
DA:361,0
DA:368,0
DA:372,0
DA:378,0
DA:379,0
DA:386,0
DA:391,0
DA:398,0
DA:399,0
DA:405,0
DA:406,0
DA:411,0
DA:412,0
DA:417,0
DA:418,0
DA:425,0
DA:426,0
DA:440,0
DA:446,0
DA:457,0
DA:462,0
DA:472,0
DA:477,0
DA:487,0
DA:492,0
DA:502,0
DA:503,0
LF:137
LH:0
BRDA:32,0,0,0
BRDA:33,1,0,0
BRDA:33,1,1,0
BRDA:41,2,0,0
BRDA:41,2,1,0
BRDA:42,3,0,0
BRDA:42,3,1,0
BRDA:44,4,0,0
BRDA:44,4,1,0
BRDA:65,5,0,0
BRDA:65,5,1,0
BRDA:68,6,0,0
BRDA:68,6,1,0
BRDA:68,7,0,0
BRDA:68,7,1,0
BRDA:71,8,0,0
BRDA:71,8,1,0
BRDA:86,9,0,0
BRDA:86,9,1,0
BRDA:98,10,0,0
BRDA:98,10,1,0
BRDA:98,11,0,0
BRDA:98,11,1,0
BRDA:121,12,0,0
BRDA:121,12,1,0
BRDA:124,13,0,0
BRDA:124,13,1,0
BRDA:124,14,0,0
BRDA:124,14,1,0
BRDA:136,15,0,0
BRDA:137,16,0,0
BRDA:137,16,1,0
BRDA:140,17,0,0
BRDA:140,17,1,0
BRDA:140,18,0,0
BRDA:140,18,1,0
BRDA:153,19,0,0
BRDA:153,19,1,0
BRDA:156,20,0,0
BRDA:156,20,1,0
BRDA:156,21,0,0
BRDA:156,21,1,0
BRDA:157,22,0,0
BRDA:157,22,1,0
BRDA:169,23,0,0
BRDA:169,23,1,0
BRDA:172,24,0,0
BRDA:172,24,1,0
BRDA:172,25,0,0
BRDA:172,25,1,0
BRDA:185,26,0,0
BRDA:185,26,1,0
BRDA:188,27,0,0
BRDA:188,27,1,0
BRDA:188,28,0,0
BRDA:188,28,1,0
BRDA:201,29,0,0
BRDA:201,29,1,0
BRDA:388,30,0,0
BRDA:398,31,0,0
BRDA:399,32,0,0
BRDA:399,32,1,0
BRDA:460,33,0,0
BRF:63
BRH:0
end_of_record
TN:
SF:src/utils/biometricAuth.ts
FN:7,(anonymous_0)
FN:23,(anonymous_1)
FN:49,(anonymous_2)
FN:99,(anonymous_3)
FN:112,(anonymous_4)
FN:147,(anonymous_5)
FNF:6
FNH:0
FNDA:0,(anonymous_0)
FNDA:0,(anonymous_1)
FNDA:0,(anonymous_2)
FNDA:0,(anonymous_3)
FNDA:0,(anonymous_4)
FNDA:0,(anonymous_5)
DA:7,0
DA:8,0
DA:9,0
DA:10,0
DA:12,0
DA:13,0
DA:15,0
DA:16,0
DA:23,0
DA:24,0
DA:25,0
DA:27,0
DA:28,0
DA:31,0
DA:32,0
DA:35,0
DA:36,0
DA:39,0
DA:41,0
DA:42,0
DA:49,0
DA:57,0
DA:59,0
DA:60,0
DA:61,0
DA:68,0
DA:69,0
DA:72,0
DA:79,0
DA:80,0
DA:82,0
DA:88,0
DA:89,0
DA:99,0
DA:100,0
DA:101,0
DA:102,0
DA:104,0
DA:105,0
DA:112,0
DA:116,0
DA:117,0
DA:119,0
DA:120,0
DA:122,0
DA:123,0
DA:125,0
DA:126,0
DA:128,0
DA:129,0
DA:131,0
DA:134,0
DA:136,0
DA:137,0
DA:147,0
DA:154,0
DA:155,0
DA:156,0
DA:158,0
DA:165,0
DA:166,0
DA:171,0
DA:177,0
DA:178,0
LF:64
LH:0
BRDA:10,0,0,0
BRDA:10,0,1,0
BRDA:27,1,0,0
BRDA:27,1,1,0
BRDA:28,2,0,0
BRDA:28,2,1,0
BRDA:31,3,0,0
BRDA:31,3,1,0
BRDA:32,4,0,0
BRDA:32,4,1,0
BRDA:35,5,0,0
BRDA:35,5,1,0
BRDA:60,6,0,0
BRDA:60,6,1,0
BRDA:73,7,0,0
BRDA:73,7,1,0
BRDA:74,8,0,0
BRDA:74,8,1,0
BRDA:75,9,0,0
BRDA:75,9,1,0
BRDA:79,10,0,0
BRDA:79,10,1,0
BRDA:84,11,0,0
BRDA:84,11,1,0
BRDA:91,12,0,0
BRDA:91,12,1,0
BRDA:120,13,0,0
BRDA:120,13,1,0
BRDA:120,13,2,0
BRDA:120,13,3,0
BRDA:156,14,0,0
BRDA:156,14,1,0
BRDA:165,15,0,0
BRDA:165,15,1,0
BRDA:173,16,0,0
BRDA:173,16,1,0
BRDA:180,17,0,0
BRDA:180,17,1,0
BRF:38
BRH:0
end_of_record
TN:
SF:src/utils/calendar.ts
FN:16,(anonymous_0)
FN:29,(anonymous_1)
FN:38,(anonymous_2)
FN:42,(anonymous_3)
FN:60,(anonymous_4)
FN:90,(anonymous_5)
FN:115,(anonymous_6)
FN:153,(anonymous_7)
FN:184,(anonymous_8)
FN:236,(anonymous_9)
FNF:10
FNH:0
FNDA:0,(anonymous_0)
FNDA:0,(anonymous_1)
FNDA:0,(anonymous_2)
FNDA:0,(anonymous_3)
FNDA:0,(anonymous_4)
FNDA:0,(anonymous_5)
FNDA:0,(anonymous_6)
FNDA:0,(anonymous_7)
FNDA:0,(anonymous_8)
FNDA:0,(anonymous_9)
DA:16,0
DA:17,0
DA:18,0
DA:19,0
DA:21,0
DA:22,0
DA:29,0
DA:30,0
DA:31,0
DA:33,0
DA:34,0
DA:38,0
DA:41,0
DA:42,0
DA:46,0
DA:47,0
DA:50,0
DA:52,0
DA:53,0
DA:60,0
DA:63,0
DA:65,0
DA:66,0
DA:67,0
DA:74,0
DA:75,0
DA:76,0
DA:83,0
DA:90,0
DA:99,0
DA:104,0
DA:105,0
DA:115,0
DA:119,0
DA:121,0
DA:122,0
DA:123,0
DA:130,0
DA:138,0
DA:142,0
DA:143,0
DA:153,0
DA:156,0
DA:158,0
DA:159,0
DA:160,0
DA:167,0
DA:169,0
DA:173,0
DA:174,0
DA:184,0
DA:195,0
DA:197,0
DA:198,0
DA:200,0
DA:201,0
DA:204,0
DA:207,0
DA:216,0
DA:225,0
DA:226,0
DA:236,0
DA:240,0
LF:63
LH:0
BRDA:33,0,0,0
BRDA:33,0,1,0
BRDA:41,1,0,0
BRDA:41,1,1,0
BRDA:46,2,0,0
BRDA:46,2,1,0
BRDA:66,3,0,0
BRDA:66,3,1,0
BRDA:75,4,0,0
BRDA:75,4,1,0
BRDA:90,5,0,0
BRDA:90,5,1,0
BRDA:107,6,0,0
BRDA:107,6,1,0
BRDA:122,7,0,0
BRDA:122,7,1,0
BRDA:145,8,0,0
BRDA:145,8,1,0
BRDA:159,9,0,0
BRDA:159,9,1,0
BRDA:176,10,0,0
BRDA:176,10,1,0
BRDA:210,11,0,0
BRDA:210,11,1,0
BRDA:228,12,0,0
BRDA:228,12,1,0
BRF:26
BRH:0
end_of_record
TN:
SF:src/utils/imageUpload.ts
FN:24,(anonymous_0)
FN:32,(anonymous_1)
FN:59,(anonymous_2)
FN:72,(anonymous_3)
FN:85,(anonymous_4)
FN:120,(anonymous_5)
FN:135,(anonymous_6)
FN:137,(anonymous_7)
FN:190,(anonymous_8)
FN:212,(anonymous_9)
FN:228,(anonymous_10)
FN:244,(anonymous_11)
FN:260,(anonymous_12)
FN:276,(anonymous_13)
FNF:14
FNH:0
FNDA:0,(anonymous_0)
FNDA:0,(anonymous_1)
FNDA:0,(anonymous_2)
FNDA:0,(anonymous_3)
FNDA:0,(anonymous_4)
FNDA:0,(anonymous_5)
FNDA:0,(anonymous_6)
FNDA:0,(anonymous_7)
FNDA:0,(anonymous_8)
FNDA:0,(anonymous_9)
FNDA:0,(anonymous_10)
FNDA:0,(anonymous_11)
FNDA:0,(anonymous_12)
FNDA:0,(anonymous_13)
DA:24,0
DA:25,0
DA:26,0
DA:32,0
DA:37,0
DA:38,0
DA:45,0
DA:46,0
DA:49,0
DA:51,0
DA:52,0
DA:59,0
DA:63,0
DA:64,0
DA:71,0
DA:72,0
DA:75,0
DA:77,0
DA:78,0
DA:85,0
DA:93,0
DA:94,0
DA:110,0
DA:112,0
DA:113,0
DA:120,0
DA:124,0
DA:126,0
DA:133,0
DA:134,0
DA:135,0
DA:136,0
DA:137,0
DA:138,0
DA:139,0
DA:143,0
DA:144,0
DA:145,0
DA:146,0
DA:149,0
DA:150,0
DA:153,0
DA:160,0
DA:161,0
DA:162,0
DA:169,0
DA:173,0
DA:179,0
DA:180,0
DA:190,0
DA:194,0
DA:195,0
DA:197,0
DA:198,0
DA:199,0
DA:202,0
DA:204,0
DA:205,0
DA:212,0
DA:216,0
DA:228,0
DA:232,0
DA:244,0
DA:248,0
DA:260,0
DA:264,0
DA:276,0
DA:282,0
DA:284,0
DA:285,0
DA:286,0
DA:293,0
DA:299,0
DA:300,0
DA:307,0
DA:309,0
LF:76
LH:0
BRDA:40,0,0,0
BRDA:40,0,1,0
BRDA:41,1,0,0
BRDA:41,1,1,0
BRDA:42,2,0,0
BRDA:42,2,1,0
BRDA:45,3,0,0
BRDA:45,3,1,0
BRDA:45,4,0,0
BRDA:45,4,1,0
BRDA:67,5,0,0
BRDA:67,5,1,0
BRDA:68,6,0,0
BRDA:68,6,1,0
BRDA:71,7,0,0
BRDA:71,7,1,0
BRDA:71,8,0,0
BRDA:71,8,1,0
BRDA:99,9,0,0
BRDA:99,9,1,0
BRDA:100,10,0,0
BRDA:100,10,1,0
BRDA:105,11,0,0
BRDA:105,11,1,0
BRDA:149,12,0,0
BRDA:149,12,1,0
BRDA:160,13,0,0
BRDA:160,13,1,0
BRDA:182,14,0,0
BRDA:182,14,1,0
BRDA:197,15,0,0
BRDA:197,15,1,0
BRDA:285,16,0,0
BRDA:285,16,1,0
BRDA:299,17,0,0
BRDA:299,17,1,0
BRDA:311,18,0,0
BRDA:311,18,1,0
BRF:38
BRH:0
end_of_record
TN:
SF:src/utils/location.ts
FN:11,(anonymous_0)
FN:24,(anonymous_1)
FN:51,(anonymous_2)
FN:75,(anonymous_3)
FN:82,(anonymous_4)
FN:92,(anonymous_5)
FN:104,(anonymous_6)
FN:132,(anonymous_7)
FNF:8
FNH:0
FNDA:0,(anonymous_0)
FNDA:0,(anonymous_1)
FNDA:0,(anonymous_2)
FNDA:0,(anonymous_3)
FNDA:0,(anonymous_4)
FNDA:0,(anonymous_5)
FNDA:0,(anonymous_6)
FNDA:0,(anonymous_7)
DA:11,0
DA:12,0
DA:13,0
DA:14,0
DA:16,0
DA:17,0
DA:24,0
DA:25,0
DA:26,0
DA:28,0
DA:29,0
DA:30,0
DA:33,0
DA:37,0
DA:42,0
DA:43,0
DA:51,0
DA:55,0
DA:56,0
DA:57,0
DA:60,0
DA:66,0
DA:67,0
DA:69,0
DA:75,0
DA:76,0
DA:82,0
DA:83,0
DA:84,0
DA:86,0
DA:92,0
DA:97,0
DA:98,0
DA:104,0
DA:107,0
DA:108,0
DA:110,0
DA:111,0
DA:112,0
DA:119,0
DA:122,0
DA:124,0
DA:125,0
DA:132,0
DA:135,0
DA:136,0
DA:138,0
DA:139,0
DA:145,0
DA:147,0
DA:148,0
LF:51
LH:0
BRDA:28,0,0,0
BRDA:28,0,1,0
BRDA:83,1,0,0
BRDA:83,1,1,0
BRDA:110,2,0,0
BRDA:110,2,1,0
BRDA:110,3,0,0
BRDA:110,3,1,0
BRDA:138,4,0,0
BRDA:138,4,1,0
BRDA:138,5,0,0
BRDA:138,5,1,0
BRF:12
BRH:0
end_of_record
TN:
SF:src/utils/notifications.ts
FN:8,(anonymous_0)
FN:26,(anonymous_1)
FN:56,(anonymous_2)
FN:81,(anonymous_3)
FN:115,(anonymous_4)
FN:141,(anonymous_5)
FN:168,(anonymous_6)
FN:179,(anonymous_7)
FN:190,(anonymous_8)
FN:202,(anonymous_9)
FN:213,(anonymous_10)
FN:224,(anonymous_11)
FN:233,(anonymous_12)
FN:242,(anonymous_13)
FN:275,(anonymous_14)
FN:295,(anonymous_15)
FNF:16
FNH:0
FNDA:0,(anonymous_0)
FNDA:0,(anonymous_1)
FNDA:0,(anonymous_2)
FNDA:0,(anonymous_3)
FNDA:0,(anonymous_4)
FNDA:0,(anonymous_5)
FNDA:0,(anonymous_6)
FNDA:0,(anonymous_7)
FNDA:0,(anonymous_8)
FNDA:0,(anonymous_9)
FNDA:0,(anonymous_10)
FNDA:0,(anonymous_11)
FNDA:0,(anonymous_12)
FNDA:0,(anonymous_13)
FNDA:0,(anonymous_14)
FNDA:0,(anonymous_15)
DA:7,0
DA:8,0
DA:26,0
DA:27,0
DA:28,0
DA:29,0
DA:30,0
DA:33,0
DA:34,0
DA:36,0
DA:37,0
DA:38,0
DA:41,0
DA:42,0
DA:43,0
DA:46,0
DA:48,0
DA:49,0
DA:56,0
DA:57,0
DA:58,0
DA:59,0
DA:62,0
DA:63,0
DA:64,0
DA:67,0
DA:71,0
DA:73,0
DA:74,0
DA:81,0
DA:85,0
DA:86,0
DA:100,0
DA:101,0
DA:102,0
DA:105,0
DA:107,0
DA:108,0
DA:115,0
DA:119,0
DA:120,0
DA:126,0
DA:127,0
DA:128,0
DA:131,0
DA:133,0
DA:134,0
DA:141,0
DA:147,0
DA:148,0
DA:158,0
DA:160,0
DA:161,0
DA:168,0
DA:169,0
DA:170,0
DA:172,0
DA:179,0
DA:180,0
DA:181,0
DA:183,0
DA:190,0
DA:191,0
DA:192,0
DA:194,0
DA:195,0
DA:202,0
DA:203,0
DA:204,0
DA:206,0
DA:213,0
DA:214,0
DA:215,0
DA:217,0
DA:224,0
DA:227,0
DA:233,0
DA:236,0
DA:242,0
DA:247,0
DA:249,0
DA:251,0
DA:252,0
DA:255,0
DA:267,0
DA:268,0
DA:275,0
DA:279,0
DA:280,0
DA:288,0
DA:295,0
DA:300,0
DA:301,0
DA:302,0
DA:304,0
DA:306,0
DA:307,0
DA:308,0
DA:310,0
DA:311,0
DA:312,0
DA:314,0
DA:315,0
DA:316,0
DA:318,0
DA:321,0
DA:326,0
LF:107
LH:0
BRDA:28,0,0,0
BRDA:28,0,1,0
BRDA:36,1,0,0
BRDA:36,1,1,0
BRDA:41,2,0,0
BRDA:41,2,1,0
BRDA:58,3,0,0
BRDA:58,3,1,0
BRDA:63,4,0,0
BRDA:63,4,1,0
BRDA:100,5,0,0
BRDA:100,5,1,0
BRDA:126,6,0,0
BRDA:126,6,1,0
BRDA:152,7,0,0
BRDA:152,7,1,0
BRDA:155,8,0,0
BRDA:155,8,1,0
BRDA:251,9,0,0
BRDA:251,9,1,0
BRDA:304,10,0,0
BRDA:304,10,1,0
BRDA:304,10,2,0
BRDA:304,10,3,0
BRF:24
BRH:0
end_of_record
TN:
SF:src/utils/recurringBooking.ts
FN:28,calculateNextOccurrence
FN:59,generateBookingInstances
FN:103,validateRecurringPattern
FN:176,getRecurringDescription
FN:211,calculateRecurringTotalCost
FN:231,hasDateConflict
FN:241,filterConflictingInstances
FN:251,(anonymous_7)
FN:265,getNextUpcomingInstance
FN:275,formatFrequency
FNF:10
FNH:0
FNDA:0,calculateNextOccurrence
FNDA:0,generateBookingInstances
FNDA:0,validateRecurringPattern
FNDA:0,getRecurringDescription
FNDA:0,calculateRecurringTotalCost
FNDA:0,hasDateConflict
FNDA:0,filterConflictingInstances
FNDA:0,(anonymous_7)
FNDA:0,getNextUpcomingInstance
FNDA:0,formatFrequency
DA:33,0
DA:35,0
DA:37,0
DA:38,0
DA:40,0
DA:41,0
DA:43,0
DA:44,0
DA:46,0
DA:47,0
DA:50,0
DA:63,0
DA:64,0
DA:65,0
DA:66,0
DA:69,0
DA:70,0
DA:71,0
DA:75,0
DA:77,0
DA:78,0
DA:79,0
DA:80,0
DA:85,0
DA:92,0
DA:93,0
DA:96,0
DA:108,0
DA:109,0
DA:110,0
DA:112,0
DA:113,0
DA:120,0
DA:121,0
DA:128,0
DA:129,0
DA:130,0
DA:136,0
DA:137,0
DA:138,0
DA:145,0
DA:146,0
DA:147,0
DA:153,0
DA:154,0
DA:162,0
DA:163,0
DA:164,0
DA:170,0
DA:177,0
DA:180,0
DA:182,0
DA:183,0
DA:185,0
DA:186,0
DA:188,0
DA:189,0
DA:191,0
DA:192,0
DA:196,0
DA:197,0
DA:198,0
DA:199,0
DA:200,0
DA:201,0
DA:202,0
DA:205,0
DA:218,0
DA:219,0
DA:235,0
DA:248,0
DA:249,0
DA:251,0
DA:252,0
DA:253,0
DA:255,0
DA:259,0
DA:268,0
DA:269,0
DA:276,0
DA:278,0
DA:280,0
DA:282,0
DA:284,0
DA:286,0
LF:85
LH:0
BRDA:31,0,0,0
BRDA:35,1,0,0
BRDA:35,1,1,0
BRDA:35,1,2,0
BRDA:35,1,3,0
BRDA:61,2,0,0
BRDA:70,3,0,0
BRDA:70,3,1,0
BRDA:70,4,0,0
BRDA:70,4,1,0
BRDA:77,5,0,0
BRDA:77,5,1,0
BRDA:77,6,0,0
BRDA:77,6,1,0
BRDA:79,7,0,0
BRDA:79,7,1,0
BRDA:112,8,0,0
BRDA:112,8,1,0
BRDA:120,9,0,0
BRDA:120,9,1,0
BRDA:128,10,0,0
BRDA:128,10,1,0
BRDA:129,11,0,0
BRDA:129,11,1,0
BRDA:137,12,0,0
BRDA:137,12,1,0
BRDA:145,13,0,0
BRDA:145,13,1,0
BRDA:146,14,0,0
BRDA:146,14,1,0
BRDA:146,15,0,0
BRDA:146,15,1,0
BRDA:153,16,0,0
BRDA:153,16,1,0
BRDA:163,17,0,0
BRDA:163,17,1,0
BRDA:180,18,0,0
BRDA:180,18,1,0
BRDA:180,18,2,0
BRDA:180,18,3,0
BRDA:182,19,0,0
BRDA:182,19,1,0
BRDA:185,20,0,0
BRDA:185,20,1,0
BRDA:188,21,0,0
BRDA:188,21,1,0
BRDA:191,22,0,0
BRDA:191,22,1,0
BRDA:196,23,0,0
BRDA:196,23,1,0
BRDA:198,24,0,0
BRDA:198,24,1,0
BRDA:198,25,0,0
BRDA:198,25,1,0
BRDA:200,26,0,0
BRDA:200,26,1,0
BRDA:200,27,0,0
BRDA:200,27,1,0
BRDA:252,28,0,0
BRDA:252,28,1,0
BRDA:269,29,0,0
BRDA:269,29,1,0
BRDA:276,30,0,0
BRDA:276,30,1,0
BRDA:276,30,2,0
BRDA:276,30,3,0
BRDA:276,30,4,0
BRF:67
BRH:0
end_of_record
TN:
SF:src/utils/sessionManager.ts
FN:32,(anonymous_0)
FN:43,(anonymous_1)
FN:56,(anonymous_2)
FN:61,(anonymous_3)
FN:69,(anonymous_4)
FN:80,(anonymous_5)
FN:94,(anonymous_6)
FN:102,(anonymous_7)
FN:125,(anonymous_8)
FN:150,(anonymous_9)
FN:168,(anonymous_10)
FN:180,(anonymous_11)
FN:200,(anonymous_12)
FN:207,(anonymous_13)
FN:220,(anonymous_14)
FN:231,(anonymous_15)
FNF:16
FNH:0
FNDA:0,(anonymous_0)
FNDA:0,(anonymous_1)
FNDA:0,(anonymous_2)
FNDA:0,(anonymous_3)
FNDA:0,(anonymous_4)
FNDA:0,(anonymous_5)
FNDA:0,(anonymous_6)
FNDA:0,(anonymous_7)
FNDA:0,(anonymous_8)
FNDA:0,(anonymous_9)
FNDA:0,(anonymous_10)
FNDA:0,(anonymous_11)
FNDA:0,(anonymous_12)
FNDA:0,(anonymous_13)
FNDA:0,(anonymous_14)
FNDA:0,(anonymous_15)
DA:7,0
DA:8,0
DA:9,0
DA:12,0
DA:13,0
DA:27,0
DA:30,0
DA:33,0
DA:34,0
DA:35,0
DA:36,0
DA:37,0
DA:45,0
DA:48,0
DA:50,0
DA:57,0
DA:58,0
DA:61,0
DA:62,0
DA:70,0
DA:71,0
DA:72,0
DA:74,0
DA:81,0
DA:82,0
DA:85,0
DA:86,0
DA:87,0
DA:95,0
DA:96,0
DA:103,0
DA:104,0
DA:105,0
DA:108,0
DA:109,0
DA:110,0
DA:111,0
DA:115,0
DA:116,0
DA:117,0
DA:118,0
DA:126,0
DA:129,0
DA:132,0
DA:135,0
DA:136,0
DA:139,0
DA:151,0
DA:152,0
DA:155,0
DA:158,0
DA:159,0
DA:162,0
DA:169,0
DA:181,0
DA:183,0
DA:186,0
DA:191,0
DA:193,0
DA:201,0
DA:208,0
DA:209,0
DA:213,0
DA:214,0
DA:221,0
DA:222,0
DA:223,0
DA:224,0
DA:225,0
DA:232,0
DA:233,0
DA:238,0
LF:72
LH:0
BRDA:33,0,0,0
BRDA:33,0,1,0
BRDA:34,1,0,0
BRDA:34,1,1,0
BRDA:35,2,0,0
BRDA:35,2,1,0
BRDA:57,3,0,0
BRDA:57,3,1,0
BRDA:70,4,0,0
BRDA:70,4,1,0
BRDA:85,5,0,0
BRDA:85,5,1,0
BRDA:96,6,0,0
BRDA:96,6,1,0
BRDA:108,7,0,0
BRDA:108,7,1,0
BRDA:116,8,0,0
BRDA:116,8,1,0
BRDA:116,9,0,0
BRDA:116,9,1,0
BRDA:135,10,0,0
BRDA:135,10,1,0
BRDA:158,11,0,0
BRDA:158,11,1,0
BRDA:164,12,0,0
BRDA:164,12,1,0
BRF:26
BRH:0
end_of_record
TN:
SF:src/utils/socialAuth.ts
FN:10,(anonymous_0)
FN:23,(anonymous_1)
FN:37,(anonymous_2)
FN:106,(anonymous_3)
FN:185,(anonymous_4)
FN:196,(anonymous_5)
FN:212,(anonymous_6)
FNF:7
FNH:0
FNDA:0,(anonymous_0)
FNDA:0,(anonymous_1)
FNDA:0,(anonymous_2)
FNDA:0,(anonymous_3)
FNDA:0,(anonymous_4)
FNDA:0,(anonymous_5)
FNDA:0,(anonymous_6)
DA:10,0
DA:11,0
DA:23,0
DA:24,0
DA:26,0
DA:27,0
DA:29,0
DA:30,0
DA:37,0
DA:43,0
DA:45,0
DA:48,0
DA:50,0
DA:51,0
DA:58,0
DA:63,0
DA:64,0
DA:70,0
DA:76,0
DA:79,0
DA:80,0
DA:84,0
DA:85,0
DA:89,0
DA:90,0
DA:96,0
DA:106,0
DA:112,0
DA:114,0
DA:115,0
DA:116,0
DA:123,0
DA:130,0
DA:131,0
DA:138,0
DA:143,0
DA:144,0
DA:151,0
DA:152,0
DA:153,0
DA:159,0
DA:165,0
DA:168,0
DA:169,0
DA:175,0
DA:185,0
DA:186,0
DA:187,0
DA:189,0
DA:196,0
DA:197,0
DA:198,0
DA:199,0
DA:200,0
DA:202,0
DA:204,0
DA:205,0
DA:212,0
DA:213,0
DA:214,0
DA:216,0
LF:61
LH:0
BRDA:13,0,0,0
BRDA:13,0,1,0
BRDA:15,1,0,0
BRDA:15,1,1,0
BRDA:24,2,0,0
BRDA:24,2,1,0
BRDA:50,3,0,0
BRDA:50,3,1,0
BRDA:63,4,0,0
BRDA:63,4,1,0
BRDA:79,5,0,0
BRDA:79,5,1,0
BRDA:84,6,0,0
BRDA:84,6,1,0
BRDA:89,7,0,0
BRDA:89,7,1,0
BRDA:98,8,0,0
BRDA:98,8,1,0
BRDA:115,9,0,0
BRDA:115,9,1,0
BRDA:130,10,0,0
BRDA:130,10,1,0
BRDA:143,11,0,0
BRDA:143,11,1,0
BRDA:152,12,0,0
BRDA:152,12,1,0
BRDA:154,13,0,0
BRDA:154,13,1,0
BRDA:155,14,0,0
BRDA:155,14,1,0
BRDA:168,15,0,0
BRDA:168,15,1,0
BRDA:177,16,0,0
BRDA:177,16,1,0
BRDA:199,17,0,0
BRDA:199,17,1,0
BRF:36
BRH:0
end_of_record
TN:
SF:src/utils/socialSharing.ts
FN:20,(anonymous_0)
FN:65,(anonymous_1)
FN:105,(anonymous_2)
FN:137,(anonymous_3)
FN:169,(anonymous_4)
FN:208,(anonymous_5)
FN:249,(anonymous_6)
FN:282,(anonymous_7)
FN:312,(anonymous_8)
FNF:9
FNH:0
FNDA:0,(anonymous_0)
FNDA:0,(anonymous_1)
FNDA:0,(anonymous_2)
FNDA:0,(anonymous_3)
FNDA:0,(anonymous_4)
FNDA:0,(anonymous_5)
FNDA:0,(anonymous_6)
FNDA:0,(anonymous_7)
FNDA:0,(anonymous_8)
DA:20,0
DA:24,0
DA:25,0
DA:30,0
DA:31,0
DA:35,0
DA:36,0
DA:40,0
DA:41,0
DA:44,0
DA:48,0
DA:49,0
DA:50,0
DA:51,0
DA:54,0
DA:56,0
DA:57,0
DA:58,0
DA:65,0
DA:69,0
DA:71,0
DA:72,0
DA:73,0
DA:74,0
DA:78,0
DA:79,0
DA:81,0
DA:82,0
DA:86,0
DA:92,0
DA:94,0
DA:96,0
DA:97,0
DA:98,0
DA:105,0
DA:106,0
DA:107,0
DA:108,0
DA:110,0
DA:112,0
DA:113,0
DA:116,0
DA:119,0
DA:120,0
DA:121,0
DA:122,0
DA:124,0
DA:125,0
DA:128,0
DA:129,0
DA:130,0
DA:137,0
DA:138,0
DA:139,0
DA:140,0
DA:141,0
DA:144,0
DA:145,0
DA:146,0
DA:147,0
DA:151,0
DA:152,0
DA:153,0
DA:154,0
DA:157,0
DA:158,0
DA:160,0
DA:161,0
DA:162,0
DA:169,0
DA:170,0
DA:171,0
DA:172,0
DA:174,0
DA:175,0
DA:177,0
DA:178,0
DA:179,0
DA:183,0
DA:184,0
DA:185,0
DA:186,0
DA:190,0
DA:191,0
DA:192,0
DA:193,0
DA:196,0
DA:197,0
DA:199,0
DA:200,0
DA:201,0
DA:208,0
DA:209,0
DA:211,0
DA:212,0
DA:214,0
DA:215,0
DA:219,0
DA:221,0
DA:222,0
DA:225,0
DA:232,0
DA:234,0
DA:236,0
DA:237,0
DA:240,0
DA:241,0
DA:242,0
DA:249,0
DA:250,0
DA:251,0
DA:252,0
DA:254,0
DA:255,0
DA:259,0
DA:264,0
DA:265,0
DA:266,0
DA:267,0
DA:269,0
DA:270,0
DA:273,0
DA:274,0
DA:275,0
DA:282,0
DA:287,0
DA:288,0
DA:289,0
DA:290,0
DA:292,0
DA:294,0
DA:295,0
DA:296,0
DA:297,0
DA:299,0
DA:300,0
DA:303,0
DA:304,0
DA:305,0
DA:312,0
DA:313,0
DA:314,0
DA:315,0
DA:316,0
DA:317,0
DA:319,0
DA:320,0
DA:321,0
LF:148
LH:0
BRDA:30,0,0,0
BRDA:30,0,1,0
BRDA:30,1,0,0
BRDA:30,1,1,0
BRDA:35,2,0,0
BRDA:35,2,1,0
BRDA:40,3,0,0
BRDA:40,3,1,0
BRDA:45,4,0,0
BRDA:45,4,1,0
BRDA:48,5,0,0
BRDA:48,5,1,0
BRDA:50,6,0,0
BRDA:50,6,1,0
BRDA:72,7,0,0
BRDA:72,7,1,0
BRDA:81,8,0,0
BRDA:81,8,1,0
BRDA:87,9,0,0
BRDA:87,9,1,0
BRDA:110,10,0,0
BRDA:110,10,1,0
BRDA:120,11,0,0
BRDA:120,11,1,0
BRDA:145,12,0,0
BRDA:145,12,1,0
BRDA:152,13,0,0
BRDA:152,13,1,0
BRDA:172,14,0,0
BRDA:172,14,1,0
BRDA:177,15,0,0
BRDA:177,15,1,0
BRDA:184,16,0,0
BRDA:184,16,1,0
BRDA:191,17,0,0
BRDA:191,17,1,0
BRDA:214,18,0,0
BRDA:214,18,1,0
BRDA:222,19,0,0
BRDA:222,19,1,0
BRDA:254,20,0,0
BRDA:254,20,1,0
BRDA:255,21,0,0
BRDA:255,21,1,0
BRDA:259,22,0,0
BRDA:259,22,1,0
BRDA:265,23,0,0
BRDA:265,23,1,0
BRDA:290,24,0,0
BRDA:290,24,1,0
BRDA:295,25,0,0
BRDA:295,25,1,0
BRF:52
BRH:0
end_of_record
TN:
SF:src/utils/twoFactorAuth.ts
FN:13,(anonymous_0)
FN:26,(anonymous_1)
FN:39,(anonymous_2)
FN:52,(anonymous_3)
FN:65,(anonymous_4)
FN:101,(anonymous_5)
FN:136,(anonymous_6)
FN:181,(anonymous_7)
FN:194,(anonymous_8)
FN:206,(anonymous_9)
FN:219,(anonymous_10)
FN:229,(anonymous_11)
FN:239,(anonymous_12)
FN:261,(anonymous_13)
FNF:14
FNH:0
FNDA:0,(anonymous_0)
FNDA:0,(anonymous_1)
FNDA:0,(anonymous_2)
FNDA:0,(anonymous_3)
FNDA:0,(anonymous_4)
FNDA:0,(anonymous_5)
FNDA:0,(anonymous_6)
FNDA:0,(anonymous_7)
FNDA:0,(anonymous_8)
FNDA:0,(anonymous_9)
FNDA:0,(anonymous_10)
FNDA:0,(anonymous_11)
FNDA:0,(anonymous_12)
FNDA:0,(anonymous_13)
DA:4,0
DA:5,0
DA:6,0
DA:13,0
DA:14,0
DA:15,0
DA:16,0
DA:18,0
DA:19,0
DA:26,0
DA:27,0
DA:28,0
DA:29,0
DA:31,0
DA:32,0
DA:39,0
DA:40,0
DA:41,0
DA:42,0
DA:44,0
DA:45,0
DA:52,0
DA:53,0
DA:54,0
DA:55,0
DA:57,0
DA:58,0
DA:65,0
DA:71,0
DA:73,0
DA:80,0
DA:81,0
DA:87,0
DA:89,0
DA:90,0
DA:101,0
DA:107,0
DA:109,0
DA:116,0
DA:117,0
DA:123,0
DA:125,0
DA:126,0
DA:136,0
DA:144,0
DA:147,0
DA:148,0
DA:154,0
DA:161,0
DA:162,0
DA:168,0
DA:170,0
DA:171,0
DA:181,0
DA:182,0
DA:183,0
DA:184,0
DA:186,0
DA:187,0
DA:194,0
DA:195,0
DA:196,0
DA:198,0
DA:199,0
DA:206,0
DA:207,0
DA:208,0
DA:210,0
DA:211,0
DA:219,0
DA:220,0
DA:226,0
DA:227,0
DA:229,0
DA:230,0
DA:231,0
DA:232,0
DA:233,0
DA:235,0
DA:239,0
DA:240,0
DA:241,0
DA:242,0
DA:244,0
DA:246,0
DA:247,0
DA:249,0
DA:250,0
DA:251,0
DA:254,0
DA:256,0
DA:257,0
DA:261,0
DA:262,0
DA:263,0
DA:264,0
DA:266,0
LF:97
LH:0
BRDA:29,0,0,0
BRDA:29,0,1,0
BRDA:80,1,0,0
BRDA:80,1,1,0
BRDA:92,2,0,0
BRDA:92,2,1,0
BRDA:116,3,0,0
BRDA:116,3,1,0
BRDA:128,4,0,0
BRDA:128,4,1,0
BRDA:147,5,0,0
BRDA:147,5,1,0
BRDA:161,6,0,0
BRDA:161,6,1,0
BRDA:173,7,0,0
BRDA:173,7,1,0
BRDA:244,8,0,0
BRDA:244,8,1,0
BRDA:244,9,0,0
BRDA:244,9,1,0
BRDA:247,10,0,0
BRDA:247,10,1,0
BRF:22
BRH:0
end_of_record
